{"uid":"22cf53198374faf1","name":"User should not be able to create project without name","fullName":"com.teamcity.ui.CreateProjectTest.userCreatesProjectWithoutName","historyId":"6b1c513f4ab4e53278e3ea68410e5d62","time":{"start":1758223117659,"stop":1758223160717,"duration":43058},"status":"skipped","statusMessage":"Test can be run on chrome browser(s) only, but configured browser is: firefox. Skipping test: userCreatesProjectWithoutName","statusTrace":"org.testng.SkipException: Test can be run on chrome browser(s) only, but configured browser is: firefox. Skipping test: userCreatesProjectWithoutName\n\tat com.teamcity.ui.listeners.BrowserTestListener.beforeInvocation(BrowserTestListener.java:46)\n\tat org.testng.internal.invokers.InvokedMethodListenerInvoker.invokeListener(InvokedMethodListenerInvoker.java:55)\n\tat org.testng.internal.invokers.BaseInvoker.runInvokedMethodListeners(BaseInvoker.java:82)\n\tat org.testng.internal.invokers.TestInvoker.invokeMethod(TestInvoker.java:651)\n\tat org.testng.internal.invokers.TestInvoker.invokeTestMethod(TestInvoker.java:230)\n\tat org.testng.internal.invokers.MethodRunner.runInSequence(MethodRunner.java:63)\n\tat org.testng.internal.invokers.TestInvoker$MethodInvocationAgent.invoke(TestInvoker.java:992)\n\tat org.testng.internal.invokers.TestInvoker.invokeTestMethods(TestInvoker.java:203)\n\tat org.testng.internal.invokers.TestMethodWorker.invokeTestMethods(TestMethodWorker.java:154)\n\tat org.testng.internal.invokers.TestMethodWorker.run(TestMethodWorker.java:134)\n\tat java.base/java.util.concurrent.Executors$RunnableAdapter.call(Executors.java:572)\n\tat java.base/java.util.concurrent.FutureTask.run(FutureTask.java:317)\n\tat org.testng.internal.thread.graph.TestNGFutureTask.run(TestNGFutureTask.java:22)\n\tat java.base/java.util.concurrent.ThreadPoolExecutor.runWorker(ThreadPoolExecutor.java:1144)\n\tat java.base/java.util.concurrent.ThreadPoolExecutor$Worker.run(ThreadPoolExecutor.java:642)\n\tat java.base/java.lang.Thread.run(Thread.java:1583)\n","flaky":false,"newFailed":false,"newBroken":false,"newPassed":false,"retriesCount":0,"retriesStatusChange":false,"beforeStages":[{"name":"generateBaseTestData","time":{"start":1758223117381,"stop":1758223117442,"duration":61},"description":"","status":"passed","steps":[],"attachments":[],"parameters":[],"shouldDisplayMessage":false,"stepsCount":0,"attachmentsCount":0,"hasContent":false,"attachmentStep":false}],"testStage":{"status":"skipped","statusMessage":"Test can be run on chrome browser(s) only, but configured browser is: firefox. Skipping test: userCreatesProjectWithoutName","statusTrace":"org.testng.SkipException: Test can be run on chrome browser(s) only, but configured browser is: firefox. Skipping test: userCreatesProjectWithoutName\n\tat com.teamcity.ui.listeners.BrowserTestListener.beforeInvocation(BrowserTestListener.java:46)\n\tat org.testng.internal.invokers.InvokedMethodListenerInvoker.invokeListener(InvokedMethodListenerInvoker.java:55)\n\tat org.testng.internal.invokers.BaseInvoker.runInvokedMethodListeners(BaseInvoker.java:82)\n\tat org.testng.internal.invokers.TestInvoker.invokeMethod(TestInvoker.java:651)\n\tat org.testng.internal.invokers.TestInvoker.invokeTestMethod(TestInvoker.java:230)\n\tat org.testng.internal.invokers.MethodRunner.runInSequence(MethodRunner.java:63)\n\tat org.testng.internal.invokers.TestInvoker$MethodInvocationAgent.invoke(TestInvoker.java:992)\n\tat org.testng.internal.invokers.TestInvoker.invokeTestMethods(TestInvoker.java:203)\n\tat org.testng.internal.invokers.TestMethodWorker.invokeTestMethods(TestMethodWorker.java:154)\n\tat org.testng.internal.invokers.TestMethodWorker.run(TestMethodWorker.java:134)\n\tat java.base/java.util.concurrent.Executors$RunnableAdapter.call(Executors.java:572)\n\tat java.base/java.util.concurrent.FutureTask.run(FutureTask.java:317)\n\tat org.testng.internal.thread.graph.TestNGFutureTask.run(TestNGFutureTask.java:22)\n\tat java.base/java.util.concurrent.ThreadPoolExecutor.runWorker(ThreadPoolExecutor.java:1144)\n\tat java.base/java.util.concurrent.ThreadPoolExecutor$Worker.run(ThreadPoolExecutor.java:642)\n\tat java.base/java.lang.Thread.run(Thread.java:1583)\n","steps":[{"name":"Creating new user: test_JDCGWKmsiA","time":{"start":1758223117686,"stop":1758223121638,"duration":3952},"status":"passed","steps":[{"name":"Create User(id=null, username=test_JDCGWKmsiA, email=test_grlUufrGun, password=test_fusJVlKeRh, roles=Roles(role=[Role(roleId=SYSTEM_ADMIN, scope=g)]))","time":{"start":1758223117686,"stop":1758223121487,"duration":3801},"status":"passed","steps":[],"attachments":[{"uid":"ce79f41544615578","name":"Request","source":"ce79f41544615578.html","type":"text/html","size":1443},{"uid":"bdef03598e6e9ff8","name":"HTTP/1.1 200 ","source":"bdef03598e6e9ff8.html","type":"text/html","size":2140}],"parameters":[{"name":"model","value":"User(id=null, username=test_JDCGWKmsiA, email=test_grlUufrGun, password=test_fusJVlKeRh, roles=Roles(role=[Role(roleId=SYSTEM_ADMIN, scope=g)]))"}],"shouldDisplayMessage":false,"stepsCount":0,"attachmentsCount":2,"hasContent":true,"attachmentStep":false}],"attachments":[],"parameters":[{"name":"user","value":"User(id=null, username=test_JDCGWKmsiA, email=test_grlUufrGun, password=test_fusJVlKeRh, roles=Roles(role=[Role(roleId=SYSTEM_ADMIN, scope=g)]))"}],"shouldDisplayMessage":false,"stepsCount":1,"attachmentsCount":2,"hasContent":true,"attachmentStep":false},{"name":"Open login page","time":{"start":1758223121642,"stop":1758223130567,"duration":8925},"status":"passed","steps":[],"attachments":[],"parameters":[],"shouldDisplayMessage":false,"stepsCount":0,"attachmentsCount":0,"hasContent":false,"attachmentStep":false},{"name":"Login as test_JDCGWKmsiA","time":{"start":1758223130567,"stop":1758223160651,"duration":30084},"status":"passed","steps":[],"attachments":[],"parameters":[{"name":"user","value":"User(id=null, username=test_JDCGWKmsiA, email=test_grlUufrGun, password=test_fusJVlKeRh, roles=Roles(role=[Role(roleId=SYSTEM_ADMIN, scope=g)]))"}],"shouldDisplayMessage":false,"stepsCount":0,"attachmentsCount":0,"hasContent":true,"attachmentStep":false}],"attachments":[],"parameters":[],"shouldDisplayMessage":true,"stepsCount":4,"attachmentsCount":2,"hasContent":true,"attachmentStep":false},"afterStages":[{"name":"closeWebDriver","time":{"start":1758223160788,"stop":1758223162088,"duration":1300},"description":"","status":"passed","steps":[],"attachments":[],"parameters":[],"shouldDisplayMessage":false,"stepsCount":0,"attachmentsCount":0,"hasContent":false,"attachmentStep":false},{"name":"deleteCreatedEntities","time":{"start":1758223162093,"stop":1758223162516,"duration":423},"description":"","status":"passed","steps":[{"name":"Delete 1","time":{"start":1758223162097,"stop":1758223162516,"duration":419},"status":"passed","steps":[],"attachments":[{"uid":"86dd7325a660eff6","name":"Request","source":"86dd7325a660eff6.html","type":"text/html","size":564},{"uid":"caa9616a8e2d52ee","name":"HTTP/1.1 204 ","source":"caa9616a8e2d52ee.html","type":"text/html","size":478}],"parameters":[{"name":"id","value":"1"}],"shouldDisplayMessage":false,"stepsCount":0,"attachmentsCount":2,"hasContent":true,"attachmentStep":false}],"attachments":[],"parameters":[],"shouldDisplayMessage":false,"stepsCount":1,"attachmentsCount":2,"hasContent":true,"attachmentStep":false}],"labels":[{"name":"package","value":"com.teamcity.ui.CreateProjectTest"},{"name":"testClass","value":"com.teamcity.ui.CreateProjectTest"},{"name":"testMethod","value":"userCreatesProjectWithoutName"},{"name":"parentSuite","value":"UI tests"},{"name":"suite","value":"UI tests"},{"name":"subSuite","value":"com.teamcity.ui.CreateProjectTest"},{"name":"host","value":"runnervmf4ws1"},{"name":"thread","value":"5669@runnervmf4ws1.TestNG-test-UI tests-2(30)"},{"name":"framework","value":"testng"},{"name":"language","value":"java"},{"name":"feature","value":"Project"},{"name":"resultFormat","value":"allure2"}],"parameters":[{"name":"arg0","value":"firefox"}],"links":[],"hidden":false,"retry":false,"extra":{"severity":"normal","retries":[],"categories":[],"history":{"statistic":{"failed":5,"broken":1,"skipped":7,"passed":20,"unknown":0,"total":33},"items":[{"uid":"f52982e46dc737b9","status":"skipped","statusDetails":"Test can be run on chrome browser(s) only, but configured browser is: firefox. Skipping test: userCreatesProjectWithoutName","time":{"start":1758222177658,"stop":1758222220459,"duration":42801}},{"uid":"f3c3e7b5c71d4586","status":"skipped","statusDetails":"Test can be run on chrome browser(s) only, but configured browser is: firefox. Skipping test: userCreatesProjectWithoutName","time":{"start":1758220923551,"stop":1758220968462,"duration":44911}},{"uid":"f3416b3c1da94ed6","status":"skipped","statusDetails":"Test can be run on chrome browser(s) only, but configured browser is: firefox. Skipping test: userCreatesProjectWithoutName","time":{"start":1758213996780,"stop":1758213996826,"duration":46}},{"uid":"bfb498ec8b6f0fdd","status":"skipped","statusDetails":"Test can be run on chrome browser(s) only, but configured browser is: firefox. Skipping test: userCreatesProjectWithoutName","time":{"start":1758212631188,"stop":1758212631273,"duration":85}},{"uid":"b1d1e40827ac1a6a","status":"skipped","statusDetails":"Test can be run on chrome browser(s) only, but configured browser is: firefox. Skipping test: userCreatesProjectWithoutName","time":{"start":1758212631188,"stop":1758212631273,"duration":85}},{"uid":"b771d56191ed6488","status":"skipped","statusDetails":"Test can be run on chrome browser only, but configured browser is: firefox","time":{"start":1758206365078,"stop":1758206365142,"duration":64}},{"uid":"f841f2602bc57fe5","status":"passed","time":{"start":1758205767557,"stop":1758205835623,"duration":68066}},{"uid":"a5b6bebe42b17fb8","status":"failed","statusDetails":"Element not found {.saveButtonsBlock > .submitButton}\nExpected: visible\nScreenshot: file:/home/runner/work/w1/w1/target/reports/tests/1758147871746.4.png\nPage source: file:/home/runner/work/w1/w1/target/reports/tests/1758147871746.4.html\nTimeout: 30 s.\nCaused by: NoSuchElementException: Unable to locate element: .saveButtonsBlock > .submitButton","time":{"start":1758147834843,"stop":1758147871950,"duration":37107}},{"uid":"5bfc6e804adb6724","status":"failed","statusDetails":"Element not found {.saveButtonsBlock > .submitButton}\nExpected: visible\nScreenshot: file:/home/runner/work/w1/w1/target/reports/tests/1758144831535.4.png\nPage source: file:/home/runner/work/w1/w1/target/reports/tests/1758144831535.4.html\nTimeout: 30 s.\nCaused by: NoSuchElementException: Unable to locate element: .saveButtonsBlock > .submitButton","time":{"start":1758144794353,"stop":1758144831629,"duration":37276}},{"uid":"553f5694fc35d74d","status":"failed","statusDetails":"Element not found {.saveButtonsBlock > .submitButton}\nExpected: visible\nScreenshot: file:/home/runner/work/w1/w1/target/reports/tests/1758144831535.4.png\nPage source: file:/home/runner/work/w1/w1/target/reports/tests/1758144831535.4.html\nTimeout: 30 s.\nCaused by: NoSuchElementException: Unable to locate element: .saveButtonsBlock > .submitButton","time":{"start":1758144794353,"stop":1758144831629,"duration":37276}},{"uid":"ff51f384281dd9e1","status":"failed","statusDetails":"Element not found {.saveButtonsBlock > .submitButton}\nExpected: visible\nScreenshot: file:/home/runner/work/w1/w1/target/reports/tests/1758144793590.3.png\nPage source: file:/home/runner/work/w1/w1/target/reports/tests/1758144793590.3.html\nTimeout: 30 s.\nCaused by: NoSuchElementException: Unable to locate element: .saveButtonsBlock > .submitButton","time":{"start":1758144756561,"stop":1758144793695,"duration":37134}},{"uid":"5d1fa8e4be95b043","status":"failed","statusDetails":"Element not found {.saveButtonsBlock > .submitButton}\nExpected: visible\nScreenshot: file:/home/runner/work/w1/w1/target/reports/tests/1758144757763.3.png\nPage source: file:/home/runner/work/w1/w1/target/reports/tests/1758144757763.3.html\nTimeout: 30 s.\nCaused by: NoSuchElementException: Unable to locate element: .saveButtonsBlock > .submitButton","time":{"start":1758144720346,"stop":1758144757854,"duration":37508}},{"uid":"75e6aa0d0b76cc7","status":"broken","statusDetails":"Failed to create new instance of class com.teamcity.ui.pages.admin.CreateProjectPage","time":{"start":1758142719294,"stop":1758142756299,"duration":37005}},{"uid":"e054156b8204f989","status":"passed","time":{"start":1758142520665,"stop":1758142580701,"duration":60036}},{"uid":"31aee1c85a8a8c9c","status":"passed","time":{"start":1758140800412,"stop":1758140828144,"duration":27732}},{"uid":"3260bc3b4180b28f","status":"passed","time":{"start":1758139972966,"stop":1758139993498,"duration":20532}},{"uid":"d5b8edd8e1f16e27","status":"passed","time":{"start":1758138991256,"stop":1758139009756,"duration":18500}},{"uid":"3ff5ec8a72f44ab4","status":"passed","time":{"start":1758072372314,"stop":1758072392483,"duration":20169}},{"uid":"850c61a78f311f2f","status":"passed","time":{"start":1758070942324,"stop":1758070987031,"duration":44707}},{"uid":"9d5959c098ed75ce","status":"passed","time":{"start":1756236955740,"stop":1756237020132,"duration":64392}}]},"tags":[]},"source":"22cf53198374faf1.json","parameterValues":["firefox"]}