{"uid":"38ceeb6b8576334c","name":"User should be able to create build type step and start build","fullName":"com.teamcity.ui.StartBuildTest.userCreatesBuildTypeStepAndStartsBuildTest","historyId":"60c03d25eafa38c80385ee947ad3804c","time":{"start":1758144835290,"stop":1758144869981,"duration":34691},"status":"failed","statusMessage":"Element not found {[data-test~='runner-item-filter']}\nExpected: visible\nScreenshot: file:/home/runner/work/w1/w1/target/reports/tests/1758144869880.9.png\nPage source: file:/home/runner/work/w1/w1/target/reports/tests/1758144869880.9.html\nTimeout: 30 s.\nCaused by: NoSuchElementException: Unable to locate element: [data-test~='runner-item-filter']","statusTrace":"Element not found {[data-test~='runner-item-filter']}\nExpected: visible\nScreenshot: file:/home/runner/work/w1/w1/target/reports/tests/1758144869880.9.png\nPage source: file:/home/runner/work/w1/w1/target/reports/tests/1758144869880.9.html\nTimeout: 30 s.\nCaused by: NoSuchElementException: Unable to locate element: [data-test~='runner-item-filter']\n\tat com.codeborne.selenide.impl.WebElementSource.createElementNotFoundError(WebElementSource.java:90)\n\tat com.codeborne.selenide.impl.ElementFinder.createElementNotFoundError(ElementFinder.java:142)\n\tat com.codeborne.selenide.impl.WebElementSource.handleError(WebElementSource.java:142)\n\tat com.codeborne.selenide.impl.WebElementSource.checkConditionAndReturnElement(WebElementSource.java:126)\n\tat com.codeborne.selenide.impl.WebElementSource.checkCondition(WebElementSource.java:103)\n\tat com.codeborne.selenide.commands.Should.execute(Should.java:30)\n\tat com.codeborne.selenide.commands.Should.execute(Should.java:14)\n\tat com.codeborne.selenide.commands.Commands.execute(Commands.java:162)\n\tat com.codeborne.selenide.impl.SelenideElementProxy.dispatchAndRetry(SelenideElementProxy.java:134)\n\tat com.codeborne.selenide.impl.SelenideElementProxy.invoke(SelenideElementProxy.java:86)\n\tat jdk.proxy2/jdk.proxy2.$Proxy57.shouldBe(Unknown Source)\n\tat com.teamcity.ui.pages.admin.CreateBuildTypeStepPage.createCommandLineBuildStep(CreateBuildTypeStepPage.java:39)\n\tat com.teamcity.ui.StartBuildTest.lambda$userCreatesBuildTypeStepAndStartsBuildTest$1(StartBuildTest.java:32)\n\tat io.qameta.allure.Allure.lambda$step$0(Allure.java:113)\n\tat io.qameta.allure.Allure.lambda$step$1(Allure.java:127)\n\tat io.qameta.allure.Allure.step(Allure.java:181)\n\tat io.qameta.allure.Allure.step(Allure.java:125)\n\tat io.qameta.allure.Allure.step(Allure.java:112)\n\tat com.teamcity.ui.StartBuildTest.userCreatesBuildTypeStepAndStartsBuildTest(StartBuildTest.java:30)\n\tat java.base/jdk.internal.reflect.DirectMethodHandleAccessor.invoke(DirectMethodHandleAccessor.java:103)\n\tat java.base/java.lang.reflect.Method.invoke(Method.java:580)\n\tat org.testng.internal.invokers.MethodInvocationHelper.invokeMethod(MethodInvocationHelper.java:141)\n\tat org.testng.internal.invokers.MethodInvocationHelper$1.runTestMethod(MethodInvocationHelper.java:260)\n\tat com.teamcity.BaseTest.run(BaseTest.java:52)\n\tat org.testng.internal.invokers.MethodInvocationHelper.invokeHookable(MethodInvocationHelper.java:274)\n\tat org.testng.internal.invokers.TestInvoker.invokeMethod(TestInvoker.java:678)\n\tat org.testng.internal.invokers.TestInvoker.retryFailed(TestInvoker.java:269)\n\tat org.testng.internal.invokers.MethodRunner.runInSequence(MethodRunner.java:76)\n\tat org.testng.internal.invokers.TestInvoker$MethodInvocationAgent.invoke(TestInvoker.java:992)\n\tat org.testng.internal.invokers.TestInvoker.invokeTestMethods(TestInvoker.java:203)\n\tat org.testng.internal.invokers.TestMethodWorker.invokeTestMethods(TestMethodWorker.java:154)\n\tat org.testng.internal.invokers.TestMethodWorker.run(TestMethodWorker.java:134)\n\tat java.base/java.util.concurrent.Executors$RunnableAdapter.call(Executors.java:572)\n\tat java.base/java.util.concurrent.FutureTask.run(FutureTask.java:317)\n\tat org.testng.internal.thread.graph.TestNGFutureTask.run(TestNGFutureTask.java:22)\n\tat java.base/java.util.concurrent.ThreadPoolExecutor.runWorker(ThreadPoolExecutor.java:1144)\n\tat java.base/java.util.concurrent.ThreadPoolExecutor$Worker.run(ThreadPoolExecutor.java:642)\n\tat java.base/java.lang.Thread.run(Thread.java:1583)\nCaused by: org.openqa.selenium.NoSuchElementException: Unable to locate element: [data-test~='runner-item-filter']\nFor documentation on this error, please visit: https://www.selenium.dev/documentation/webdriver/troubleshooting/errors#no-such-element-exception\nBuild info: version: '4.24.0', revision: '748ffc9bc3'\nSystem info: os.name: 'Linux', os.arch: 'amd64', os.version: '6.11.0-1018-azure', java.version: '21.0.8'\nDriver info: org.openqa.selenium.remote.RemoteWebDriver\nCommand: [ce0ca78a-1813-4e36-85b1-9f3b64b6a676, findElement {using=css selector, value=[data-test~='runner-item-filter']}]\nCapabilities {acceptInsecureCerts: true, browserName: firefox, browserVersion: 125.0.2, moz:accessibilityChecks: false, moz:buildID: 20240419144423, moz:debuggerAddress: 127.0.0.1:9222, moz:geckodriverVersion: 0.34.0, moz:headless: false, moz:platformVersion: 6.11.0-1018-azure, moz:processID: 75, moz:profile: /tmp/rust_mozprofile1gl7ee, moz:shutdownTimeout: 60000, moz:webdriverClick: true, moz:windowless: false, pageLoadStrategy: normal, platformName: linux, proxy: Proxy(), se:cdp: ws://localhost:4444/devtool..., se:cdpVersion: 125.0.2, setWindowRect: true, strictFileInteractability: false, timeouts: {implicit: 0, pageLoad: 300000, script: 30000}, unhandledPromptBehavior: accept, userAgent: Mozilla/5.0 (X11; Ubuntu; L...}\nSession ID: ce0ca78a-1813-4e36-85b1-9f3b64b6a676\n\tat java.base/jdk.internal.reflect.DirectConstructorHandleAccessor.newInstance(DirectConstructorHandleAccessor.java:62)\n\tat java.base/java.lang.reflect.Constructor.newInstanceWithCaller(Constructor.java:502)\n\tat java.base/java.lang.reflect.Constructor.newInstance(Constructor.java:486)\n\tat org.openqa.selenium.remote.ErrorCodec.decode(ErrorCodec.java:167)\n\tat org.openqa.selenium.remote.codec.w3c.W3CHttpResponseCodec.decode(W3CHttpResponseCodec.java:138)\n\tat org.openqa.selenium.remote.codec.w3c.W3CHttpResponseCodec.decode(W3CHttpResponseCodec.java:50)\n\tat org.openqa.selenium.remote.HttpCommandExecutor.execute(HttpCommandExecutor.java:190)\n\tat org.openqa.selenium.remote.RemoteWebDriver.execute(RemoteWebDriver.java:545)\n\tat org.openqa.selenium.remote.ElementLocation$ElementFinder$2.findElement(ElementLocation.java:165)\n\tat org.openqa.selenium.remote.ElementLocation.findElement(ElementLocation.java:59)\n\tat org.openqa.selenium.remote.RemoteWebDriver.findElement(RemoteWebDriver.java:368)\n\tat org.openqa.selenium.remote.RemoteWebDriver.findElement(RemoteWebDriver.java:362)\n\tat com.codeborne.selenide.impl.WebElementSelector.findElement(WebElementSelector.java:73)\n\tat com.codeborne.selenide.impl.WebElementSelector.findElement(WebElementSelector.java:46)\n\tat com.codeborne.selenide.impl.WebElementSelector.findElement(WebElementSelector.java:35)\n\tat com.codeborne.selenide.impl.ElementFinder.getWebElement(ElementFinder.java:122)\n\tat com.codeborne.selenide.impl.WebElementSource.checkConditionAndReturnElement(WebElementSource.java:115)\n\t... 34 more\n","flaky":true,"newFailed":false,"newBroken":false,"newPassed":false,"retriesCount":1,"retriesStatusChange":true,"beforeStages":[{"name":"generateBaseTestData","time":{"start":1758144835287,"stop":1758144835288,"duration":1},"description":"","status":"passed","steps":[],"attachments":[],"parameters":[],"shouldDisplayMessage":false,"stepsCount":0,"attachmentsCount":0,"hasContent":false,"attachmentStep":false},{"name":"handleUserSession","time":{"start":1758144835288,"stop":1758144835288,"duration":0},"description":"","status":"passed","steps":[],"attachments":[],"parameters":[],"shouldDisplayMessage":false,"stepsCount":0,"attachmentsCount":0,"hasContent":false,"attachmentStep":false}],"testStage":{"status":"failed","statusMessage":"Element not found {[data-test~='runner-item-filter']}\nExpected: visible\nScreenshot: file:/home/runner/work/w1/w1/target/reports/tests/1758144869880.9.png\nPage source: file:/home/runner/work/w1/w1/target/reports/tests/1758144869880.9.html\nTimeout: 30 s.\nCaused by: NoSuchElementException: Unable to locate element: [data-test~='runner-item-filter']","statusTrace":"Element not found {[data-test~='runner-item-filter']}\nExpected: visible\nScreenshot: file:/home/runner/work/w1/w1/target/reports/tests/1758144869880.9.png\nPage source: file:/home/runner/work/w1/w1/target/reports/tests/1758144869880.9.html\nTimeout: 30 s.\nCaused by: NoSuchElementException: Unable to locate element: [data-test~='runner-item-filter']\n\tat com.codeborne.selenide.impl.WebElementSource.createElementNotFoundError(WebElementSource.java:90)\n\tat com.codeborne.selenide.impl.ElementFinder.createElementNotFoundError(ElementFinder.java:142)\n\tat com.codeborne.selenide.impl.WebElementSource.handleError(WebElementSource.java:142)\n\tat com.codeborne.selenide.impl.WebElementSource.checkConditionAndReturnElement(WebElementSource.java:126)\n\tat com.codeborne.selenide.impl.WebElementSource.checkCondition(WebElementSource.java:103)\n\tat com.codeborne.selenide.commands.Should.execute(Should.java:30)\n\tat com.codeborne.selenide.commands.Should.execute(Should.java:14)\n\tat com.codeborne.selenide.commands.Commands.execute(Commands.java:162)\n\tat com.codeborne.selenide.impl.SelenideElementProxy.dispatchAndRetry(SelenideElementProxy.java:134)\n\tat com.codeborne.selenide.impl.SelenideElementProxy.invoke(SelenideElementProxy.java:86)\n\tat jdk.proxy2/jdk.proxy2.$Proxy57.shouldBe(Unknown Source)\n\tat com.teamcity.ui.pages.admin.CreateBuildTypeStepPage.createCommandLineBuildStep(CreateBuildTypeStepPage.java:39)\n\tat com.teamcity.ui.StartBuildTest.lambda$userCreatesBuildTypeStepAndStartsBuildTest$1(StartBuildTest.java:32)\n\tat io.qameta.allure.Allure.lambda$step$0(Allure.java:113)\n\tat io.qameta.allure.Allure.lambda$step$1(Allure.java:127)\n\tat io.qameta.allure.Allure.step(Allure.java:181)\n\tat io.qameta.allure.Allure.step(Allure.java:125)\n\tat io.qameta.allure.Allure.step(Allure.java:112)\n\tat com.teamcity.ui.StartBuildTest.userCreatesBuildTypeStepAndStartsBuildTest(StartBuildTest.java:30)\n\tat java.base/jdk.internal.reflect.DirectMethodHandleAccessor.invoke(DirectMethodHandleAccessor.java:103)\n\tat java.base/java.lang.reflect.Method.invoke(Method.java:580)\n\tat org.testng.internal.invokers.MethodInvocationHelper.invokeMethod(MethodInvocationHelper.java:141)\n\tat org.testng.internal.invokers.MethodInvocationHelper$1.runTestMethod(MethodInvocationHelper.java:260)\n\tat com.teamcity.BaseTest.run(BaseTest.java:52)\n\tat org.testng.internal.invokers.MethodInvocationHelper.invokeHookable(MethodInvocationHelper.java:274)\n\tat org.testng.internal.invokers.TestInvoker.invokeMethod(TestInvoker.java:678)\n\tat org.testng.internal.invokers.TestInvoker.retryFailed(TestInvoker.java:269)\n\tat org.testng.internal.invokers.MethodRunner.runInSequence(MethodRunner.java:76)\n\tat org.testng.internal.invokers.TestInvoker$MethodInvocationAgent.invoke(TestInvoker.java:992)\n\tat org.testng.internal.invokers.TestInvoker.invokeTestMethods(TestInvoker.java:203)\n\tat org.testng.internal.invokers.TestMethodWorker.invokeTestMethods(TestMethodWorker.java:154)\n\tat org.testng.internal.invokers.TestMethodWorker.run(TestMethodWorker.java:134)\n\tat java.base/java.util.concurrent.Executors$RunnableAdapter.call(Executors.java:572)\n\tat java.base/java.util.concurrent.FutureTask.run(FutureTask.java:317)\n\tat org.testng.internal.thread.graph.TestNGFutureTask.run(TestNGFutureTask.java:22)\n\tat java.base/java.util.concurrent.ThreadPoolExecutor.runWorker(ThreadPoolExecutor.java:1144)\n\tat java.base/java.util.concurrent.ThreadPoolExecutor$Worker.run(ThreadPoolExecutor.java:642)\n\tat java.base/java.lang.Thread.run(Thread.java:1583)\nCaused by: org.openqa.selenium.NoSuchElementException: Unable to locate element: [data-test~='runner-item-filter']\nFor documentation on this error, please visit: https://www.selenium.dev/documentation/webdriver/troubleshooting/errors#no-such-element-exception\nBuild info: version: '4.24.0', revision: '748ffc9bc3'\nSystem info: os.name: 'Linux', os.arch: 'amd64', os.version: '6.11.0-1018-azure', java.version: '21.0.8'\nDriver info: org.openqa.selenium.remote.RemoteWebDriver\nCommand: [ce0ca78a-1813-4e36-85b1-9f3b64b6a676, findElement {using=css selector, value=[data-test~='runner-item-filter']}]\nCapabilities {acceptInsecureCerts: true, browserName: firefox, browserVersion: 125.0.2, moz:accessibilityChecks: false, moz:buildID: 20240419144423, moz:debuggerAddress: 127.0.0.1:9222, moz:geckodriverVersion: 0.34.0, moz:headless: false, moz:platformVersion: 6.11.0-1018-azure, moz:processID: 75, moz:profile: /tmp/rust_mozprofile1gl7ee, moz:shutdownTimeout: 60000, moz:webdriverClick: true, moz:windowless: false, pageLoadStrategy: normal, platformName: linux, proxy: Proxy(), se:cdp: ws://localhost:4444/devtool..., se:cdpVersion: 125.0.2, setWindowRect: true, strictFileInteractability: false, timeouts: {implicit: 0, pageLoad: 300000, script: 30000}, unhandledPromptBehavior: accept, userAgent: Mozilla/5.0 (X11; Ubuntu; L...}\nSession ID: ce0ca78a-1813-4e36-85b1-9f3b64b6a676\n\tat java.base/jdk.internal.reflect.DirectConstructorHandleAccessor.newInstance(DirectConstructorHandleAccessor.java:62)\n\tat java.base/java.lang.reflect.Constructor.newInstanceWithCaller(Constructor.java:502)\n\tat java.base/java.lang.reflect.Constructor.newInstance(Constructor.java:486)\n\tat org.openqa.selenium.remote.ErrorCodec.decode(ErrorCodec.java:167)\n\tat org.openqa.selenium.remote.codec.w3c.W3CHttpResponseCodec.decode(W3CHttpResponseCodec.java:138)\n\tat org.openqa.selenium.remote.codec.w3c.W3CHttpResponseCodec.decode(W3CHttpResponseCodec.java:50)\n\tat org.openqa.selenium.remote.HttpCommandExecutor.execute(HttpCommandExecutor.java:190)\n\tat org.openqa.selenium.remote.RemoteWebDriver.execute(RemoteWebDriver.java:545)\n\tat org.openqa.selenium.remote.ElementLocation$ElementFinder$2.findElement(ElementLocation.java:165)\n\tat org.openqa.selenium.remote.ElementLocation.findElement(ElementLocation.java:59)\n\tat org.openqa.selenium.remote.RemoteWebDriver.findElement(RemoteWebDriver.java:368)\n\tat org.openqa.selenium.remote.RemoteWebDriver.findElement(RemoteWebDriver.java:362)\n\tat com.codeborne.selenide.impl.WebElementSelector.findElement(WebElementSelector.java:73)\n\tat com.codeborne.selenide.impl.WebElementSelector.findElement(WebElementSelector.java:46)\n\tat com.codeborne.selenide.impl.WebElementSelector.findElement(WebElementSelector.java:35)\n\tat com.codeborne.selenide.impl.ElementFinder.getWebElement(ElementFinder.java:122)\n\tat com.codeborne.selenide.impl.WebElementSource.checkConditionAndReturnElement(WebElementSource.java:115)\n\t... 34 more\n","steps":[{"name":"Create project and build type via API","time":{"start":1758144835290,"stop":1758144835393,"duration":103},"status":"passed","steps":[{"name":"Create NewProjectDescription(id=test_zYZnQoizZk, name=test_DzPjPBqzWR, parentProject=Project(id=null, name=null, locator=_Root))","time":{"start":1758144835290,"stop":1758144835335,"duration":45},"status":"passed","steps":[],"attachments":[{"uid":"57a792590d762011","name":"Request","source":"57a792590d762011.html","type":"text/html","size":1153},{"uid":"1415b1a815705850","name":"HTTP/1.1 200 ","source":"1415b1a815705850.html","type":"text/html","size":2225}],"parameters":[{"name":"model","value":"NewProjectDescription(id=test_zYZnQoizZk, name=test_DzPjPBqzWR, parentProject=Project(id=null, name=null, locator=_Root))"}],"shouldDisplayMessage":false,"stepsCount":0,"attachmentsCount":2,"hasContent":true,"attachmentStep":false},{"name":"Create BuildType(id=test_xyQwjwWnwa, name=test_BFRHNZwcrL, project=Project(id=test_zYZnQoizZk, name=test_DzPjPBqzWR, locator=null), steps=null)","time":{"start":1758144835337,"stop":1758144835386,"duration":49},"status":"passed","steps":[],"attachments":[{"uid":"ec934e0283b841d","name":"Request","source":"ec934e0283b841d.html","type":"text/html","size":1269},{"uid":"2f065a7ce677af0a","name":"HTTP/1.1 200 ","source":"2f065a7ce677af0a.html","type":"text/html","size":2946}],"parameters":[{"name":"model","value":"BuildType(id=test_xyQwjwWnwa, name=test_BFRHNZwcrL, project=Project(id=test_zYZnQoizZk, name=test_DzPjPBqzWR, locator=null), steps=null)"}],"shouldDisplayMessage":false,"stepsCount":0,"attachmentsCount":2,"hasContent":true,"attachmentStep":false}],"attachments":[],"parameters":[],"shouldDisplayMessage":false,"stepsCount":2,"attachmentsCount":4,"hasContent":true,"attachmentStep":false},{"name":"Create command line build step","time":{"start":1758144835393,"stop":1758144869980,"duration":34587},"status":"failed","statusMessage":"Element not found {[data-test~='runner-item-filter']}\nExpected: visible\nScreenshot: file:/home/runner/work/w1/w1/target/reports/tests/1758144869880.9.png\nPage source: file:/home/runner/work/w1/w1/target/reports/tests/1758144869880.9.html\nTimeout: 30 s.\nCaused by: NoSuchElementException: Unable to locate element: [data-test~='runner-item-filter']","statusTrace":"Element not found {[data-test~='runner-item-filter']}\nExpected: visible\nScreenshot: file:/home/runner/work/w1/w1/target/reports/tests/1758144869880.9.png\nPage source: file:/home/runner/work/w1/w1/target/reports/tests/1758144869880.9.html\nTimeout: 30 s.\nCaused by: NoSuchElementException: Unable to locate element: [data-test~='runner-item-filter']\n\tat com.codeborne.selenide.impl.WebElementSource.createElementNotFoundError(WebElementSource.java:90)\n\tat com.codeborne.selenide.impl.ElementFinder.createElementNotFoundError(ElementFinder.java:142)\n\tat com.codeborne.selenide.impl.WebElementSource.handleError(WebElementSource.java:142)\n\tat com.codeborne.selenide.impl.WebElementSource.checkConditionAndReturnElement(WebElementSource.java:126)\n\tat com.codeborne.selenide.impl.WebElementSource.checkCondition(WebElementSource.java:103)\n\tat com.codeborne.selenide.commands.Should.execute(Should.java:30)\n\tat com.codeborne.selenide.commands.Should.execute(Should.java:14)\n\tat com.codeborne.selenide.commands.Commands.execute(Commands.java:162)\n\tat com.codeborne.selenide.impl.SelenideElementProxy.dispatchAndRetry(SelenideElementProxy.java:134)\n\tat com.codeborne.selenide.impl.SelenideElementProxy.invoke(SelenideElementProxy.java:86)\n\tat jdk.proxy2/jdk.proxy2.$Proxy57.shouldBe(Unknown Source)\n\tat com.teamcity.ui.pages.admin.CreateBuildTypeStepPage.createCommandLineBuildStep(CreateBuildTypeStepPage.java:39)\n\tat com.teamcity.ui.StartBuildTest.lambda$userCreatesBuildTypeStepAndStartsBuildTest$1(StartBuildTest.java:32)\n\tat io.qameta.allure.Allure.lambda$step$0(Allure.java:113)\n\tat io.qameta.allure.Allure.lambda$step$1(Allure.java:127)\n\tat io.qameta.allure.Allure.step(Allure.java:181)\n\tat io.qameta.allure.Allure.step(Allure.java:125)\n\tat io.qameta.allure.Allure.step(Allure.java:112)\n\tat com.teamcity.ui.StartBuildTest.userCreatesBuildTypeStepAndStartsBuildTest(StartBuildTest.java:30)\n\tat java.base/jdk.internal.reflect.DirectMethodHandleAccessor.invoke(DirectMethodHandleAccessor.java:103)\n\tat java.base/java.lang.reflect.Method.invoke(Method.java:580)\n\tat org.testng.internal.invokers.MethodInvocationHelper.invokeMethod(MethodInvocationHelper.java:141)\n\tat org.testng.internal.invokers.MethodInvocationHelper$1.runTestMethod(MethodInvocationHelper.java:260)\n\tat com.teamcity.BaseTest.run(BaseTest.java:52)\n\tat org.testng.internal.invokers.MethodInvocationHelper.invokeHookable(MethodInvocationHelper.java:274)\n\tat org.testng.internal.invokers.TestInvoker.invokeMethod(TestInvoker.java:678)\n\tat org.testng.internal.invokers.TestInvoker.retryFailed(TestInvoker.java:269)\n\tat org.testng.internal.invokers.MethodRunner.runInSequence(MethodRunner.java:76)\n\tat org.testng.internal.invokers.TestInvoker$MethodInvocationAgent.invoke(TestInvoker.java:992)\n\tat org.testng.internal.invokers.TestInvoker.invokeTestMethods(TestInvoker.java:203)\n\tat org.testng.internal.invokers.TestMethodWorker.invokeTestMethods(TestMethodWorker.java:154)\n\tat org.testng.internal.invokers.TestMethodWorker.run(TestMethodWorker.java:134)\n\tat java.base/java.util.concurrent.Executors$RunnableAdapter.call(Executors.java:572)\n\tat java.base/java.util.concurrent.FutureTask.run(FutureTask.java:317)\n\tat org.testng.internal.thread.graph.TestNGFutureTask.run(TestNGFutureTask.java:22)\n\tat java.base/java.util.concurrent.ThreadPoolExecutor.runWorker(ThreadPoolExecutor.java:1144)\n\tat java.base/java.util.concurrent.ThreadPoolExecutor$Worker.run(ThreadPoolExecutor.java:642)\n\tat java.base/java.lang.Thread.run(Thread.java:1583)\nCaused by: org.openqa.selenium.NoSuchElementException: Unable to locate element: [data-test~='runner-item-filter']\nFor documentation on this error, please visit: https://www.selenium.dev/documentation/webdriver/troubleshooting/errors#no-such-element-exception\nBuild info: version: '4.24.0', revision: '748ffc9bc3'\nSystem info: os.name: 'Linux', os.arch: 'amd64', os.version: '6.11.0-1018-azure', java.version: '21.0.8'\nDriver info: org.openqa.selenium.remote.RemoteWebDriver\nCommand: [ce0ca78a-1813-4e36-85b1-9f3b64b6a676, findElement {using=css selector, value=[data-test~='runner-item-filter']}]\nCapabilities {acceptInsecureCerts: true, browserName: firefox, browserVersion: 125.0.2, moz:accessibilityChecks: false, moz:buildID: 20240419144423, moz:debuggerAddress: 127.0.0.1:9222, moz:geckodriverVersion: 0.34.0, moz:headless: false, moz:platformVersion: 6.11.0-1018-azure, moz:processID: 75, moz:profile: /tmp/rust_mozprofile1gl7ee, moz:shutdownTimeout: 60000, moz:webdriverClick: true, moz:windowless: false, pageLoadStrategy: normal, platformName: linux, proxy: Proxy(), se:cdp: ws://localhost:4444/devtool..., se:cdpVersion: 125.0.2, setWindowRect: true, strictFileInteractability: false, timeouts: {implicit: 0, pageLoad: 300000, script: 30000}, unhandledPromptBehavior: accept, userAgent: Mozilla/5.0 (X11; Ubuntu; L...}\nSession ID: ce0ca78a-1813-4e36-85b1-9f3b64b6a676\n\tat java.base/jdk.internal.reflect.DirectConstructorHandleAccessor.newInstance(DirectConstructorHandleAccessor.java:62)\n\tat java.base/java.lang.reflect.Constructor.newInstanceWithCaller(Constructor.java:502)\n\tat java.base/java.lang.reflect.Constructor.newInstance(Constructor.java:486)\n\tat org.openqa.selenium.remote.ErrorCodec.decode(ErrorCodec.java:167)\n\tat org.openqa.selenium.remote.codec.w3c.W3CHttpResponseCodec.decode(W3CHttpResponseCodec.java:138)\n\tat org.openqa.selenium.remote.codec.w3c.W3CHttpResponseCodec.decode(W3CHttpResponseCodec.java:50)\n\tat org.openqa.selenium.remote.HttpCommandExecutor.execute(HttpCommandExecutor.java:190)\n\tat org.openqa.selenium.remote.RemoteWebDriver.execute(RemoteWebDriver.java:545)\n\tat org.openqa.selenium.remote.ElementLocation$ElementFinder$2.findElement(ElementLocation.java:165)\n\tat org.openqa.selenium.remote.ElementLocation.findElement(ElementLocation.java:59)\n\tat org.openqa.selenium.remote.RemoteWebDriver.findElement(RemoteWebDriver.java:368)\n\tat org.openqa.selenium.remote.RemoteWebDriver.findElement(RemoteWebDriver.java:362)\n\tat com.codeborne.selenide.impl.WebElementSelector.findElement(WebElementSelector.java:73)\n\tat com.codeborne.selenide.impl.WebElementSelector.findElement(WebElementSelector.java:46)\n\tat com.codeborne.selenide.impl.WebElementSelector.findElement(WebElementSelector.java:35)\n\tat com.codeborne.selenide.impl.ElementFinder.getWebElement(ElementFinder.java:122)\n\tat com.codeborne.selenide.impl.WebElementSource.checkConditionAndReturnElement(WebElementSource.java:115)\n\t... 34 more\n","steps":[{"name":"Open build type step creation page","time":{"start":1758144835393,"stop":1758144839714,"duration":4321},"status":"passed","steps":[],"attachments":[],"parameters":[{"name":"buildTypeId","value":"test_xyQwjwWnwa"}],"shouldDisplayMessage":false,"stepsCount":0,"attachmentsCount":0,"hasContent":true,"attachmentStep":false},{"name":"Create command line build step","time":{"start":1758144839714,"stop":1758144869980,"duration":30266},"status":"failed","statusMessage":"Element not found {[data-test~='runner-item-filter']}\nExpected: visible\nScreenshot: file:/home/runner/work/w1/w1/target/reports/tests/1758144869880.9.png\nPage source: file:/home/runner/work/w1/w1/target/reports/tests/1758144869880.9.html\nTimeout: 30 s.\nCaused by: NoSuchElementException: Unable to locate element: [data-test~='runner-item-filter']","statusTrace":"Element not found {[data-test~='runner-item-filter']}\nExpected: visible\nScreenshot: file:/home/runner/work/w1/w1/target/reports/tests/1758144869880.9.png\nPage source: file:/home/runner/work/w1/w1/target/reports/tests/1758144869880.9.html\nTimeout: 30 s.\nCaused by: NoSuchElementException: Unable to locate element: [data-test~='runner-item-filter']\n\tat com.codeborne.selenide.impl.WebElementSource.createElementNotFoundError(WebElementSource.java:90)\n\tat com.codeborne.selenide.impl.ElementFinder.createElementNotFoundError(ElementFinder.java:142)\n\tat com.codeborne.selenide.impl.WebElementSource.handleError(WebElementSource.java:142)\n\tat com.codeborne.selenide.impl.WebElementSource.checkConditionAndReturnElement(WebElementSource.java:126)\n\tat com.codeborne.selenide.impl.WebElementSource.checkCondition(WebElementSource.java:103)\n\tat com.codeborne.selenide.commands.Should.execute(Should.java:30)\n\tat com.codeborne.selenide.commands.Should.execute(Should.java:14)\n\tat com.codeborne.selenide.commands.Commands.execute(Commands.java:162)\n\tat com.codeborne.selenide.impl.SelenideElementProxy.dispatchAndRetry(SelenideElementProxy.java:134)\n\tat com.codeborne.selenide.impl.SelenideElementProxy.invoke(SelenideElementProxy.java:86)\n\tat jdk.proxy2/jdk.proxy2.$Proxy57.shouldBe(Unknown Source)\n\tat com.teamcity.ui.pages.admin.CreateBuildTypeStepPage.createCommandLineBuildStep(CreateBuildTypeStepPage.java:39)\n\tat com.teamcity.ui.StartBuildTest.lambda$userCreatesBuildTypeStepAndStartsBuildTest$1(StartBuildTest.java:32)\n\tat io.qameta.allure.Allure.lambda$step$0(Allure.java:113)\n\tat io.qameta.allure.Allure.lambda$step$1(Allure.java:127)\n\tat io.qameta.allure.Allure.step(Allure.java:181)\n\tat io.qameta.allure.Allure.step(Allure.java:125)\n\tat io.qameta.allure.Allure.step(Allure.java:112)\n\tat com.teamcity.ui.StartBuildTest.userCreatesBuildTypeStepAndStartsBuildTest(StartBuildTest.java:30)\n\tat java.base/jdk.internal.reflect.DirectMethodHandleAccessor.invoke(DirectMethodHandleAccessor.java:103)\n\tat java.base/java.lang.reflect.Method.invoke(Method.java:580)\n\tat org.testng.internal.invokers.MethodInvocationHelper.invokeMethod(MethodInvocationHelper.java:141)\n\tat org.testng.internal.invokers.MethodInvocationHelper$1.runTestMethod(MethodInvocationHelper.java:260)\n\tat com.teamcity.BaseTest.run(BaseTest.java:52)\n\tat org.testng.internal.invokers.MethodInvocationHelper.invokeHookable(MethodInvocationHelper.java:274)\n\tat org.testng.internal.invokers.TestInvoker.invokeMethod(TestInvoker.java:678)\n\tat org.testng.internal.invokers.TestInvoker.retryFailed(TestInvoker.java:269)\n\tat org.testng.internal.invokers.MethodRunner.runInSequence(MethodRunner.java:76)\n\tat org.testng.internal.invokers.TestInvoker$MethodInvocationAgent.invoke(TestInvoker.java:992)\n\tat org.testng.internal.invokers.TestInvoker.invokeTestMethods(TestInvoker.java:203)\n\tat org.testng.internal.invokers.TestMethodWorker.invokeTestMethods(TestMethodWorker.java:154)\n\tat org.testng.internal.invokers.TestMethodWorker.run(TestMethodWorker.java:134)\n\tat java.base/java.util.concurrent.Executors$RunnableAdapter.call(Executors.java:572)\n\tat java.base/java.util.concurrent.FutureTask.run(FutureTask.java:317)\n\tat org.testng.internal.thread.graph.TestNGFutureTask.run(TestNGFutureTask.java:22)\n\tat java.base/java.util.concurrent.ThreadPoolExecutor.runWorker(ThreadPoolExecutor.java:1144)\n\tat java.base/java.util.concurrent.ThreadPoolExecutor$Worker.run(ThreadPoolExecutor.java:642)\n\tat java.base/java.lang.Thread.run(Thread.java:1583)\nCaused by: org.openqa.selenium.NoSuchElementException: Unable to locate element: [data-test~='runner-item-filter']\nFor documentation on this error, please visit: https://www.selenium.dev/documentation/webdriver/troubleshooting/errors#no-such-element-exception\nBuild info: version: '4.24.0', revision: '748ffc9bc3'\nSystem info: os.name: 'Linux', os.arch: 'amd64', os.version: '6.11.0-1018-azure', java.version: '21.0.8'\nDriver info: org.openqa.selenium.remote.RemoteWebDriver\nCommand: [ce0ca78a-1813-4e36-85b1-9f3b64b6a676, findElement {using=css selector, value=[data-test~='runner-item-filter']}]\nCapabilities {acceptInsecureCerts: true, browserName: firefox, browserVersion: 125.0.2, moz:accessibilityChecks: false, moz:buildID: 20240419144423, moz:debuggerAddress: 127.0.0.1:9222, moz:geckodriverVersion: 0.34.0, moz:headless: false, moz:platformVersion: 6.11.0-1018-azure, moz:processID: 75, moz:profile: /tmp/rust_mozprofile1gl7ee, moz:shutdownTimeout: 60000, moz:webdriverClick: true, moz:windowless: false, pageLoadStrategy: normal, platformName: linux, proxy: Proxy(), se:cdp: ws://localhost:4444/devtool..., se:cdpVersion: 125.0.2, setWindowRect: true, strictFileInteractability: false, timeouts: {implicit: 0, pageLoad: 300000, script: 30000}, unhandledPromptBehavior: accept, userAgent: Mozilla/5.0 (X11; Ubuntu; L...}\nSession ID: ce0ca78a-1813-4e36-85b1-9f3b64b6a676\n\tat java.base/jdk.internal.reflect.DirectConstructorHandleAccessor.newInstance(DirectConstructorHandleAccessor.java:62)\n\tat java.base/java.lang.reflect.Constructor.newInstanceWithCaller(Constructor.java:502)\n\tat java.base/java.lang.reflect.Constructor.newInstance(Constructor.java:486)\n\tat org.openqa.selenium.remote.ErrorCodec.decode(ErrorCodec.java:167)\n\tat org.openqa.selenium.remote.codec.w3c.W3CHttpResponseCodec.decode(W3CHttpResponseCodec.java:138)\n\tat org.openqa.selenium.remote.codec.w3c.W3CHttpResponseCodec.decode(W3CHttpResponseCodec.java:50)\n\tat org.openqa.selenium.remote.HttpCommandExecutor.execute(HttpCommandExecutor.java:190)\n\tat org.openqa.selenium.remote.RemoteWebDriver.execute(RemoteWebDriver.java:545)\n\tat org.openqa.selenium.remote.ElementLocation$ElementFinder$2.findElement(ElementLocation.java:165)\n\tat org.openqa.selenium.remote.ElementLocation.findElement(ElementLocation.java:59)\n\tat org.openqa.selenium.remote.RemoteWebDriver.findElement(RemoteWebDriver.java:368)\n\tat org.openqa.selenium.remote.RemoteWebDriver.findElement(RemoteWebDriver.java:362)\n\tat com.codeborne.selenide.impl.WebElementSelector.findElement(WebElementSelector.java:73)\n\tat com.codeborne.selenide.impl.WebElementSelector.findElement(WebElementSelector.java:46)\n\tat com.codeborne.selenide.impl.WebElementSelector.findElement(WebElementSelector.java:35)\n\tat com.codeborne.selenide.impl.ElementFinder.getWebElement(ElementFinder.java:122)\n\tat com.codeborne.selenide.impl.WebElementSource.checkConditionAndReturnElement(WebElementSource.java:115)\n\t... 34 more\n","steps":[],"attachments":[],"parameters":[{"name":"customScript","value":"echo 'Hello World!'"}],"shouldDisplayMessage":true,"stepsCount":0,"attachmentsCount":0,"hasContent":true,"attachmentStep":false}],"attachments":[],"parameters":[],"shouldDisplayMessage":false,"stepsCount":2,"attachmentsCount":0,"hasContent":true,"attachmentStep":false}],"attachments":[],"parameters":[],"shouldDisplayMessage":false,"stepsCount":6,"attachmentsCount":4,"hasContent":true,"attachmentStep":false},"afterStages":[{"name":"closeWebDriver","time":{"start":1758144869983,"stop":1758144870627,"duration":644},"description":"","status":"passed","steps":[],"attachments":[],"parameters":[],"shouldDisplayMessage":false,"stepsCount":0,"attachmentsCount":0,"hasContent":false,"attachmentStep":false},{"name":"deleteCreatedEntities","time":{"start":1758144870627,"stop":1758144870688,"duration":61},"description":"","status":"passed","steps":[{"name":"Delete test_xyQwjwWnwa","time":{"start":1758144870628,"stop":1758144870656,"duration":28},"status":"passed","steps":[],"attachments":[{"uid":"efef75f6f8f5a524","name":"Request","source":"efef75f6f8f5a524.html","type":"text/html","size":602},{"uid":"8e9e8611525caf35","name":"HTTP/1.1 204 ","source":"8e9e8611525caf35.html","type":"text/html","size":478}],"parameters":[{"name":"id","value":"test_xyQwjwWnwa"}],"shouldDisplayMessage":false,"stepsCount":0,"attachmentsCount":2,"hasContent":true,"attachmentStep":false},{"name":"Delete test_zYZnQoizZk","time":{"start":1758144870656,"stop":1758144870688,"duration":32},"status":"passed","steps":[],"attachments":[{"uid":"86c1d8dfd8fc15cc","name":"Request","source":"86c1d8dfd8fc15cc.html","type":"text/html","size":598},{"uid":"3975886f43a0f38","name":"HTTP/1.1 204 ","source":"3975886f43a0f38.html","type":"text/html","size":478}],"parameters":[{"name":"id","value":"test_zYZnQoizZk"}],"shouldDisplayMessage":false,"stepsCount":0,"attachmentsCount":2,"hasContent":true,"attachmentStep":false}],"attachments":[],"parameters":[],"shouldDisplayMessage":false,"stepsCount":2,"attachmentsCount":4,"hasContent":true,"attachmentStep":false}],"labels":[{"name":"package","value":"com.teamcity.ui.StartBuildTest"},{"name":"testClass","value":"com.teamcity.ui.StartBuildTest"},{"name":"testMethod","value":"userCreatesBuildTypeStepAndStartsBuildTest"},{"name":"parentSuite","value":"UI tests"},{"name":"suite","value":"UI tests"},{"name":"subSuite","value":"com.teamcity.ui.StartBuildTest"},{"name":"host","value":"runnervmf4ws1"},{"name":"thread","value":"5418@runnervmf4ws1.TestNG-test-UI tests-1(29)"},{"name":"framework","value":"testng"},{"name":"language","value":"java"},{"name":"feature","value":"Start build"},{"name":"suite","value":"firefox"},{"name":"tag","value":"firefox"},{"name":"resultFormat","value":"allure2"}],"parameters":[{"name":"arg0","value":"firefox"}],"links":[],"hidden":false,"retry":false,"extra":{"severity":"normal","retries":[{"uid":"9f1d68467aa7272d","status":"skipped","statusDetails":"Element not found {[data-test~='runner-item-filter']}\nExpected: visible\nScreenshot: file:/home/runner/work/w1/w1/target/reports/tests/1758144834136.7.png\nPage source: file:/home/runner/work/w1/w1/target/reports/tests/1758144834136.7.html\nTimeout: 30 s.\nCaused by: NoSuchElementException: Unable to locate element: [data-test~='runner-item-filter']","time":{"start":1758144797301,"stop":1758144834297,"duration":36996}}],"categories":[{"name":"Product defects","matchedStatuses":[],"flaky":false}],"history":{"statistic":{"failed":4,"broken":1,"skipped":0,"passed":17,"unknown":0,"total":22},"items":[{"uid":"7ea1ad76410a912d","status":"failed","statusDetails":"Element not found {[data-test~='runner-item-filter']}\nExpected: visible\nScreenshot: file:/home/runner/work/w1/w1/target/reports/tests/1758144833038.8.png\nPage source: file:/home/runner/work/w1/w1/target/reports/tests/1758144833038.8.html\nTimeout: 30 s.\nCaused by: NoSuchElementException: Unable to locate element: [data-test~='runner-item-filter']","time":{"start":1758144798542,"stop":1758144833138,"duration":34596}},{"uid":"8c80c4bdb85c5479","status":"broken","statusDetails":"Failed to create new instance of class com.teamcity.ui.pages.admin.CreateBuildTypeStepPage","time":{"start":1758142796275,"stop":1758142831215,"duration":34940}},{"uid":"5ba85551ebdc33de","status":"passed","time":{"start":1758142588016,"stop":1758142618111,"duration":30095}},{"uid":"9187947552fa77c2","status":"failed","statusDetails":"No comparison rule found for class Build","time":{"start":1758140842030,"stop":1758140857210,"duration":15180}},{"uid":"8af91ffb927044f1","status":"failed","statusDetails":"No comparison rule found for class Build","time":{"start":1758140031074,"stop":1758140045788,"duration":14714}},{"uid":"4ff6a6a2bc2296b6","status":"passed","time":{"start":1758139015959,"stop":1758139045631,"duration":29672}},{"uid":"6c5be70f7648c107","status":"passed","time":{"start":1758072397877,"stop":1758072428051,"duration":30174}},{"uid":"28d1d480747ec56b","status":"passed","time":{"start":1758071010160,"stop":1758071032648,"duration":22488}},{"uid":"9b6ad72d60388aa2","status":"passed","time":{"start":1756236955741,"stop":1756237041805,"duration":86064}},{"uid":"21ec24b4915be207","status":"passed","time":{"start":1756235771104,"stop":1756235853866,"duration":82762}},{"uid":"6843be254f909829","status":"passed","time":{"start":1756232929385,"stop":1756233013901,"duration":84516}},{"uid":"6e6ef6ff5d436fc0","status":"passed","time":{"start":1756227151652,"stop":1756227201083,"duration":49431}},{"uid":"8bf0039c270f13ba","status":"passed","time":{"start":1756223032861,"stop":1756223084765,"duration":51904}},{"uid":"715d3caa7c47f73c","status":"passed","time":{"start":1756221246648,"stop":1756221337192,"duration":90544}},{"uid":"edea327635030e62","status":"passed","time":{"start":1756156909157,"stop":1756157001798,"duration":92641}},{"uid":"314087e06273a2f6","status":"passed","time":{"start":1756155578935,"stop":1756155671757,"duration":92822}},{"uid":"c8b67eb885a0251e","status":"passed","time":{"start":1756153993862,"stop":1756154077587,"duration":83725}},{"uid":"c3dde531e1662504","status":"passed","time":{"start":1756148222254,"stop":1756148303801,"duration":81547}},{"uid":"fb1f5b07b4673693","status":"passed","time":{"start":1756148222254,"stop":1756148303801,"duration":81547}},{"uid":"647020d17129ed9f","status":"passed","time":{"start":1756142341630,"stop":1756142395074,"duration":53444}}]},"tags":["firefox"]},"source":"38ceeb6b8576334c.json","parameterValues":["firefox"]}