{"uid":"bee6ce27def9d88e","name":"User should be able to create build type","fullName":"com.teamcity.ui.CreateBuildTypeTest.userCreatesBuildTypeTest","historyId":"49b2b7b4c663d4ddcb0a4d4aabc02e65","time":{"start":1758228051578,"stop":1758228089174,"duration":37596},"status":"failed","statusMessage":"Element not found {.saveButtonsBlock > .submitButton}\nExpected: visible\nScreenshot: file:/home/runner/work/w1/w1/target/reports/tests/1758228088962.1.png\nPage source: file:/home/runner/work/w1/w1/target/reports/tests/1758228088962.1.html\nTimeout: 30 s.\nCaused by: NoSuchElementException: Unable to locate element: .saveButtonsBlock > .submitButton","statusTrace":"Element not found {.saveButtonsBlock > .submitButton}\nExpected: visible\nScreenshot: file:/home/runner/work/w1/w1/target/reports/tests/1758228088962.1.png\nPage source: file:/home/runner/work/w1/w1/target/reports/tests/1758228088962.1.html\nTimeout: 30 s.\nCaused by: NoSuchElementException: Unable to locate element: .saveButtonsBlock > .submitButton\n\tat com.codeborne.selenide.impl.WebElementSource.createElementNotFoundError(WebElementSource.java:90)\n\tat com.codeborne.selenide.impl.ElementFinder.createElementNotFoundError(ElementFinder.java:142)\n\tat com.codeborne.selenide.impl.WebElementSource.handleError(WebElementSource.java:142)\n\tat com.codeborne.selenide.impl.WebElementSource.checkConditionAndReturnElement(WebElementSource.java:126)\n\tat com.codeborne.selenide.impl.WebElementSource.checkCondition(WebElementSource.java:103)\n\tat com.codeborne.selenide.commands.Should.execute(Should.java:30)\n\tat com.codeborne.selenide.commands.Should.execute(Should.java:14)\n\tat com.codeborne.selenide.commands.Commands.execute(Commands.java:162)\n\tat com.codeborne.selenide.impl.SelenideElementProxy.dispatchAndRetry(SelenideElementProxy.java:134)\n\tat com.codeborne.selenide.impl.SelenideElementProxy.invoke(SelenideElementProxy.java:86)\n\tat jdk.proxy2/jdk.proxy2.$Proxy57.shouldBe(Unknown Source)\n\tat com.teamcity.ui.pages.admin.CreateBasePage.baseCreateFrom(CreateBasePage.java:124)\n\tat com.teamcity.ui.pages.admin.CreateBuildTypePage.createFrom(CreateBuildTypePage.java:59)\n\tat com.teamcity.ui.CreateBuildTypeTest.lambda$userCreatesBuildTypeTest$1(CreateBuildTypeTest.java:30)\n\tat io.qameta.allure.Allure.lambda$step$0(Allure.java:113)\n\tat io.qameta.allure.Allure.lambda$step$1(Allure.java:127)\n\tat io.qameta.allure.Allure.step(Allure.java:181)\n\tat io.qameta.allure.Allure.step(Allure.java:125)\n\tat io.qameta.allure.Allure.step(Allure.java:112)\n\tat com.teamcity.ui.CreateBuildTypeTest.userCreatesBuildTypeTest(CreateBuildTypeTest.java:28)\n\tat java.base/jdk.internal.reflect.DirectMethodHandleAccessor.invoke(DirectMethodHandleAccessor.java:103)\n\tat java.base/java.lang.reflect.Method.invoke(Method.java:580)\n\tat org.testng.internal.invokers.MethodInvocationHelper.invokeMethod(MethodInvocationHelper.java:141)\n\tat org.testng.internal.invokers.MethodInvocationHelper$1.runTestMethod(MethodInvocationHelper.java:260)\n\tat com.teamcity.BaseTest.run(BaseTest.java:52)\n\tat org.testng.internal.invokers.MethodInvocationHelper.invokeHookable(MethodInvocationHelper.java:274)\n\tat org.testng.internal.invokers.TestInvoker.invokeMethod(TestInvoker.java:678)\n\tat org.testng.internal.invokers.TestInvoker.retryFailed(TestInvoker.java:269)\n\tat org.testng.internal.invokers.MethodRunner.runInSequence(MethodRunner.java:76)\n\tat org.testng.internal.invokers.TestInvoker$MethodInvocationAgent.invoke(TestInvoker.java:992)\n\tat org.testng.internal.invokers.TestInvoker.invokeTestMethods(TestInvoker.java:203)\n\tat org.testng.internal.invokers.TestMethodWorker.invokeTestMethods(TestMethodWorker.java:154)\n\tat org.testng.internal.invokers.TestMethodWorker.run(TestMethodWorker.java:134)\n\tat java.base/java.util.concurrent.Executors$RunnableAdapter.call(Executors.java:572)\n\tat java.base/java.util.concurrent.FutureTask.run(FutureTask.java:317)\n\tat org.testng.internal.thread.graph.TestNGFutureTask.run(TestNGFutureTask.java:22)\n\tat java.base/java.util.concurrent.ThreadPoolExecutor.runWorker(ThreadPoolExecutor.java:1144)\n\tat java.base/java.util.concurrent.ThreadPoolExecutor$Worker.run(ThreadPoolExecutor.java:642)\n\tat java.base/java.lang.Thread.run(Thread.java:1583)\nCaused by: org.openqa.selenium.NoSuchElementException: Unable to locate element: .saveButtonsBlock > .submitButton\nFor documentation on this error, please visit: https://www.selenium.dev/documentation/webdriver/troubleshooting/errors#no-such-element-exception\nBuild info: version: '4.24.0', revision: '748ffc9bc3'\nSystem info: os.name: 'Linux', os.arch: 'amd64', os.version: '6.11.0-1018-azure', java.version: '21.0.8'\nDriver info: org.openqa.selenium.remote.RemoteWebDriver\nCommand: [585473f6-f374-48d8-871a-dd178f74515b, findElement {using=css selector, value=.saveButtonsBlock > .submitButton}]\nCapabilities {acceptInsecureCerts: true, browserName: firefox, browserVersion: 89.0, moz:accessibilityChecks: false, moz:buildID: 20210527174632, moz:debuggerAddress: localhost:42917, moz:geckodriverVersion: 0.29.1, moz:headless: false, moz:processID: 89, moz:profile: /tmp/rust_mozprofileM8kXYW, moz:shutdownTimeout: 60000, moz:useNonSpecCompliantPointerOrigin: false, moz:webdriverClick: true, pageLoadStrategy: normal, platformName: linux, platformVersion: 6.11.0-1018-azure, se:cdp: ws://localhost:4444/devtool..., se:cdpVersion: 89.0, setWindowRect: true, strictFileInteractability: false, timeouts: {implicit: 0, pageLoad: 300000, script: 30000}, unhandledPromptBehavior: accept}\nSession ID: 585473f6-f374-48d8-871a-dd178f74515b\n\tat java.base/jdk.internal.reflect.DirectConstructorHandleAccessor.newInstance(DirectConstructorHandleAccessor.java:62)\n\tat java.base/java.lang.reflect.Constructor.newInstanceWithCaller(Constructor.java:502)\n\tat java.base/java.lang.reflect.Constructor.newInstance(Constructor.java:486)\n\tat org.openqa.selenium.remote.ErrorCodec.decode(ErrorCodec.java:167)\n\tat org.openqa.selenium.remote.codec.w3c.W3CHttpResponseCodec.decode(W3CHttpResponseCodec.java:138)\n\tat org.openqa.selenium.remote.codec.w3c.W3CHttpResponseCodec.decode(W3CHttpResponseCodec.java:50)\n\tat org.openqa.selenium.remote.HttpCommandExecutor.execute(HttpCommandExecutor.java:190)\n\tat org.openqa.selenium.remote.RemoteWebDriver.execute(RemoteWebDriver.java:545)\n\tat org.openqa.selenium.remote.ElementLocation$ElementFinder$2.findElement(ElementLocation.java:165)\n\tat org.openqa.selenium.remote.ElementLocation.findElement(ElementLocation.java:59)\n\tat org.openqa.selenium.remote.RemoteWebDriver.findElement(RemoteWebDriver.java:368)\n\tat org.openqa.selenium.remote.RemoteWebDriver.findElement(RemoteWebDriver.java:362)\n\tat com.codeborne.selenide.impl.WebElementSelector.findElement(WebElementSelector.java:73)\n\tat com.codeborne.selenide.impl.WebElementSelector.findElement(WebElementSelector.java:46)\n\tat com.codeborne.selenide.impl.WebElementSelector.findElement(WebElementSelector.java:35)\n\tat com.codeborne.selenide.impl.ElementFinder.getWebElement(ElementFinder.java:122)\n\tat com.codeborne.selenide.impl.WebElementSource.checkConditionAndReturnElement(WebElementSource.java:115)\n\t... 35 more\n","flaky":false,"newFailed":true,"newBroken":false,"newPassed":false,"retriesCount":1,"retriesStatusChange":true,"beforeStages":[{"name":"generateBaseTestData","time":{"start":1758228051567,"stop":1758228051569,"duration":2},"description":"","status":"passed","steps":[],"attachments":[],"parameters":[],"shouldDisplayMessage":false,"stepsCount":0,"attachmentsCount":0,"hasContent":false,"attachmentStep":false}],"testStage":{"status":"failed","statusMessage":"Element not found {.saveButtonsBlock > .submitButton}\nExpected: visible\nScreenshot: file:/home/runner/work/w1/w1/target/reports/tests/1758228088962.1.png\nPage source: file:/home/runner/work/w1/w1/target/reports/tests/1758228088962.1.html\nTimeout: 30 s.\nCaused by: NoSuchElementException: Unable to locate element: .saveButtonsBlock > .submitButton","statusTrace":"Element not found {.saveButtonsBlock > .submitButton}\nExpected: visible\nScreenshot: file:/home/runner/work/w1/w1/target/reports/tests/1758228088962.1.png\nPage source: file:/home/runner/work/w1/w1/target/reports/tests/1758228088962.1.html\nTimeout: 30 s.\nCaused by: NoSuchElementException: Unable to locate element: .saveButtonsBlock > .submitButton\n\tat com.codeborne.selenide.impl.WebElementSource.createElementNotFoundError(WebElementSource.java:90)\n\tat com.codeborne.selenide.impl.ElementFinder.createElementNotFoundError(ElementFinder.java:142)\n\tat com.codeborne.selenide.impl.WebElementSource.handleError(WebElementSource.java:142)\n\tat com.codeborne.selenide.impl.WebElementSource.checkConditionAndReturnElement(WebElementSource.java:126)\n\tat com.codeborne.selenide.impl.WebElementSource.checkCondition(WebElementSource.java:103)\n\tat com.codeborne.selenide.commands.Should.execute(Should.java:30)\n\tat com.codeborne.selenide.commands.Should.execute(Should.java:14)\n\tat com.codeborne.selenide.commands.Commands.execute(Commands.java:162)\n\tat com.codeborne.selenide.impl.SelenideElementProxy.dispatchAndRetry(SelenideElementProxy.java:134)\n\tat com.codeborne.selenide.impl.SelenideElementProxy.invoke(SelenideElementProxy.java:86)\n\tat jdk.proxy2/jdk.proxy2.$Proxy57.shouldBe(Unknown Source)\n\tat com.teamcity.ui.pages.admin.CreateBasePage.baseCreateFrom(CreateBasePage.java:124)\n\tat com.teamcity.ui.pages.admin.CreateBuildTypePage.createFrom(CreateBuildTypePage.java:59)\n\tat com.teamcity.ui.CreateBuildTypeTest.lambda$userCreatesBuildTypeTest$1(CreateBuildTypeTest.java:30)\n\tat io.qameta.allure.Allure.lambda$step$0(Allure.java:113)\n\tat io.qameta.allure.Allure.lambda$step$1(Allure.java:127)\n\tat io.qameta.allure.Allure.step(Allure.java:181)\n\tat io.qameta.allure.Allure.step(Allure.java:125)\n\tat io.qameta.allure.Allure.step(Allure.java:112)\n\tat com.teamcity.ui.CreateBuildTypeTest.userCreatesBuildTypeTest(CreateBuildTypeTest.java:28)\n\tat java.base/jdk.internal.reflect.DirectMethodHandleAccessor.invoke(DirectMethodHandleAccessor.java:103)\n\tat java.base/java.lang.reflect.Method.invoke(Method.java:580)\n\tat org.testng.internal.invokers.MethodInvocationHelper.invokeMethod(MethodInvocationHelper.java:141)\n\tat org.testng.internal.invokers.MethodInvocationHelper$1.runTestMethod(MethodInvocationHelper.java:260)\n\tat com.teamcity.BaseTest.run(BaseTest.java:52)\n\tat org.testng.internal.invokers.MethodInvocationHelper.invokeHookable(MethodInvocationHelper.java:274)\n\tat org.testng.internal.invokers.TestInvoker.invokeMethod(TestInvoker.java:678)\n\tat org.testng.internal.invokers.TestInvoker.retryFailed(TestInvoker.java:269)\n\tat org.testng.internal.invokers.MethodRunner.runInSequence(MethodRunner.java:76)\n\tat org.testng.internal.invokers.TestInvoker$MethodInvocationAgent.invoke(TestInvoker.java:992)\n\tat org.testng.internal.invokers.TestInvoker.invokeTestMethods(TestInvoker.java:203)\n\tat org.testng.internal.invokers.TestMethodWorker.invokeTestMethods(TestMethodWorker.java:154)\n\tat org.testng.internal.invokers.TestMethodWorker.run(TestMethodWorker.java:134)\n\tat java.base/java.util.concurrent.Executors$RunnableAdapter.call(Executors.java:572)\n\tat java.base/java.util.concurrent.FutureTask.run(FutureTask.java:317)\n\tat org.testng.internal.thread.graph.TestNGFutureTask.run(TestNGFutureTask.java:22)\n\tat java.base/java.util.concurrent.ThreadPoolExecutor.runWorker(ThreadPoolExecutor.java:1144)\n\tat java.base/java.util.concurrent.ThreadPoolExecutor$Worker.run(ThreadPoolExecutor.java:642)\n\tat java.base/java.lang.Thread.run(Thread.java:1583)\nCaused by: org.openqa.selenium.NoSuchElementException: Unable to locate element: .saveButtonsBlock > .submitButton\nFor documentation on this error, please visit: https://www.selenium.dev/documentation/webdriver/troubleshooting/errors#no-such-element-exception\nBuild info: version: '4.24.0', revision: '748ffc9bc3'\nSystem info: os.name: 'Linux', os.arch: 'amd64', os.version: '6.11.0-1018-azure', java.version: '21.0.8'\nDriver info: org.openqa.selenium.remote.RemoteWebDriver\nCommand: [585473f6-f374-48d8-871a-dd178f74515b, findElement {using=css selector, value=.saveButtonsBlock > .submitButton}]\nCapabilities {acceptInsecureCerts: true, browserName: firefox, browserVersion: 89.0, moz:accessibilityChecks: false, moz:buildID: 20210527174632, moz:debuggerAddress: localhost:42917, moz:geckodriverVersion: 0.29.1, moz:headless: false, moz:processID: 89, moz:profile: /tmp/rust_mozprofileM8kXYW, moz:shutdownTimeout: 60000, moz:useNonSpecCompliantPointerOrigin: false, moz:webdriverClick: true, pageLoadStrategy: normal, platformName: linux, platformVersion: 6.11.0-1018-azure, se:cdp: ws://localhost:4444/devtool..., se:cdpVersion: 89.0, setWindowRect: true, strictFileInteractability: false, timeouts: {implicit: 0, pageLoad: 300000, script: 30000}, unhandledPromptBehavior: accept}\nSession ID: 585473f6-f374-48d8-871a-dd178f74515b\n\tat java.base/jdk.internal.reflect.DirectConstructorHandleAccessor.newInstance(DirectConstructorHandleAccessor.java:62)\n\tat java.base/java.lang.reflect.Constructor.newInstanceWithCaller(Constructor.java:502)\n\tat java.base/java.lang.reflect.Constructor.newInstance(Constructor.java:486)\n\tat org.openqa.selenium.remote.ErrorCodec.decode(ErrorCodec.java:167)\n\tat org.openqa.selenium.remote.codec.w3c.W3CHttpResponseCodec.decode(W3CHttpResponseCodec.java:138)\n\tat org.openqa.selenium.remote.codec.w3c.W3CHttpResponseCodec.decode(W3CHttpResponseCodec.java:50)\n\tat org.openqa.selenium.remote.HttpCommandExecutor.execute(HttpCommandExecutor.java:190)\n\tat org.openqa.selenium.remote.RemoteWebDriver.execute(RemoteWebDriver.java:545)\n\tat org.openqa.selenium.remote.ElementLocation$ElementFinder$2.findElement(ElementLocation.java:165)\n\tat org.openqa.selenium.remote.ElementLocation.findElement(ElementLocation.java:59)\n\tat org.openqa.selenium.remote.RemoteWebDriver.findElement(RemoteWebDriver.java:368)\n\tat org.openqa.selenium.remote.RemoteWebDriver.findElement(RemoteWebDriver.java:362)\n\tat com.codeborne.selenide.impl.WebElementSelector.findElement(WebElementSelector.java:73)\n\tat com.codeborne.selenide.impl.WebElementSelector.findElement(WebElementSelector.java:46)\n\tat com.codeborne.selenide.impl.WebElementSelector.findElement(WebElementSelector.java:35)\n\tat com.codeborne.selenide.impl.ElementFinder.getWebElement(ElementFinder.java:122)\n\tat com.codeborne.selenide.impl.WebElementSource.checkConditionAndReturnElement(WebElementSource.java:115)\n\t... 35 more\n","steps":[{"name":"Create project for build type","time":{"start":1758228051579,"stop":1758228051780,"duration":201},"status":"passed","steps":[{"name":"Create NewProjectDescription(id=test_rGfvyWULGM, name=test_hRRiUwRSyI, parentProject=Project(id=null, name=null, locator=_Root))","time":{"start":1758228051580,"stop":1758228051767,"duration":187},"status":"passed","steps":[],"attachments":[{"uid":"f8c1e823fa099dc3","name":"Request","source":"f8c1e823fa099dc3.html","type":"text/html","size":1153},{"uid":"b034fc3718c8b5aa","name":"HTTP/1.1 200 ","source":"b034fc3718c8b5aa.html","type":"text/html","size":2225}],"parameters":[{"name":"model","value":"NewProjectDescription(id=test_rGfvyWULGM, name=test_hRRiUwRSyI, parentProject=Project(id=null, name=null, locator=_Root))"}],"shouldDisplayMessage":false,"stepsCount":0,"attachmentsCount":2,"hasContent":true,"attachmentStep":false}],"attachments":[],"parameters":[],"shouldDisplayMessage":false,"stepsCount":1,"attachmentsCount":2,"hasContent":true,"attachmentStep":false},{"name":"Create build type from Git repository","time":{"start":1758228051781,"stop":1758228089169,"duration":37388},"status":"failed","statusMessage":"Element not found {.saveButtonsBlock > .submitButton}\nExpected: visible\nScreenshot: file:/home/runner/work/w1/w1/target/reports/tests/1758228088962.1.png\nPage source: file:/home/runner/work/w1/w1/target/reports/tests/1758228088962.1.html\nTimeout: 30 s.\nCaused by: NoSuchElementException: Unable to locate element: .saveButtonsBlock > .submitButton","statusTrace":"Element not found {.saveButtonsBlock > .submitButton}\nExpected: visible\nScreenshot: file:/home/runner/work/w1/w1/target/reports/tests/1758228088962.1.png\nPage source: file:/home/runner/work/w1/w1/target/reports/tests/1758228088962.1.html\nTimeout: 30 s.\nCaused by: NoSuchElementException: Unable to locate element: .saveButtonsBlock > .submitButton\n\tat com.codeborne.selenide.impl.WebElementSource.createElementNotFoundError(WebElementSource.java:90)\n\tat com.codeborne.selenide.impl.ElementFinder.createElementNotFoundError(ElementFinder.java:142)\n\tat com.codeborne.selenide.impl.WebElementSource.handleError(WebElementSource.java:142)\n\tat com.codeborne.selenide.impl.WebElementSource.checkConditionAndReturnElement(WebElementSource.java:126)\n\tat com.codeborne.selenide.impl.WebElementSource.checkCondition(WebElementSource.java:103)\n\tat com.codeborne.selenide.commands.Should.execute(Should.java:30)\n\tat com.codeborne.selenide.commands.Should.execute(Should.java:14)\n\tat com.codeborne.selenide.commands.Commands.execute(Commands.java:162)\n\tat com.codeborne.selenide.impl.SelenideElementProxy.dispatchAndRetry(SelenideElementProxy.java:134)\n\tat com.codeborne.selenide.impl.SelenideElementProxy.invoke(SelenideElementProxy.java:86)\n\tat jdk.proxy2/jdk.proxy2.$Proxy57.shouldBe(Unknown Source)\n\tat com.teamcity.ui.pages.admin.CreateBasePage.baseCreateFrom(CreateBasePage.java:124)\n\tat com.teamcity.ui.pages.admin.CreateBuildTypePage.createFrom(CreateBuildTypePage.java:59)\n\tat com.teamcity.ui.CreateBuildTypeTest.lambda$userCreatesBuildTypeTest$1(CreateBuildTypeTest.java:30)\n\tat io.qameta.allure.Allure.lambda$step$0(Allure.java:113)\n\tat io.qameta.allure.Allure.lambda$step$1(Allure.java:127)\n\tat io.qameta.allure.Allure.step(Allure.java:181)\n\tat io.qameta.allure.Allure.step(Allure.java:125)\n\tat io.qameta.allure.Allure.step(Allure.java:112)\n\tat com.teamcity.ui.CreateBuildTypeTest.userCreatesBuildTypeTest(CreateBuildTypeTest.java:28)\n\tat java.base/jdk.internal.reflect.DirectMethodHandleAccessor.invoke(DirectMethodHandleAccessor.java:103)\n\tat java.base/java.lang.reflect.Method.invoke(Method.java:580)\n\tat org.testng.internal.invokers.MethodInvocationHelper.invokeMethod(MethodInvocationHelper.java:141)\n\tat org.testng.internal.invokers.MethodInvocationHelper$1.runTestMethod(MethodInvocationHelper.java:260)\n\tat com.teamcity.BaseTest.run(BaseTest.java:52)\n\tat org.testng.internal.invokers.MethodInvocationHelper.invokeHookable(MethodInvocationHelper.java:274)\n\tat org.testng.internal.invokers.TestInvoker.invokeMethod(TestInvoker.java:678)\n\tat org.testng.internal.invokers.TestInvoker.retryFailed(TestInvoker.java:269)\n\tat org.testng.internal.invokers.MethodRunner.runInSequence(MethodRunner.java:76)\n\tat org.testng.internal.invokers.TestInvoker$MethodInvocationAgent.invoke(TestInvoker.java:992)\n\tat org.testng.internal.invokers.TestInvoker.invokeTestMethods(TestInvoker.java:203)\n\tat org.testng.internal.invokers.TestMethodWorker.invokeTestMethods(TestMethodWorker.java:154)\n\tat org.testng.internal.invokers.TestMethodWorker.run(TestMethodWorker.java:134)\n\tat java.base/java.util.concurrent.Executors$RunnableAdapter.call(Executors.java:572)\n\tat java.base/java.util.concurrent.FutureTask.run(FutureTask.java:317)\n\tat org.testng.internal.thread.graph.TestNGFutureTask.run(TestNGFutureTask.java:22)\n\tat java.base/java.util.concurrent.ThreadPoolExecutor.runWorker(ThreadPoolExecutor.java:1144)\n\tat java.base/java.util.concurrent.ThreadPoolExecutor$Worker.run(ThreadPoolExecutor.java:642)\n\tat java.base/java.lang.Thread.run(Thread.java:1583)\nCaused by: org.openqa.selenium.NoSuchElementException: Unable to locate element: .saveButtonsBlock > .submitButton\nFor documentation on this error, please visit: https://www.selenium.dev/documentation/webdriver/troubleshooting/errors#no-such-element-exception\nBuild info: version: '4.24.0', revision: '748ffc9bc3'\nSystem info: os.name: 'Linux', os.arch: 'amd64', os.version: '6.11.0-1018-azure', java.version: '21.0.8'\nDriver info: org.openqa.selenium.remote.RemoteWebDriver\nCommand: [585473f6-f374-48d8-871a-dd178f74515b, findElement {using=css selector, value=.saveButtonsBlock > .submitButton}]\nCapabilities {acceptInsecureCerts: true, browserName: firefox, browserVersion: 89.0, moz:accessibilityChecks: false, moz:buildID: 20210527174632, moz:debuggerAddress: localhost:42917, moz:geckodriverVersion: 0.29.1, moz:headless: false, moz:processID: 89, moz:profile: /tmp/rust_mozprofileM8kXYW, moz:shutdownTimeout: 60000, moz:useNonSpecCompliantPointerOrigin: false, moz:webdriverClick: true, pageLoadStrategy: normal, platformName: linux, platformVersion: 6.11.0-1018-azure, se:cdp: ws://localhost:4444/devtool..., se:cdpVersion: 89.0, setWindowRect: true, strictFileInteractability: false, timeouts: {implicit: 0, pageLoad: 300000, script: 30000}, unhandledPromptBehavior: accept}\nSession ID: 585473f6-f374-48d8-871a-dd178f74515b\n\tat java.base/jdk.internal.reflect.DirectConstructorHandleAccessor.newInstance(DirectConstructorHandleAccessor.java:62)\n\tat java.base/java.lang.reflect.Constructor.newInstanceWithCaller(Constructor.java:502)\n\tat java.base/java.lang.reflect.Constructor.newInstance(Constructor.java:486)\n\tat org.openqa.selenium.remote.ErrorCodec.decode(ErrorCodec.java:167)\n\tat org.openqa.selenium.remote.codec.w3c.W3CHttpResponseCodec.decode(W3CHttpResponseCodec.java:138)\n\tat org.openqa.selenium.remote.codec.w3c.W3CHttpResponseCodec.decode(W3CHttpResponseCodec.java:50)\n\tat org.openqa.selenium.remote.HttpCommandExecutor.execute(HttpCommandExecutor.java:190)\n\tat org.openqa.selenium.remote.RemoteWebDriver.execute(RemoteWebDriver.java:545)\n\tat org.openqa.selenium.remote.ElementLocation$ElementFinder$2.findElement(ElementLocation.java:165)\n\tat org.openqa.selenium.remote.ElementLocation.findElement(ElementLocation.java:59)\n\tat org.openqa.selenium.remote.RemoteWebDriver.findElement(RemoteWebDriver.java:368)\n\tat org.openqa.selenium.remote.RemoteWebDriver.findElement(RemoteWebDriver.java:362)\n\tat com.codeborne.selenide.impl.WebElementSelector.findElement(WebElementSelector.java:73)\n\tat com.codeborne.selenide.impl.WebElementSelector.findElement(WebElementSelector.java:46)\n\tat com.codeborne.selenide.impl.WebElementSelector.findElement(WebElementSelector.java:35)\n\tat com.codeborne.selenide.impl.ElementFinder.getWebElement(ElementFinder.java:122)\n\tat com.codeborne.selenide.impl.WebElementSource.checkConditionAndReturnElement(WebElementSource.java:115)\n\t... 35 more\n","steps":[{"name":"Open build type creation page","time":{"start":1758228051781,"stop":1758228058878,"duration":7097},"status":"passed","steps":[],"attachments":[],"parameters":[{"name":"projectId","value":"test_rGfvyWULGM"}],"shouldDisplayMessage":false,"stepsCount":0,"attachmentsCount":0,"hasContent":true,"attachmentStep":false},{"name":"Create build type from url","time":{"start":1758228058878,"stop":1758228089169,"duration":30291},"status":"failed","statusMessage":"Element not found {.saveButtonsBlock > .submitButton}\nExpected: visible\nScreenshot: file:/home/runner/work/w1/w1/target/reports/tests/1758228088962.1.png\nPage source: file:/home/runner/work/w1/w1/target/reports/tests/1758228088962.1.html\nTimeout: 30 s.\nCaused by: NoSuchElementException: Unable to locate element: .saveButtonsBlock > .submitButton","statusTrace":"Element not found {.saveButtonsBlock > .submitButton}\nExpected: visible\nScreenshot: file:/home/runner/work/w1/w1/target/reports/tests/1758228088962.1.png\nPage source: file:/home/runner/work/w1/w1/target/reports/tests/1758228088962.1.html\nTimeout: 30 s.\nCaused by: NoSuchElementException: Unable to locate element: .saveButtonsBlock > .submitButton\n\tat com.codeborne.selenide.impl.WebElementSource.createElementNotFoundError(WebElementSource.java:90)\n\tat com.codeborne.selenide.impl.ElementFinder.createElementNotFoundError(ElementFinder.java:142)\n\tat com.codeborne.selenide.impl.WebElementSource.handleError(WebElementSource.java:142)\n\tat com.codeborne.selenide.impl.WebElementSource.checkConditionAndReturnElement(WebElementSource.java:126)\n\tat com.codeborne.selenide.impl.WebElementSource.checkCondition(WebElementSource.java:103)\n\tat com.codeborne.selenide.commands.Should.execute(Should.java:30)\n\tat com.codeborne.selenide.commands.Should.execute(Should.java:14)\n\tat com.codeborne.selenide.commands.Commands.execute(Commands.java:162)\n\tat com.codeborne.selenide.impl.SelenideElementProxy.dispatchAndRetry(SelenideElementProxy.java:134)\n\tat com.codeborne.selenide.impl.SelenideElementProxy.invoke(SelenideElementProxy.java:86)\n\tat jdk.proxy2/jdk.proxy2.$Proxy57.shouldBe(Unknown Source)\n\tat com.teamcity.ui.pages.admin.CreateBasePage.baseCreateFrom(CreateBasePage.java:124)\n\tat com.teamcity.ui.pages.admin.CreateBuildTypePage.createFrom(CreateBuildTypePage.java:59)\n\tat com.teamcity.ui.CreateBuildTypeTest.lambda$userCreatesBuildTypeTest$1(CreateBuildTypeTest.java:30)\n\tat io.qameta.allure.Allure.lambda$step$0(Allure.java:113)\n\tat io.qameta.allure.Allure.lambda$step$1(Allure.java:127)\n\tat io.qameta.allure.Allure.step(Allure.java:181)\n\tat io.qameta.allure.Allure.step(Allure.java:125)\n\tat io.qameta.allure.Allure.step(Allure.java:112)\n\tat com.teamcity.ui.CreateBuildTypeTest.userCreatesBuildTypeTest(CreateBuildTypeTest.java:28)\n\tat java.base/jdk.internal.reflect.DirectMethodHandleAccessor.invoke(DirectMethodHandleAccessor.java:103)\n\tat java.base/java.lang.reflect.Method.invoke(Method.java:580)\n\tat org.testng.internal.invokers.MethodInvocationHelper.invokeMethod(MethodInvocationHelper.java:141)\n\tat org.testng.internal.invokers.MethodInvocationHelper$1.runTestMethod(MethodInvocationHelper.java:260)\n\tat com.teamcity.BaseTest.run(BaseTest.java:52)\n\tat org.testng.internal.invokers.MethodInvocationHelper.invokeHookable(MethodInvocationHelper.java:274)\n\tat org.testng.internal.invokers.TestInvoker.invokeMethod(TestInvoker.java:678)\n\tat org.testng.internal.invokers.TestInvoker.retryFailed(TestInvoker.java:269)\n\tat org.testng.internal.invokers.MethodRunner.runInSequence(MethodRunner.java:76)\n\tat org.testng.internal.invokers.TestInvoker$MethodInvocationAgent.invoke(TestInvoker.java:992)\n\tat org.testng.internal.invokers.TestInvoker.invokeTestMethods(TestInvoker.java:203)\n\tat org.testng.internal.invokers.TestMethodWorker.invokeTestMethods(TestMethodWorker.java:154)\n\tat org.testng.internal.invokers.TestMethodWorker.run(TestMethodWorker.java:134)\n\tat java.base/java.util.concurrent.Executors$RunnableAdapter.call(Executors.java:572)\n\tat java.base/java.util.concurrent.FutureTask.run(FutureTask.java:317)\n\tat org.testng.internal.thread.graph.TestNGFutureTask.run(TestNGFutureTask.java:22)\n\tat java.base/java.util.concurrent.ThreadPoolExecutor.runWorker(ThreadPoolExecutor.java:1144)\n\tat java.base/java.util.concurrent.ThreadPoolExecutor$Worker.run(ThreadPoolExecutor.java:642)\n\tat java.base/java.lang.Thread.run(Thread.java:1583)\nCaused by: org.openqa.selenium.NoSuchElementException: Unable to locate element: .saveButtonsBlock > .submitButton\nFor documentation on this error, please visit: https://www.selenium.dev/documentation/webdriver/troubleshooting/errors#no-such-element-exception\nBuild info: version: '4.24.0', revision: '748ffc9bc3'\nSystem info: os.name: 'Linux', os.arch: 'amd64', os.version: '6.11.0-1018-azure', java.version: '21.0.8'\nDriver info: org.openqa.selenium.remote.RemoteWebDriver\nCommand: [585473f6-f374-48d8-871a-dd178f74515b, findElement {using=css selector, value=.saveButtonsBlock > .submitButton}]\nCapabilities {acceptInsecureCerts: true, browserName: firefox, browserVersion: 89.0, moz:accessibilityChecks: false, moz:buildID: 20210527174632, moz:debuggerAddress: localhost:42917, moz:geckodriverVersion: 0.29.1, moz:headless: false, moz:processID: 89, moz:profile: /tmp/rust_mozprofileM8kXYW, moz:shutdownTimeout: 60000, moz:useNonSpecCompliantPointerOrigin: false, moz:webdriverClick: true, pageLoadStrategy: normal, platformName: linux, platformVersion: 6.11.0-1018-azure, se:cdp: ws://localhost:4444/devtool..., se:cdpVersion: 89.0, setWindowRect: true, strictFileInteractability: false, timeouts: {implicit: 0, pageLoad: 300000, script: 30000}, unhandledPromptBehavior: accept}\nSession ID: 585473f6-f374-48d8-871a-dd178f74515b\n\tat java.base/jdk.internal.reflect.DirectConstructorHandleAccessor.newInstance(DirectConstructorHandleAccessor.java:62)\n\tat java.base/java.lang.reflect.Constructor.newInstanceWithCaller(Constructor.java:502)\n\tat java.base/java.lang.reflect.Constructor.newInstance(Constructor.java:486)\n\tat org.openqa.selenium.remote.ErrorCodec.decode(ErrorCodec.java:167)\n\tat org.openqa.selenium.remote.codec.w3c.W3CHttpResponseCodec.decode(W3CHttpResponseCodec.java:138)\n\tat org.openqa.selenium.remote.codec.w3c.W3CHttpResponseCodec.decode(W3CHttpResponseCodec.java:50)\n\tat org.openqa.selenium.remote.HttpCommandExecutor.execute(HttpCommandExecutor.java:190)\n\tat org.openqa.selenium.remote.RemoteWebDriver.execute(RemoteWebDriver.java:545)\n\tat org.openqa.selenium.remote.ElementLocation$ElementFinder$2.findElement(ElementLocation.java:165)\n\tat org.openqa.selenium.remote.ElementLocation.findElement(ElementLocation.java:59)\n\tat org.openqa.selenium.remote.RemoteWebDriver.findElement(RemoteWebDriver.java:368)\n\tat org.openqa.selenium.remote.RemoteWebDriver.findElement(RemoteWebDriver.java:362)\n\tat com.codeborne.selenide.impl.WebElementSelector.findElement(WebElementSelector.java:73)\n\tat com.codeborne.selenide.impl.WebElementSelector.findElement(WebElementSelector.java:46)\n\tat com.codeborne.selenide.impl.WebElementSelector.findElement(WebElementSelector.java:35)\n\tat com.codeborne.selenide.impl.ElementFinder.getWebElement(ElementFinder.java:122)\n\tat com.codeborne.selenide.impl.WebElementSource.checkConditionAndReturnElement(WebElementSource.java:115)\n\t... 35 more\n","steps":[],"attachments":[],"parameters":[{"name":"url","value":"https://github.com/selenide/selenide.git"}],"shouldDisplayMessage":true,"stepsCount":0,"attachmentsCount":0,"hasContent":true,"attachmentStep":false}],"attachments":[],"parameters":[],"shouldDisplayMessage":false,"stepsCount":2,"attachmentsCount":0,"hasContent":true,"attachmentStep":false}],"attachments":[],"parameters":[],"shouldDisplayMessage":false,"stepsCount":5,"attachmentsCount":2,"hasContent":true,"attachmentStep":false},"afterStages":[{"name":"closeWebDriver","time":{"start":1758228089206,"stop":1758228090178,"duration":972},"description":"","status":"passed","steps":[],"attachments":[],"parameters":[],"shouldDisplayMessage":false,"stepsCount":0,"attachmentsCount":0,"hasContent":false,"attachmentStep":false},{"name":"deleteCreatedEntities","time":{"start":1758228090183,"stop":1758228090295,"duration":112},"description":"","status":"passed","steps":[{"name":"Delete test_rGfvyWULGM","time":{"start":1758228090184,"stop":1758228090294,"duration":110},"status":"passed","steps":[],"attachments":[{"uid":"3155963e987d7be1","name":"Request","source":"3155963e987d7be1.html","type":"text/html","size":598},{"uid":"c995b38c190a6ff5","name":"HTTP/1.1 204 ","source":"c995b38c190a6ff5.html","type":"text/html","size":478}],"parameters":[{"name":"id","value":"test_rGfvyWULGM"}],"shouldDisplayMessage":false,"stepsCount":0,"attachmentsCount":2,"hasContent":true,"attachmentStep":false}],"attachments":[],"parameters":[],"shouldDisplayMessage":false,"stepsCount":1,"attachmentsCount":2,"hasContent":true,"attachmentStep":false}],"labels":[{"name":"package","value":"com.teamcity.ui.CreateBuildTypeTest"},{"name":"testClass","value":"com.teamcity.ui.CreateBuildTypeTest"},{"name":"testMethod","value":"userCreatesBuildTypeTest"},{"name":"parentSuite","value":"UI tests"},{"name":"suite","value":"UI tests"},{"name":"subSuite","value":"com.teamcity.ui.CreateBuildTypeTest"},{"name":"host","value":"runnervmf4ws1"},{"name":"thread","value":"5667@runnervmf4ws1.TestNG-test-UI tests-3(31)"},{"name":"framework","value":"testng"},{"name":"language","value":"java"},{"name":"feature","value":"Build type"},{"name":"suite","value":"firefox"},{"name":"tag","value":"firefox"},{"name":"resultFormat","value":"allure2"}],"parameters":[{"name":"arg0","value":"firefox"}],"links":[],"hidden":false,"retry":false,"extra":{"severity":"normal","retries":[{"uid":"e8f15613919aac4b","status":"skipped","statusDetails":"Element not found {.saveButtonsBlock > .submitButton}\nExpected: visible\nScreenshot: file:/home/runner/work/w1/w1/target/reports/tests/1758228050070.0.png\nPage source: file:/home/runner/work/w1/w1/target/reports/tests/1758228050070.0.html\nTimeout: 30 s.\nCaused by: NoSuchElementException: Unable to locate element: .saveButtonsBlock > .submitButton","time":{"start":1758228006306,"stop":1758228050329,"duration":44023}}],"categories":[{"name":"Product defects","matchedStatuses":[],"flaky":false}],"history":{"statistic":{"failed":7,"broken":3,"skipped":0,"passed":26,"unknown":0,"total":36},"items":[{"uid":"f73b865a646aa4e","status":"passed","time":{"start":1758224654323,"stop":1758224718690,"duration":64367}},{"uid":"2d6a77053f9d745","status":"passed","time":{"start":1758223291176,"stop":1758223353286,"duration":62110}},{"uid":"b88c7b1625fdb782","status":"passed","time":{"start":1758223117657,"stop":1758223187632,"duration":69975}},{"uid":"8299790b2b65fe7c","status":"passed","time":{"start":1758222177655,"stop":1758222247709,"duration":70054}},{"uid":"6d95996af01ce920","status":"passed","time":{"start":1758220923555,"stop":1758220994205,"duration":70650}},{"uid":"ed3bb9d9b6efd25d","status":"passed","time":{"start":1758213996779,"stop":1758214062830,"duration":66051}},{"uid":"f2f1703b74e4fa3c","status":"passed","time":{"start":1758212631184,"stop":1758212697771,"duration":66587}},{"uid":"22cb015910ee7421","status":"passed","time":{"start":1758212631184,"stop":1758212697771,"duration":66587}},{"uid":"370ba2828f1de055","status":"passed","time":{"start":1758206365077,"stop":1758206432344,"duration":67267}},{"uid":"b240b461c2b28efe","status":"passed","time":{"start":1758205818637,"stop":1758205842027,"duration":23390}},{"uid":"52839af2fce506c7","status":"failed","statusDetails":"Element not found {.saveButtonsBlock > .submitButton}\nExpected: visible\nScreenshot: file:/home/runner/work/w1/w1/target/reports/tests/1758147874370.5.png\nPage source: file:/home/runner/work/w1/w1/target/reports/tests/1758147874370.5.html\nTimeout: 30 s.\nCaused by: NoSuchElementException: Unable to locate element: .saveButtonsBlock > .submitButton","time":{"start":1758147838281,"stop":1758147874472,"duration":36191}},{"uid":"3cbfb2e64509cdfa","status":"failed","statusDetails":"Element not found {.saveButtonsBlock > .submitButton}\nExpected: visible\nScreenshot: file:/home/runner/work/w1/w1/target/reports/tests/1758144834382.5.png\nPage source: file:/home/runner/work/w1/w1/target/reports/tests/1758144834382.5.html\nTimeout: 30 s.\nCaused by: NoSuchElementException: Unable to locate element: .saveButtonsBlock > .submitButton","time":{"start":1758144798204,"stop":1758144834534,"duration":36330}},{"uid":"38072f5c47d48eb6","status":"failed","statusDetails":"Element not found {.saveButtonsBlock > .submitButton}\nExpected: visible\nScreenshot: file:/home/runner/work/w1/w1/target/reports/tests/1758144834382.5.png\nPage source: file:/home/runner/work/w1/w1/target/reports/tests/1758144834382.5.html\nTimeout: 30 s.\nCaused by: NoSuchElementException: Unable to locate element: .saveButtonsBlock > .submitButton","time":{"start":1758144798204,"stop":1758144834534,"duration":36330}},{"uid":"b1e1548c0139f6df","status":"failed","statusDetails":"Element not found {.saveButtonsBlock > .submitButton}\nExpected: visible\nScreenshot: file:/home/runner/work/w1/w1/target/reports/tests/1758144797727.5.png\nPage source: file:/home/runner/work/w1/w1/target/reports/tests/1758144797727.5.html\nTimeout: 30 s.\nCaused by: NoSuchElementException: Unable to locate element: .saveButtonsBlock > .submitButton","time":{"start":1758144761425,"stop":1758144797934,"duration":36509}},{"uid":"2fec3c55fc781dc0","status":"failed","statusDetails":"Element not found {.saveButtonsBlock > .submitButton}\nExpected: visible\nScreenshot: file:/home/runner/work/w1/w1/target/reports/tests/1758144761459.5.png\nPage source: file:/home/runner/work/w1/w1/target/reports/tests/1758144761459.5.html\nTimeout: 30 s.\nCaused by: NoSuchElementException: Unable to locate element: .saveButtonsBlock > .submitButton","time":{"start":1758144723928,"stop":1758144761618,"duration":37690}},{"uid":"6a0548be8a6b36e5","status":"broken","statusDetails":"Failed to create new instance of class com.teamcity.ui.pages.admin.CreateBuildTypePage","time":{"start":1758142722609,"stop":1758142759136,"duration":36527}},{"uid":"f2e6567b0a983e36","status":"passed","time":{"start":1758142520665,"stop":1758142585685,"duration":65020}},{"uid":"56eba0918d9eb9a8","status":"broken","statusDetails":"Cannot invoke \"com.teamcity.api.models.TestData.getNewProjectDescription()\" because the return value of \"java.lang.ThreadLocal.get()\" is null","time":{"start":1758140796384,"stop":1758140809965,"duration":13581}},{"uid":"f904efc8032408a1","status":"broken","statusDetails":"Cannot invoke \"com.teamcity.api.models.TestData.getNewProjectDescription()\" because the return value of \"java.lang.ThreadLocal.get()\" is null","time":{"start":1758139996502,"stop":1758140009156,"duration":12654}},{"uid":"2df52be41d8757e2","status":"passed","time":{"start":1758138940601,"stop":1758139013704,"duration":73103}}]},"tags":["firefox"]},"source":"bee6ce27def9d88e.json","parameterValues":["firefox"]}