{"uid":"3b243dc99963bb00","name":"User should not be able to create project without name","fullName":"com.teamcity.ui.CreateProjectTest.userCreatesProjectWithoutName","historyId":"6b1c513f4ab4e53278e3ea68410e5d62","time":{"start":1758290684478,"stop":1758290729011,"duration":44533},"status":"skipped","statusMessage":"Test can be run on chrome browser(s) only, but configured browser is: firefox. Skipping test: userCreatesProjectWithoutName","statusTrace":"org.testng.SkipException: Test can be run on chrome browser(s) only, but configured browser is: firefox. Skipping test: userCreatesProjectWithoutName\n\tat com.teamcity.ui.listeners.BrowserTestListener.beforeInvocation(BrowserTestListener.java:46)\n\tat org.testng.internal.invokers.InvokedMethodListenerInvoker.invokeListener(InvokedMethodListenerInvoker.java:55)\n\tat org.testng.internal.invokers.BaseInvoker.runInvokedMethodListeners(BaseInvoker.java:82)\n\tat org.testng.internal.invokers.TestInvoker.invokeMethod(TestInvoker.java:651)\n\tat org.testng.internal.invokers.TestInvoker.invokeTestMethod(TestInvoker.java:230)\n\tat org.testng.internal.invokers.MethodRunner.runInSequence(MethodRunner.java:63)\n\tat org.testng.internal.invokers.TestInvoker$MethodInvocationAgent.invoke(TestInvoker.java:992)\n\tat org.testng.internal.invokers.TestInvoker.invokeTestMethods(TestInvoker.java:203)\n\tat org.testng.internal.invokers.TestMethodWorker.invokeTestMethods(TestMethodWorker.java:154)\n\tat org.testng.internal.invokers.TestMethodWorker.run(TestMethodWorker.java:134)\n\tat java.base/java.util.concurrent.Executors$RunnableAdapter.call(Executors.java:572)\n\tat java.base/java.util.concurrent.FutureTask.run(FutureTask.java:317)\n\tat org.testng.internal.thread.graph.TestNGFutureTask.run(TestNGFutureTask.java:22)\n\tat java.base/java.util.concurrent.ThreadPoolExecutor.runWorker(ThreadPoolExecutor.java:1144)\n\tat java.base/java.util.concurrent.ThreadPoolExecutor$Worker.run(ThreadPoolExecutor.java:642)\n\tat java.base/java.lang.Thread.run(Thread.java:1583)\n","flaky":false,"newFailed":false,"newBroken":false,"newPassed":false,"retriesCount":0,"retriesStatusChange":false,"beforeStages":[{"name":"generateBaseTestData","time":{"start":1758290684246,"stop":1758290684275,"duration":29},"description":"","status":"passed","steps":[],"attachments":[],"parameters":[],"shouldDisplayMessage":false,"stepsCount":0,"attachmentsCount":0,"hasContent":false,"attachmentStep":false}],"testStage":{"status":"skipped","statusMessage":"Test can be run on chrome browser(s) only, but configured browser is: firefox. Skipping test: userCreatesProjectWithoutName","statusTrace":"org.testng.SkipException: Test can be run on chrome browser(s) only, but configured browser is: firefox. Skipping test: userCreatesProjectWithoutName\n\tat com.teamcity.ui.listeners.BrowserTestListener.beforeInvocation(BrowserTestListener.java:46)\n\tat org.testng.internal.invokers.InvokedMethodListenerInvoker.invokeListener(InvokedMethodListenerInvoker.java:55)\n\tat org.testng.internal.invokers.BaseInvoker.runInvokedMethodListeners(BaseInvoker.java:82)\n\tat org.testng.internal.invokers.TestInvoker.invokeMethod(TestInvoker.java:651)\n\tat org.testng.internal.invokers.TestInvoker.invokeTestMethod(TestInvoker.java:230)\n\tat org.testng.internal.invokers.MethodRunner.runInSequence(MethodRunner.java:63)\n\tat org.testng.internal.invokers.TestInvoker$MethodInvocationAgent.invoke(TestInvoker.java:992)\n\tat org.testng.internal.invokers.TestInvoker.invokeTestMethods(TestInvoker.java:203)\n\tat org.testng.internal.invokers.TestMethodWorker.invokeTestMethods(TestMethodWorker.java:154)\n\tat org.testng.internal.invokers.TestMethodWorker.run(TestMethodWorker.java:134)\n\tat java.base/java.util.concurrent.Executors$RunnableAdapter.call(Executors.java:572)\n\tat java.base/java.util.concurrent.FutureTask.run(FutureTask.java:317)\n\tat org.testng.internal.thread.graph.TestNGFutureTask.run(TestNGFutureTask.java:22)\n\tat java.base/java.util.concurrent.ThreadPoolExecutor.runWorker(ThreadPoolExecutor.java:1144)\n\tat java.base/java.util.concurrent.ThreadPoolExecutor$Worker.run(ThreadPoolExecutor.java:642)\n\tat java.base/java.lang.Thread.run(Thread.java:1583)\n","steps":[{"name":"Creating new user: test_YXQoNbqJzh","time":{"start":1758290684510,"stop":1758290689013,"duration":4503},"status":"passed","steps":[{"name":"Create User(id=null, username=test_YXQoNbqJzh, email=test_ltDoaNebuI, password=test_IXNpmEwxem, roles=Roles(role=[Role(roleId=SYSTEM_ADMIN, scope=g)]))","time":{"start":1758290684511,"stop":1758290688843,"duration":4332},"status":"passed","steps":[],"attachments":[{"uid":"e4fe4a953fe4bde5","name":"Request","source":"e4fe4a953fe4bde5.html","type":"text/html","size":1443},{"uid":"ade83cfd62282408","name":"HTTP/1.1 200 ","source":"ade83cfd62282408.html","type":"text/html","size":2140}],"parameters":[{"name":"model","value":"User(id=null, username=test_YXQoNbqJzh, email=test_ltDoaNebuI, password=test_IXNpmEwxem, roles=Roles(role=[Role(roleId=SYSTEM_ADMIN, scope=g)]))"}],"shouldDisplayMessage":false,"stepsCount":0,"attachmentsCount":2,"hasContent":true,"attachmentStep":false}],"attachments":[],"parameters":[{"name":"user","value":"User(id=null, username=test_YXQoNbqJzh, email=test_ltDoaNebuI, password=test_IXNpmEwxem, roles=Roles(role=[Role(roleId=SYSTEM_ADMIN, scope=g)]))"}],"shouldDisplayMessage":false,"stepsCount":1,"attachmentsCount":2,"hasContent":true,"attachmentStep":false},{"name":"Open login page","time":{"start":1758290689014,"stop":1758290698171,"duration":9157},"status":"passed","steps":[],"attachments":[],"parameters":[],"shouldDisplayMessage":false,"stepsCount":0,"attachmentsCount":0,"hasContent":false,"attachmentStep":false},{"name":"Login as test_YXQoNbqJzh","time":{"start":1758290698172,"stop":1758290728757,"duration":30585},"status":"passed","steps":[],"attachments":[],"parameters":[{"name":"user","value":"User(id=null, username=test_YXQoNbqJzh, email=test_ltDoaNebuI, password=test_IXNpmEwxem, roles=Roles(role=[Role(roleId=SYSTEM_ADMIN, scope=g)]))"}],"shouldDisplayMessage":false,"stepsCount":0,"attachmentsCount":0,"hasContent":true,"attachmentStep":false}],"attachments":[],"parameters":[],"shouldDisplayMessage":true,"stepsCount":4,"attachmentsCount":2,"hasContent":true,"attachmentStep":false},"afterStages":[{"name":"closeWebDriver","time":{"start":1758290729181,"stop":1758290730272,"duration":1091},"description":"","status":"passed","steps":[],"attachments":[],"parameters":[],"shouldDisplayMessage":false,"stepsCount":0,"attachmentsCount":0,"hasContent":false,"attachmentStep":false},{"name":"deleteCreatedEntities","time":{"start":1758290730277,"stop":1758290730667,"duration":390},"description":"","status":"passed","steps":[{"name":"Delete 1","time":{"start":1758290730279,"stop":1758290730667,"duration":388},"status":"passed","steps":[],"attachments":[{"uid":"64850e176506c09c","name":"Request","source":"64850e176506c09c.html","type":"text/html","size":564},{"uid":"a1db8f8c12b060d5","name":"HTTP/1.1 204 ","source":"a1db8f8c12b060d5.html","type":"text/html","size":478}],"parameters":[{"name":"id","value":"1"}],"shouldDisplayMessage":false,"stepsCount":0,"attachmentsCount":2,"hasContent":true,"attachmentStep":false}],"attachments":[],"parameters":[],"shouldDisplayMessage":false,"stepsCount":1,"attachmentsCount":2,"hasContent":true,"attachmentStep":false}],"labels":[{"name":"package","value":"com.teamcity.ui.CreateProjectTest"},{"name":"testClass","value":"com.teamcity.ui.CreateProjectTest"},{"name":"testMethod","value":"userCreatesProjectWithoutName"},{"name":"parentSuite","value":"UI tests"},{"name":"suite","value":"UI tests"},{"name":"subSuite","value":"com.teamcity.ui.CreateProjectTest"},{"name":"host","value":"runnervmf4ws1"},{"name":"thread","value":"5759@runnervmf4ws1.TestNG-test-UI tests-2(30)"},{"name":"framework","value":"testng"},{"name":"language","value":"java"},{"name":"feature","value":"Project"},{"name":"resultFormat","value":"allure2"}],"parameters":[{"name":"arg0","value":"firefox"}],"links":[],"hidden":false,"retry":false,"extra":{"severity":"normal","retries":[],"categories":[],"history":{"statistic":{"failed":5,"broken":1,"skipped":25,"passed":20,"unknown":0,"total":51},"items":[{"uid":"91fa09bb20b1bba4","status":"skipped","statusDetails":"Test can be run on chrome browser(s) only, but configured browser is: firefox. Skipping test: userCreatesProjectWithoutName","time":{"start":1758288199351,"stop":1758288240742,"duration":41391}},{"uid":"518aea21b460bc28","status":"skipped","statusDetails":"Test can be run on chrome browser(s) only, but configured browser is: firefox. Skipping test: userCreatesProjectWithoutName","time":{"start":1758287495434,"stop":1758287539830,"duration":44396}},{"uid":"1945142be769c253","status":"skipped","statusDetails":"Test can be run on chrome browser(s) only, but configured browser is: firefox. Skipping test: userCreatesProjectWithoutName","time":{"start":1758286663461,"stop":1758286705336,"duration":41875}},{"uid":"2c32e3fd62a2dbe0","status":"skipped","statusDetails":"Test can be run on chrome browser(s) only, but configured browser is: firefox. Skipping test: userCreatesProjectWithoutName","time":{"start":1758284353374,"stop":1758284394404,"duration":41030}},{"uid":"d62f37b90f9c0d4e","status":"skipped","statusDetails":"Test can be run on chrome browser(s) only, but configured browser is: firefox. Skipping test: userCreatesProjectWithoutName","time":{"start":1758284244593,"stop":1758284284534,"duration":39941}},{"uid":"7f5bd1e63aa3ba4e","status":"skipped","statusDetails":"Test can be run on chrome browser(s) only, but configured browser is: firefox. Skipping test: userCreatesProjectWithoutName","time":{"start":1758283429763,"stop":1758283473494,"duration":43731}},{"uid":"2ab249642fc5ddf7","status":"skipped","statusDetails":"Test can be run on chrome browser(s) only, but configured browser is: firefox. Skipping test: userCreatesProjectWithoutName","time":{"start":1758280832233,"stop":1758280872228,"duration":39995}},{"uid":"53150e36874596a0","status":"skipped","statusDetails":"Test can be run on chrome browser(s) only, but configured browser is: firefox. Skipping test: userCreatesProjectWithoutName","time":{"start":1758240527846,"stop":1758240570041,"duration":42195}},{"uid":"c3950e65b2099a40","status":"skipped","statusDetails":"Test can be run on chrome browser(s) only, but configured browser is: firefox. Skipping test: userCreatesProjectWithoutName","time":{"start":1758232762302,"stop":1758232803604,"duration":41302}},{"uid":"43bbefd9426a52bb","status":"skipped","statusDetails":"Test can be run on chrome browser(s) only, but configured browser is: firefox. Skipping test: userCreatesProjectWithoutName","time":{"start":1758232225311,"stop":1758232266140,"duration":40829}},{"uid":"4e81283e92829d6e","status":"skipped","statusDetails":"Test can be run on chrome browser(s) only, but configured browser is: firefox. Skipping test: userCreatesProjectWithoutName","time":{"start":1758231194902,"stop":1758231239100,"duration":44198}},{"uid":"6a3d99b0bb8b6715","status":"skipped","statusDetails":"Test can be run on chrome browser(s) only, but configured browser is: firefox. Skipping test: userCreatesProjectWithoutName","time":{"start":1758230314540,"stop":1758230355539,"duration":40999}},{"uid":"eb0c186a01887ab8","status":"skipped","statusDetails":"Test can be run on chrome browser(s) only, but configured browser is: firefox. Skipping test: userCreatesProjectWithoutName","time":{"start":1758229294795,"stop":1758229334395,"duration":39600}},{"uid":"a2f3aeddd190927b","status":"skipped","statusDetails":"Test can be run on chrome browser(s) only, but configured browser is: firefox. Skipping test: userCreatesProjectWithoutName","time":{"start":1758228056694,"stop":1758228102256,"duration":45562}},{"uid":"d75dc21438ebd311","status":"skipped","statusDetails":"Test can be run on chrome browser(s) only, but configured browser is: firefox. Skipping test: userCreatesProjectWithoutName","time":{"start":1758228006307,"stop":1758228045598,"duration":39291}},{"uid":"444034bdf9afb16e","status":"skipped","statusDetails":"Test can be run on chrome browser(s) only, but configured browser is: firefox. Skipping test: userCreatesProjectWithoutName","time":{"start":1758224654326,"stop":1758224695698,"duration":41372}},{"uid":"86532a4caf17dd27","status":"skipped","statusDetails":"Test can be run on chrome browser(s) only, but configured browser is: firefox. Skipping test: userCreatesProjectWithoutName","time":{"start":1758223291178,"stop":1758223330718,"duration":39540}},{"uid":"22cf53198374faf1","status":"skipped","statusDetails":"Test can be run on chrome browser(s) only, but configured browser is: firefox. Skipping test: userCreatesProjectWithoutName","time":{"start":1758223117659,"stop":1758223160717,"duration":43058}},{"uid":"f52982e46dc737b9","status":"skipped","statusDetails":"Test can be run on chrome browser(s) only, but configured browser is: firefox. Skipping test: userCreatesProjectWithoutName","time":{"start":1758222177658,"stop":1758222220459,"duration":42801}},{"uid":"f3c3e7b5c71d4586","status":"skipped","statusDetails":"Test can be run on chrome browser(s) only, but configured browser is: firefox. Skipping test: userCreatesProjectWithoutName","time":{"start":1758220923551,"stop":1758220968462,"duration":44911}}]},"tags":[]},"source":"3b243dc99963bb00.json","parameterValues":["firefox"]}