{"uid":"790fb8351433baf1","name":"User should not be able to create project without name","fullName":"com.teamcity.ui.CreateProjectTest.userCreatesProjectWithoutName","historyId":"6b1c513f4ab4e53278e3ea68410e5d62","time":{"start":1758385646966,"stop":1758385683065,"duration":36099},"status":"skipped","statusMessage":"Test can be run on chrome browser(s) only, but configured browser is: firefox. Skipping test: userCreatesProjectWithoutName","statusTrace":"org.testng.SkipException: Test can be run on chrome browser(s) only, but configured browser is: firefox. Skipping test: userCreatesProjectWithoutName\n\tat com.teamcity.ui.listeners.BrowserTestListener.beforeInvocation(BrowserTestListener.java:46)\n\tat org.testng.internal.invokers.InvokedMethodListenerInvoker.invokeListener(InvokedMethodListenerInvoker.java:55)\n\tat org.testng.internal.invokers.BaseInvoker.runInvokedMethodListeners(BaseInvoker.java:82)\n\tat org.testng.internal.invokers.TestInvoker.invokeMethod(TestInvoker.java:651)\n\tat org.testng.internal.invokers.TestInvoker.invokeTestMethod(TestInvoker.java:230)\n\tat org.testng.internal.invokers.MethodRunner.runInSequence(MethodRunner.java:63)\n\tat org.testng.internal.invokers.TestInvoker$MethodInvocationAgent.invoke(TestInvoker.java:992)\n\tat org.testng.internal.invokers.TestInvoker.invokeTestMethods(TestInvoker.java:203)\n\tat org.testng.internal.invokers.TestMethodWorker.invokeTestMethods(TestMethodWorker.java:154)\n\tat org.testng.internal.invokers.TestMethodWorker.run(TestMethodWorker.java:134)\n\tat java.base/java.util.concurrent.Executors$RunnableAdapter.call(Executors.java:572)\n\tat java.base/java.util.concurrent.FutureTask.run(FutureTask.java:317)\n\tat org.testng.internal.thread.graph.TestNGFutureTask.run(TestNGFutureTask.java:22)\n\tat java.base/java.util.concurrent.ThreadPoolExecutor.runWorker(ThreadPoolExecutor.java:1144)\n\tat java.base/java.util.concurrent.ThreadPoolExecutor$Worker.run(ThreadPoolExecutor.java:642)\n\tat java.base/java.lang.Thread.run(Thread.java:1583)\n","flaky":false,"newFailed":false,"newBroken":false,"newPassed":false,"retriesCount":0,"retriesStatusChange":false,"beforeStages":[{"name":"generateBaseTestData","time":{"start":1758385646688,"stop":1758385646749,"duration":61},"description":"","status":"passed","steps":[],"attachments":[],"parameters":[],"stepsCount":0,"attachmentsCount":0,"shouldDisplayMessage":false,"hasContent":false,"attachmentStep":false}],"testStage":{"status":"skipped","statusMessage":"Test can be run on chrome browser(s) only, but configured browser is: firefox. Skipping test: userCreatesProjectWithoutName","statusTrace":"org.testng.SkipException: Test can be run on chrome browser(s) only, but configured browser is: firefox. Skipping test: userCreatesProjectWithoutName\n\tat com.teamcity.ui.listeners.BrowserTestListener.beforeInvocation(BrowserTestListener.java:46)\n\tat org.testng.internal.invokers.InvokedMethodListenerInvoker.invokeListener(InvokedMethodListenerInvoker.java:55)\n\tat org.testng.internal.invokers.BaseInvoker.runInvokedMethodListeners(BaseInvoker.java:82)\n\tat org.testng.internal.invokers.TestInvoker.invokeMethod(TestInvoker.java:651)\n\tat org.testng.internal.invokers.TestInvoker.invokeTestMethod(TestInvoker.java:230)\n\tat org.testng.internal.invokers.MethodRunner.runInSequence(MethodRunner.java:63)\n\tat org.testng.internal.invokers.TestInvoker$MethodInvocationAgent.invoke(TestInvoker.java:992)\n\tat org.testng.internal.invokers.TestInvoker.invokeTestMethods(TestInvoker.java:203)\n\tat org.testng.internal.invokers.TestMethodWorker.invokeTestMethods(TestMethodWorker.java:154)\n\tat org.testng.internal.invokers.TestMethodWorker.run(TestMethodWorker.java:134)\n\tat java.base/java.util.concurrent.Executors$RunnableAdapter.call(Executors.java:572)\n\tat java.base/java.util.concurrent.FutureTask.run(FutureTask.java:317)\n\tat org.testng.internal.thread.graph.TestNGFutureTask.run(TestNGFutureTask.java:22)\n\tat java.base/java.util.concurrent.ThreadPoolExecutor.runWorker(ThreadPoolExecutor.java:1144)\n\tat java.base/java.util.concurrent.ThreadPoolExecutor$Worker.run(ThreadPoolExecutor.java:642)\n\tat java.base/java.lang.Thread.run(Thread.java:1583)\n","steps":[{"name":"Creating new user: test_ukQqLqZPZT","time":{"start":1758385647002,"stop":1758385650773,"duration":3771},"status":"passed","steps":[{"name":"Create User(id=null, username=test_ukQqLqZPZT, email=test_uiJkYeHwIL, password=test_ZDJoYLzhqG, roles=Roles(role=[Role(roleId=SYSTEM_ADMIN, scope=g)]))","time":{"start":1758385647003,"stop":1758385650635,"duration":3632},"status":"passed","steps":[],"attachments":[{"uid":"fe66c92c70547174","name":"Request","source":"fe66c92c70547174.html","type":"text/html","size":1443},{"uid":"6e547913372ec89a","name":"HTTP/1.1 200 ","source":"6e547913372ec89a.html","type":"text/html","size":2140}],"parameters":[{"name":"model","value":"User(id=null, username=test_ukQqLqZPZT, email=test_uiJkYeHwIL, password=test_ZDJoYLzhqG, roles=Roles(role=[Role(roleId=SYSTEM_ADMIN, scope=g)]))"}],"stepsCount":0,"attachmentsCount":2,"shouldDisplayMessage":false,"hasContent":true,"attachmentStep":false}],"attachments":[],"parameters":[{"name":"user","value":"User(id=null, username=test_ukQqLqZPZT, email=test_uiJkYeHwIL, password=test_ZDJoYLzhqG, roles=Roles(role=[Role(roleId=SYSTEM_ADMIN, scope=g)]))"}],"stepsCount":1,"attachmentsCount":2,"shouldDisplayMessage":false,"hasContent":true,"attachmentStep":false},{"name":"Open login page","time":{"start":1758385650773,"stop":1758385659850,"duration":9077},"status":"passed","steps":[],"attachments":[],"parameters":[],"stepsCount":0,"attachmentsCount":0,"shouldDisplayMessage":false,"hasContent":false,"attachmentStep":false},{"name":"Login as test_ukQqLqZPZT","time":{"start":1758385659850,"stop":1758385682500,"duration":22650},"status":"passed","steps":[],"attachments":[],"parameters":[{"name":"user","value":"User(id=null, username=test_ukQqLqZPZT, email=test_uiJkYeHwIL, password=test_ZDJoYLzhqG, roles=Roles(role=[Role(roleId=SYSTEM_ADMIN, scope=g)]))"}],"stepsCount":0,"attachmentsCount":0,"shouldDisplayMessage":false,"hasContent":true,"attachmentStep":false}],"attachments":[],"parameters":[],"stepsCount":4,"attachmentsCount":2,"shouldDisplayMessage":true,"hasContent":true,"attachmentStep":false},"afterStages":[{"name":"closeWebDriver","time":{"start":1758385683185,"stop":1758385684188,"duration":1003},"description":"","status":"passed","steps":[],"attachments":[],"parameters":[],"stepsCount":0,"attachmentsCount":0,"shouldDisplayMessage":false,"hasContent":false,"attachmentStep":false},{"name":"deleteCreatedEntities","time":{"start":1758385684195,"stop":1758385684579,"duration":384},"description":"","status":"passed","steps":[{"name":"Delete 2","time":{"start":1758385684196,"stop":1758385684579,"duration":383},"status":"passed","steps":[],"attachments":[{"uid":"df3e3dd38efa93e4","name":"Request","source":"df3e3dd38efa93e4.html","type":"text/html","size":564},{"uid":"d82a614187a55cb4","name":"HTTP/1.1 204 ","source":"d82a614187a55cb4.html","type":"text/html","size":478}],"parameters":[{"name":"id","value":"2"}],"stepsCount":0,"attachmentsCount":2,"shouldDisplayMessage":false,"hasContent":true,"attachmentStep":false}],"attachments":[],"parameters":[],"stepsCount":1,"attachmentsCount":2,"shouldDisplayMessage":false,"hasContent":true,"attachmentStep":false}],"labels":[{"name":"package","value":"com.teamcity.ui.CreateProjectTest"},{"name":"testClass","value":"com.teamcity.ui.CreateProjectTest"},{"name":"testMethod","value":"userCreatesProjectWithoutName"},{"name":"parentSuite","value":"UI tests"},{"name":"suite","value":"UI tests"},{"name":"subSuite","value":"com.teamcity.ui.CreateProjectTest"},{"name":"host","value":"runnervmf4ws1"},{"name":"thread","value":"5615@runnervmf4ws1.TestNG-test-UI tests-2(30)"},{"name":"framework","value":"testng"},{"name":"language","value":"java"},{"name":"feature","value":"Project"},{"name":"resultFormat","value":"allure2"}],"parameters":[{"name":"arg0","value":"firefox"}],"links":[],"hidden":false,"retry":false,"extra":{"severity":"normal","retries":[],"categories":[],"history":{"statistic":{"failed":5,"broken":3,"skipped":32,"passed":20,"unknown":0,"total":60},"items":[{"uid":"8fb0eea854258bed","status":"broken","statusDetails":"Failed to create new instance of class com.teamcity.ui.pages.ProjectsPage","time":{"start":1758379572400,"stop":1758379618496,"duration":46096}},{"uid":"f29c08f6071da11c","status":"broken","statusDetails":"Failed to create new instance of class com.teamcity.ui.pages.ProjectsPage","time":{"start":1758321866994,"stop":1758321913187,"duration":46193}},{"uid":"f32a8f8442da31f3","status":"skipped","statusDetails":"Test can be run on chrome browser(s) only, but configured browser is: firefox. Skipping test: userCreatesProjectWithoutName","time":{"start":1758312510033,"stop":1758312552849,"duration":42816}},{"uid":"3575caa15fc968bc","status":"skipped","statusDetails":"Test can be run on chrome browser(s) only, but configured browser is: firefox. Skipping test: userCreatesProjectWithoutName","time":{"start":1758311808622,"stop":1758311852666,"duration":44044}},{"uid":"aabf8971cdfc0250","status":"skipped","statusDetails":"Test can be run on chrome browser(s) only, but configured browser is: firefox. Skipping test: userCreatesProjectWithoutName","time":{"start":1758310207108,"stop":1758310251149,"duration":44041}},{"uid":"986f50fa83732c8b","status":"skipped","statusDetails":"Test can be run on chrome browser(s) only, but configured browser is: firefox. Skipping test: userCreatesProjectWithoutName","time":{"start":1758303885736,"stop":1758303927398,"duration":41662}},{"uid":"cd546f96f1520106","status":"skipped","statusDetails":"Test can be run on chrome browser(s) only, but configured browser is: firefox. Skipping test: userCreatesProjectWithoutName","time":{"start":1758293516518,"stop":1758293558173,"duration":41655}},{"uid":"6ce6f9bbe359c08","status":"skipped","statusDetails":"Test can be run on chrome browser(s) only, but configured browser is: firefox. Skipping test: userCreatesProjectWithoutName","time":{"start":1758292135143,"stop":1758292178172,"duration":43029}},{"uid":"3b243dc99963bb00","status":"skipped","statusDetails":"Test can be run on chrome browser(s) only, but configured browser is: firefox. Skipping test: userCreatesProjectWithoutName","time":{"start":1758290684478,"stop":1758290729011,"duration":44533}},{"uid":"91fa09bb20b1bba4","status":"skipped","statusDetails":"Test can be run on chrome browser(s) only, but configured browser is: firefox. Skipping test: userCreatesProjectWithoutName","time":{"start":1758288199351,"stop":1758288240742,"duration":41391}},{"uid":"518aea21b460bc28","status":"skipped","statusDetails":"Test can be run on chrome browser(s) only, but configured browser is: firefox. Skipping test: userCreatesProjectWithoutName","time":{"start":1758287495434,"stop":1758287539830,"duration":44396}},{"uid":"1945142be769c253","status":"skipped","statusDetails":"Test can be run on chrome browser(s) only, but configured browser is: firefox. Skipping test: userCreatesProjectWithoutName","time":{"start":1758286663461,"stop":1758286705336,"duration":41875}},{"uid":"2c32e3fd62a2dbe0","status":"skipped","statusDetails":"Test can be run on chrome browser(s) only, but configured browser is: firefox. Skipping test: userCreatesProjectWithoutName","time":{"start":1758284353374,"stop":1758284394404,"duration":41030}},{"uid":"d62f37b90f9c0d4e","status":"skipped","statusDetails":"Test can be run on chrome browser(s) only, but configured browser is: firefox. Skipping test: userCreatesProjectWithoutName","time":{"start":1758284244593,"stop":1758284284534,"duration":39941}},{"uid":"7f5bd1e63aa3ba4e","status":"skipped","statusDetails":"Test can be run on chrome browser(s) only, but configured browser is: firefox. Skipping test: userCreatesProjectWithoutName","time":{"start":1758283429763,"stop":1758283473494,"duration":43731}},{"uid":"2ab249642fc5ddf7","status":"skipped","statusDetails":"Test can be run on chrome browser(s) only, but configured browser is: firefox. Skipping test: userCreatesProjectWithoutName","time":{"start":1758280832233,"stop":1758280872228,"duration":39995}},{"uid":"53150e36874596a0","status":"skipped","statusDetails":"Test can be run on chrome browser(s) only, but configured browser is: firefox. Skipping test: userCreatesProjectWithoutName","time":{"start":1758240527846,"stop":1758240570041,"duration":42195}},{"uid":"c3950e65b2099a40","status":"skipped","statusDetails":"Test can be run on chrome browser(s) only, but configured browser is: firefox. Skipping test: userCreatesProjectWithoutName","time":{"start":1758232762302,"stop":1758232803604,"duration":41302}},{"uid":"43bbefd9426a52bb","status":"skipped","statusDetails":"Test can be run on chrome browser(s) only, but configured browser is: firefox. Skipping test: userCreatesProjectWithoutName","time":{"start":1758232225311,"stop":1758232266140,"duration":40829}},{"uid":"4e81283e92829d6e","status":"skipped","statusDetails":"Test can be run on chrome browser(s) only, but configured browser is: firefox. Skipping test: userCreatesProjectWithoutName","time":{"start":1758231194902,"stop":1758231239100,"duration":44198}}]},"tags":[]},"source":"790fb8351433baf1.json","parameterValues":["firefox"]}