{"uid":"700678f1cb7ede1a","name":"User should be able to create build type step and start build","fullName":"com.teamcity.ui.StartBuildTest.userCreatesBuildTypeStepAndStartsBuildTest","historyId":"2e913170ae6ceca412996b50dc581589","time":{"start":1758139960886,"stop":1758139987717,"duration":26831},"status":"skipped","statusMessage":"No comparison rule found for class Build","statusTrace":"java.lang.AssertionError: No comparison rule found for class Build\n\tat com.teamcity.api.models.comparison.ModelAssertions.match(ModelAssertions.java:32)\n\tat com.teamcity.ui.StartBuildTest.lambda$userCreatesBuildTypeStepAndStartsBuildTest$3(StartBuildTest.java:55)\n\tat io.qameta.allure.Allure.lambda$step$0(Allure.java:113)\n\tat io.qameta.allure.Allure.lambda$step$1(Allure.java:127)\n\tat io.qameta.allure.Allure.step(Allure.java:181)\n\tat io.qameta.allure.Allure.step(Allure.java:125)\n\tat io.qameta.allure.Allure.step(Allure.java:112)\n\tat com.teamcity.ui.StartBuildTest.userCreatesBuildTypeStepAndStartsBuildTest(StartBuildTest.java:43)\n\tat java.base/jdk.internal.reflect.DirectMethodHandleAccessor.invoke(DirectMethodHandleAccessor.java:103)\n\tat java.base/java.lang.reflect.Method.invoke(Method.java:580)\n\tat org.testng.internal.invokers.MethodInvocationHelper.invokeMethod(MethodInvocationHelper.java:141)\n\tat org.testng.internal.invokers.MethodInvocationHelper$1.runTestMethod(MethodInvocationHelper.java:260)\n\tat com.teamcity.BaseTest.run(BaseTest.java:52)\n\tat org.testng.internal.invokers.MethodInvocationHelper.invokeHookable(MethodInvocationHelper.java:274)\n\tat org.testng.internal.invokers.TestInvoker.invokeMethod(TestInvoker.java:678)\n\tat org.testng.internal.invokers.TestInvoker.invokeTestMethod(TestInvoker.java:230)\n\tat org.testng.internal.invokers.MethodRunner.runInSequence(MethodRunner.java:63)\n\tat org.testng.internal.invokers.TestInvoker$MethodInvocationAgent.invoke(TestInvoker.java:992)\n\tat org.testng.internal.invokers.TestInvoker.invokeTestMethods(TestInvoker.java:203)\n\tat org.testng.internal.invokers.TestMethodWorker.invokeTestMethods(TestMethodWorker.java:154)\n\tat org.testng.internal.invokers.TestMethodWorker.run(TestMethodWorker.java:134)\n\tat java.base/java.util.concurrent.Executors$RunnableAdapter.call(Executors.java:572)\n\tat java.base/java.util.concurrent.FutureTask.run(FutureTask.java:317)\n\tat org.testng.internal.thread.graph.TestNGFutureTask.run(TestNGFutureTask.java:22)\n\tat java.base/java.util.concurrent.ThreadPoolExecutor.runWorker(ThreadPoolExecutor.java:1144)\n\tat java.base/java.util.concurrent.ThreadPoolExecutor$Worker.run(ThreadPoolExecutor.java:642)\n\tat java.base/java.lang.Thread.run(Thread.java:1583)\n","flaky":false,"newFailed":false,"newBroken":false,"newPassed":false,"retriesCount":0,"retriesStatusChange":false,"beforeStages":[{"name":"generateBaseTestData","time":{"start":1758139960854,"stop":1758139960868,"duration":14},"description":"","status":"passed","steps":[],"attachments":[],"parameters":[],"shouldDisplayMessage":false,"stepsCount":0,"attachmentsCount":0,"hasContent":false,"attachmentStep":false}],"testStage":{"status":"skipped","statusMessage":"No comparison rule found for class Build","statusTrace":"java.lang.AssertionError: No comparison rule found for class Build\n\tat com.teamcity.api.models.comparison.ModelAssertions.match(ModelAssertions.java:32)\n\tat com.teamcity.ui.StartBuildTest.lambda$userCreatesBuildTypeStepAndStartsBuildTest$3(StartBuildTest.java:55)\n\tat io.qameta.allure.Allure.lambda$step$0(Allure.java:113)\n\tat io.qameta.allure.Allure.lambda$step$1(Allure.java:127)\n\tat io.qameta.allure.Allure.step(Allure.java:181)\n\tat io.qameta.allure.Allure.step(Allure.java:125)\n\tat io.qameta.allure.Allure.step(Allure.java:112)\n\tat com.teamcity.ui.StartBuildTest.userCreatesBuildTypeStepAndStartsBuildTest(StartBuildTest.java:43)\n\tat java.base/jdk.internal.reflect.DirectMethodHandleAccessor.invoke(DirectMethodHandleAccessor.java:103)\n\tat java.base/java.lang.reflect.Method.invoke(Method.java:580)\n\tat org.testng.internal.invokers.MethodInvocationHelper.invokeMethod(MethodInvocationHelper.java:141)\n\tat org.testng.internal.invokers.MethodInvocationHelper$1.runTestMethod(MethodInvocationHelper.java:260)\n\tat com.teamcity.BaseTest.run(BaseTest.java:52)\n\tat org.testng.internal.invokers.MethodInvocationHelper.invokeHookable(MethodInvocationHelper.java:274)\n\tat org.testng.internal.invokers.TestInvoker.invokeMethod(TestInvoker.java:678)\n\tat org.testng.internal.invokers.TestInvoker.invokeTestMethod(TestInvoker.java:230)\n\tat org.testng.internal.invokers.MethodRunner.runInSequence(MethodRunner.java:63)\n\tat org.testng.internal.invokers.TestInvoker$MethodInvocationAgent.invoke(TestInvoker.java:992)\n\tat org.testng.internal.invokers.TestInvoker.invokeTestMethods(TestInvoker.java:203)\n\tat org.testng.internal.invokers.TestMethodWorker.invokeTestMethods(TestMethodWorker.java:154)\n\tat org.testng.internal.invokers.TestMethodWorker.run(TestMethodWorker.java:134)\n\tat java.base/java.util.concurrent.Executors$RunnableAdapter.call(Executors.java:572)\n\tat java.base/java.util.concurrent.FutureTask.run(FutureTask.java:317)\n\tat org.testng.internal.thread.graph.TestNGFutureTask.run(TestNGFutureTask.java:22)\n\tat java.base/java.util.concurrent.ThreadPoolExecutor.runWorker(ThreadPoolExecutor.java:1144)\n\tat java.base/java.util.concurrent.ThreadPoolExecutor$Worker.run(ThreadPoolExecutor.java:642)\n\tat java.base/java.lang.Thread.run(Thread.java:1583)\n","steps":[{"name":"Creating new user: test_GyOZMxeXuN","time":{"start":1758139960895,"stop":1758139961127,"duration":232},"status":"passed","steps":[{"name":"Create User(id=null, username=test_GyOZMxeXuN, email=test_vAGKVsNWgK, password=test_GjgggxsmBV, roles=Roles(role=[Role(roleId=SYSTEM_ADMIN, scope=g)]))","time":{"start":1758139960899,"stop":1758139961114,"duration":215},"status":"passed","steps":[],"attachments":[{"uid":"9e9f83390470848e","name":"Request","source":"9e9f83390470848e.html","type":"text/html","size":1443},{"uid":"16e353a151025b4f","name":"HTTP/1.1 200 ","source":"16e353a151025b4f.html","type":"text/html","size":2140}],"parameters":[{"name":"model","value":"User(id=null, username=test_GyOZMxeXuN, email=test_vAGKVsNWgK, password=test_GjgggxsmBV, roles=Roles(role=[Role(roleId=SYSTEM_ADMIN, scope=g)]))"}],"shouldDisplayMessage":false,"stepsCount":0,"attachmentsCount":2,"hasContent":true,"attachmentStep":false}],"attachments":[],"parameters":[{"name":"user","value":"User(id=null, username=test_GyOZMxeXuN, email=test_vAGKVsNWgK, password=test_GjgggxsmBV, roles=Roles(role=[Role(roleId=SYSTEM_ADMIN, scope=g)]))"}],"shouldDisplayMessage":false,"stepsCount":1,"attachmentsCount":2,"hasContent":true,"attachmentStep":false},{"name":"Open login page","time":{"start":1758139961128,"stop":1758139965138,"duration":4010},"status":"passed","steps":[],"attachments":[],"parameters":[],"shouldDisplayMessage":false,"stepsCount":0,"attachmentsCount":0,"hasContent":false,"attachmentStep":false},{"name":"Login as test_GyOZMxeXuN","time":{"start":1758139965138,"stop":1758139969928,"duration":4790},"status":"passed","steps":[],"attachments":[],"parameters":[{"name":"user","value":"User(id=null, username=test_GyOZMxeXuN, email=test_vAGKVsNWgK, password=test_GjgggxsmBV, roles=Roles(role=[Role(roleId=SYSTEM_ADMIN, scope=g)]))"}],"shouldDisplayMessage":false,"stepsCount":0,"attachmentsCount":0,"hasContent":true,"attachmentStep":false},{"name":"Create project and build type via API","time":{"start":1758139969930,"stop":1758139971390,"duration":1460},"status":"passed","steps":[{"name":"Create NewProjectDescription(id=test_mzyMDgDhmM, name=test_THzRVhmfna, parentProject=Project(id=null, name=null, locator=_Root))","time":{"start":1758139969930,"stop":1758139970136,"duration":206},"status":"passed","steps":[],"attachments":[{"uid":"3923fe27fad1453b","name":"Request","source":"3923fe27fad1453b.html","type":"text/html","size":1153},{"uid":"1ebcd987e6323b79","name":"HTTP/1.1 200 ","source":"1ebcd987e6323b79.html","type":"text/html","size":2225}],"parameters":[{"name":"model","value":"NewProjectDescription(id=test_mzyMDgDhmM, name=test_THzRVhmfna, parentProject=Project(id=null, name=null, locator=_Root))"}],"shouldDisplayMessage":false,"stepsCount":0,"attachmentsCount":2,"hasContent":true,"attachmentStep":false},{"name":"Create BuildType(id=test_voKJZHqQrq, name=test_WhdhSnwwfR, project=Project(id=test_mzyMDgDhmM, name=test_THzRVhmfna, locator=null), steps=null)","time":{"start":1758139970139,"stop":1758139971364,"duration":1225},"status":"passed","steps":[],"attachments":[{"uid":"f11cd588b307a133","name":"Request","source":"f11cd588b307a133.html","type":"text/html","size":1269},{"uid":"9ad6d46e56a97292","name":"HTTP/1.1 200 ","source":"9ad6d46e56a97292.html","type":"text/html","size":2946}],"parameters":[{"name":"model","value":"BuildType(id=test_voKJZHqQrq, name=test_WhdhSnwwfR, project=Project(id=test_mzyMDgDhmM, name=test_THzRVhmfna, locator=null), steps=null)"}],"shouldDisplayMessage":false,"stepsCount":0,"attachmentsCount":2,"hasContent":true,"attachmentStep":false}],"attachments":[],"parameters":[],"shouldDisplayMessage":false,"stepsCount":2,"attachmentsCount":4,"hasContent":true,"attachmentStep":false},{"name":"Create command line build step","time":{"start":1758139971393,"stop":1758139980103,"duration":8710},"status":"passed","steps":[{"name":"Open build type step creation page","time":{"start":1758139971397,"stop":1758139975702,"duration":4305},"status":"passed","steps":[],"attachments":[],"parameters":[{"name":"buildTypeId","value":"test_voKJZHqQrq"}],"shouldDisplayMessage":false,"stepsCount":0,"attachmentsCount":0,"hasContent":true,"attachmentStep":false},{"name":"Create command line build step","time":{"start":1758139975702,"stop":1758139980103,"duration":4401},"status":"passed","steps":[],"attachments":[],"parameters":[{"name":"customScript","value":"echo 'Hello World!'"}],"shouldDisplayMessage":false,"stepsCount":0,"attachmentsCount":0,"hasContent":true,"attachmentStep":false}],"attachments":[],"parameters":[],"shouldDisplayMessage":false,"stepsCount":2,"attachmentsCount":0,"hasContent":true,"attachmentStep":false},{"name":"Run build and wait for completion","time":{"start":1758139980104,"stop":1758139987638,"duration":7534},"status":"passed","steps":[{"name":"Open projects page","time":{"start":1758139980104,"stop":1758139981194,"duration":1090},"status":"passed","steps":[],"attachments":[],"parameters":[],"shouldDisplayMessage":false,"stepsCount":0,"attachmentsCount":0,"hasContent":false,"attachmentStep":false},{"name":"Verify project test_THzRVhmfna and build type test_WhdhSnwwfR","time":{"start":1758139981194,"stop":1758139982392,"duration":1198},"status":"passed","steps":[],"attachments":[],"parameters":[{"name":"projectName","value":"test_THzRVhmfna"},{"name":"buildTypeName","value":"test_WhdhSnwwfR"}],"shouldDisplayMessage":false,"stepsCount":0,"attachmentsCount":0,"hasContent":true,"attachmentStep":false},{"name":"Run build and wait until it is finished","time":{"start":1758139982392,"stop":1758139987618,"duration":5226},"status":"passed","steps":[],"attachments":[],"parameters":[],"shouldDisplayMessage":false,"stepsCount":0,"attachmentsCount":0,"hasContent":false,"attachmentStep":false},{"name":"Get build id","time":{"start":1758139987618,"stop":1758139987638,"duration":20},"status":"passed","steps":[{"name":"buildId=1","time":{"start":1758139987638,"stop":1758139987638,"duration":0},"status":"passed","steps":[],"attachments":[],"parameters":[],"shouldDisplayMessage":false,"stepsCount":0,"attachmentsCount":0,"hasContent":false,"attachmentStep":false}],"attachments":[],"parameters":[],"shouldDisplayMessage":false,"stepsCount":1,"attachmentsCount":0,"hasContent":true,"attachmentStep":false}],"attachments":[],"parameters":[],"shouldDisplayMessage":false,"stepsCount":5,"attachmentsCount":0,"hasContent":true,"attachmentStep":false},{"name":"Verify build state and status via API","time":{"start":1758139987638,"stop":1758139987716,"duration":78},"status":"failed","statusMessage":"No comparison rule found for class Build","statusTrace":"java.lang.AssertionError: No comparison rule found for class Build\n\tat com.teamcity.api.models.comparison.ModelAssertions.match(ModelAssertions.java:32)\n\tat com.teamcity.ui.StartBuildTest.lambda$userCreatesBuildTypeStepAndStartsBuildTest$3(StartBuildTest.java:55)\n\tat io.qameta.allure.Allure.lambda$step$0(Allure.java:113)\n\tat io.qameta.allure.Allure.lambda$step$1(Allure.java:127)\n\tat io.qameta.allure.Allure.step(Allure.java:181)\n\tat io.qameta.allure.Allure.step(Allure.java:125)\n\tat io.qameta.allure.Allure.step(Allure.java:112)\n\tat com.teamcity.ui.StartBuildTest.userCreatesBuildTypeStepAndStartsBuildTest(StartBuildTest.java:43)\n\tat java.base/jdk.internal.reflect.DirectMethodHandleAccessor.invoke(DirectMethodHandleAccessor.java:103)\n\tat java.base/java.lang.reflect.Method.invoke(Method.java:580)\n\tat org.testng.internal.invokers.MethodInvocationHelper.invokeMethod(MethodInvocationHelper.java:141)\n\tat org.testng.internal.invokers.MethodInvocationHelper$1.runTestMethod(MethodInvocationHelper.java:260)\n\tat com.teamcity.BaseTest.run(BaseTest.java:52)\n\tat org.testng.internal.invokers.MethodInvocationHelper.invokeHookable(MethodInvocationHelper.java:274)\n\tat org.testng.internal.invokers.TestInvoker.invokeMethod(TestInvoker.java:678)\n\tat org.testng.internal.invokers.TestInvoker.invokeTestMethod(TestInvoker.java:230)\n\tat org.testng.internal.invokers.MethodRunner.runInSequence(MethodRunner.java:63)\n\tat org.testng.internal.invokers.TestInvoker$MethodInvocationAgent.invoke(TestInvoker.java:992)\n\tat org.testng.internal.invokers.TestInvoker.invokeTestMethods(TestInvoker.java:203)\n\tat org.testng.internal.invokers.TestMethodWorker.invokeTestMethods(TestMethodWorker.java:154)\n\tat org.testng.internal.invokers.TestMethodWorker.run(TestMethodWorker.java:134)\n\tat java.base/java.util.concurrent.Executors$RunnableAdapter.call(Executors.java:572)\n\tat java.base/java.util.concurrent.FutureTask.run(FutureTask.java:317)\n\tat org.testng.internal.thread.graph.TestNGFutureTask.run(TestNGFutureTask.java:22)\n\tat java.base/java.util.concurrent.ThreadPoolExecutor.runWorker(ThreadPoolExecutor.java:1144)\n\tat java.base/java.util.concurrent.ThreadPoolExecutor$Worker.run(ThreadPoolExecutor.java:642)\n\tat java.base/java.lang.Thread.run(Thread.java:1583)\n","steps":[{"name":"Read 1","time":{"start":1758139987639,"stop":1758139987702,"duration":63},"status":"passed","steps":[],"attachments":[{"uid":"c3b40f2524f3bf56","name":"Request","source":"c3b40f2524f3bf56.html","type":"text/html","size":582},{"uid":"c493d5f98865b43c","name":"HTTP/1.1 200 ","source":"c493d5f98865b43c.html","type":"text/html","size":3051}],"parameters":[{"name":"id","value":"1"}],"shouldDisplayMessage":false,"stepsCount":0,"attachmentsCount":2,"hasContent":true,"attachmentStep":false}],"attachments":[],"parameters":[],"shouldDisplayMessage":true,"stepsCount":1,"attachmentsCount":2,"hasContent":true,"attachmentStep":false}],"attachments":[],"parameters":[],"shouldDisplayMessage":false,"stepsCount":18,"attachmentsCount":8,"hasContent":true,"attachmentStep":false},"afterStages":[{"name":"closeWebDriver","time":{"start":1758139987723,"stop":1758139987792,"duration":69},"description":"","status":"passed","steps":[],"attachments":[],"parameters":[],"shouldDisplayMessage":false,"stepsCount":0,"attachmentsCount":0,"hasContent":false,"attachmentStep":false},{"name":"deleteCreatedEntities","time":{"start":1758139987797,"stop":1758139988032,"duration":235},"description":"","status":"passed","steps":[{"name":"Delete test_voKJZHqQrq","time":{"start":1758139987797,"stop":1758139987921,"duration":124},"status":"passed","steps":[],"attachments":[{"uid":"20ac8de8cc1289fb","name":"Request","source":"20ac8de8cc1289fb.html","type":"text/html","size":602},{"uid":"9353c7a6c03af1e6","name":"HTTP/1.1 204 ","source":"9353c7a6c03af1e6.html","type":"text/html","size":478}],"parameters":[{"name":"id","value":"test_voKJZHqQrq"}],"shouldDisplayMessage":false,"stepsCount":0,"attachmentsCount":2,"hasContent":true,"attachmentStep":false},{"name":"Delete 8","time":{"start":1758139987921,"stop":1758139987988,"duration":67},"status":"passed","steps":[],"attachments":[{"uid":"301e1bc7da05611a","name":"Request","source":"301e1bc7da05611a.html","type":"text/html","size":564},{"uid":"6a0a2c9e292aa6b6","name":"HTTP/1.1 204 ","source":"6a0a2c9e292aa6b6.html","type":"text/html","size":478}],"parameters":[{"name":"id","value":"8"}],"shouldDisplayMessage":false,"stepsCount":0,"attachmentsCount":2,"hasContent":true,"attachmentStep":false},{"name":"Delete test_mzyMDgDhmM","time":{"start":1758139987989,"stop":1758139988032,"duration":43},"status":"passed","steps":[],"attachments":[{"uid":"e098691fd7599fd9","name":"Request","source":"e098691fd7599fd9.html","type":"text/html","size":598},{"uid":"ff7b2eba9f847392","name":"HTTP/1.1 204 ","source":"ff7b2eba9f847392.html","type":"text/html","size":478}],"parameters":[{"name":"id","value":"test_mzyMDgDhmM"}],"shouldDisplayMessage":false,"stepsCount":0,"attachmentsCount":2,"hasContent":true,"attachmentStep":false}],"attachments":[],"parameters":[],"shouldDisplayMessage":false,"stepsCount":3,"attachmentsCount":6,"hasContent":true,"attachmentStep":false}],"labels":[{"name":"package","value":"com.teamcity.ui.StartBuildTest"},{"name":"testClass","value":"com.teamcity.ui.StartBuildTest"},{"name":"testMethod","value":"userCreatesBuildTypeStepAndStartsBuildTest"},{"name":"parentSuite","value":"UI tests"},{"name":"suite","value":"UI tests"},{"name":"subSuite","value":"com.teamcity.ui.StartBuildTest"},{"name":"host","value":"runnervmf4ws1"},{"name":"thread","value":"5424@runnervmf4ws1.TestNG-test-UI tests-3(31)"},{"name":"framework","value":"testng"},{"name":"language","value":"java"},{"name":"feature","value":"Start build"},{"name":"suite","value":"chrome"},{"name":"tag","value":"chrome"},{"name":"resultFormat","value":"allure2"}],"parameters":[{"name":"arg0","value":"chrome"}],"links":[],"hidden":true,"retry":true,"extra":{"categories":[],"tags":["chrome"]},"source":"700678f1cb7ede1a.json","parameterValues":["chrome"]}