{"uid":"f942d3ea2ca925fb","name":"User should be able to create build type step and start build","fullName":"com.teamcity.ui.StartBuildTest.userCreatesBuildTypeStepAndStartsBuildTest","historyId":"60c03d25eafa38c80385ee947ad3804c","time":{"start":1758139995510,"stop":1758140029882,"duration":34372},"status":"skipped","statusMessage":"No comparison rule found for class Build","statusTrace":"java.lang.AssertionError: No comparison rule found for class Build\n\tat com.teamcity.api.models.comparison.ModelAssertions.match(ModelAssertions.java:32)\n\tat com.teamcity.ui.StartBuildTest.lambda$userCreatesBuildTypeStepAndStartsBuildTest$3(StartBuildTest.java:55)\n\tat io.qameta.allure.Allure.lambda$step$0(Allure.java:113)\n\tat io.qameta.allure.Allure.lambda$step$1(Allure.java:127)\n\tat io.qameta.allure.Allure.step(Allure.java:181)\n\tat io.qameta.allure.Allure.step(Allure.java:125)\n\tat io.qameta.allure.Allure.step(Allure.java:112)\n\tat com.teamcity.ui.StartBuildTest.userCreatesBuildTypeStepAndStartsBuildTest(StartBuildTest.java:43)\n\tat java.base/jdk.internal.reflect.DirectMethodHandleAccessor.invoke(DirectMethodHandleAccessor.java:103)\n\tat java.base/java.lang.reflect.Method.invoke(Method.java:580)\n\tat org.testng.internal.invokers.MethodInvocationHelper.invokeMethod(MethodInvocationHelper.java:141)\n\tat org.testng.internal.invokers.MethodInvocationHelper$1.runTestMethod(MethodInvocationHelper.java:260)\n\tat com.teamcity.BaseTest.run(BaseTest.java:52)\n\tat org.testng.internal.invokers.MethodInvocationHelper.invokeHookable(MethodInvocationHelper.java:274)\n\tat org.testng.internal.invokers.TestInvoker.invokeMethod(TestInvoker.java:678)\n\tat org.testng.internal.invokers.TestInvoker.invokeTestMethod(TestInvoker.java:230)\n\tat org.testng.internal.invokers.MethodRunner.runInSequence(MethodRunner.java:63)\n\tat org.testng.internal.invokers.TestInvoker$MethodInvocationAgent.invoke(TestInvoker.java:992)\n\tat org.testng.internal.invokers.TestInvoker.invokeTestMethods(TestInvoker.java:203)\n\tat org.testng.internal.invokers.TestMethodWorker.invokeTestMethods(TestMethodWorker.java:154)\n\tat org.testng.internal.invokers.TestMethodWorker.run(TestMethodWorker.java:134)\n\tat java.base/java.util.concurrent.Executors$RunnableAdapter.call(Executors.java:572)\n\tat java.base/java.util.concurrent.FutureTask.run(FutureTask.java:317)\n\tat org.testng.internal.thread.graph.TestNGFutureTask.run(TestNGFutureTask.java:22)\n\tat java.base/java.util.concurrent.ThreadPoolExecutor.runWorker(ThreadPoolExecutor.java:1144)\n\tat java.base/java.util.concurrent.ThreadPoolExecutor$Worker.run(ThreadPoolExecutor.java:642)\n\tat java.base/java.lang.Thread.run(Thread.java:1583)\n","flaky":false,"newFailed":false,"newBroken":false,"newPassed":false,"retriesCount":0,"retriesStatusChange":false,"beforeStages":[{"name":"generateBaseTestData","time":{"start":1758139995497,"stop":1758139995498,"duration":1},"description":"","status":"passed","steps":[],"attachments":[],"parameters":[],"shouldDisplayMessage":false,"stepsCount":0,"attachmentsCount":0,"hasContent":false,"attachmentStep":false}],"testStage":{"status":"skipped","statusMessage":"No comparison rule found for class Build","statusTrace":"java.lang.AssertionError: No comparison rule found for class Build\n\tat com.teamcity.api.models.comparison.ModelAssertions.match(ModelAssertions.java:32)\n\tat com.teamcity.ui.StartBuildTest.lambda$userCreatesBuildTypeStepAndStartsBuildTest$3(StartBuildTest.java:55)\n\tat io.qameta.allure.Allure.lambda$step$0(Allure.java:113)\n\tat io.qameta.allure.Allure.lambda$step$1(Allure.java:127)\n\tat io.qameta.allure.Allure.step(Allure.java:181)\n\tat io.qameta.allure.Allure.step(Allure.java:125)\n\tat io.qameta.allure.Allure.step(Allure.java:112)\n\tat com.teamcity.ui.StartBuildTest.userCreatesBuildTypeStepAndStartsBuildTest(StartBuildTest.java:43)\n\tat java.base/jdk.internal.reflect.DirectMethodHandleAccessor.invoke(DirectMethodHandleAccessor.java:103)\n\tat java.base/java.lang.reflect.Method.invoke(Method.java:580)\n\tat org.testng.internal.invokers.MethodInvocationHelper.invokeMethod(MethodInvocationHelper.java:141)\n\tat org.testng.internal.invokers.MethodInvocationHelper$1.runTestMethod(MethodInvocationHelper.java:260)\n\tat com.teamcity.BaseTest.run(BaseTest.java:52)\n\tat org.testng.internal.invokers.MethodInvocationHelper.invokeHookable(MethodInvocationHelper.java:274)\n\tat org.testng.internal.invokers.TestInvoker.invokeMethod(TestInvoker.java:678)\n\tat org.testng.internal.invokers.TestInvoker.invokeTestMethod(TestInvoker.java:230)\n\tat org.testng.internal.invokers.MethodRunner.runInSequence(MethodRunner.java:63)\n\tat org.testng.internal.invokers.TestInvoker$MethodInvocationAgent.invoke(TestInvoker.java:992)\n\tat org.testng.internal.invokers.TestInvoker.invokeTestMethods(TestInvoker.java:203)\n\tat org.testng.internal.invokers.TestMethodWorker.invokeTestMethods(TestMethodWorker.java:154)\n\tat org.testng.internal.invokers.TestMethodWorker.run(TestMethodWorker.java:134)\n\tat java.base/java.util.concurrent.Executors$RunnableAdapter.call(Executors.java:572)\n\tat java.base/java.util.concurrent.FutureTask.run(FutureTask.java:317)\n\tat org.testng.internal.thread.graph.TestNGFutureTask.run(TestNGFutureTask.java:22)\n\tat java.base/java.util.concurrent.ThreadPoolExecutor.runWorker(ThreadPoolExecutor.java:1144)\n\tat java.base/java.util.concurrent.ThreadPoolExecutor$Worker.run(ThreadPoolExecutor.java:642)\n\tat java.base/java.lang.Thread.run(Thread.java:1583)\n","steps":[{"name":"Creating new user: test_fCfgXjtGbz","time":{"start":1758139995521,"stop":1758139995807,"duration":286},"status":"passed","steps":[{"name":"Create User(id=null, username=test_fCfgXjtGbz, email=test_CofeWjYSjT, password=test_MnqWbcjPRm, roles=Roles(role=[Role(roleId=SYSTEM_ADMIN, scope=g)]))","time":{"start":1758139995521,"stop":1758139995795,"duration":274},"status":"passed","steps":[],"attachments":[{"uid":"bf7fe15dabad6b65","name":"Request","source":"bf7fe15dabad6b65.html","type":"text/html","size":1443},{"uid":"4930d47f9ee2d0bd","name":"HTTP/1.1 200 ","source":"4930d47f9ee2d0bd.html","type":"text/html","size":2140}],"parameters":[{"name":"model","value":"User(id=null, username=test_fCfgXjtGbz, email=test_CofeWjYSjT, password=test_MnqWbcjPRm, roles=Roles(role=[Role(roleId=SYSTEM_ADMIN, scope=g)]))"}],"shouldDisplayMessage":false,"stepsCount":0,"attachmentsCount":2,"hasContent":true,"attachmentStep":false}],"attachments":[],"parameters":[{"name":"user","value":"User(id=null, username=test_fCfgXjtGbz, email=test_CofeWjYSjT, password=test_MnqWbcjPRm, roles=Roles(role=[Role(roleId=SYSTEM_ADMIN, scope=g)]))"}],"shouldDisplayMessage":false,"stepsCount":1,"attachmentsCount":2,"hasContent":true,"attachmentStep":false},{"name":"Open login page","time":{"start":1758139995809,"stop":1758140003921,"duration":8112},"status":"passed","steps":[],"attachments":[],"parameters":[],"shouldDisplayMessage":false,"stepsCount":0,"attachmentsCount":0,"hasContent":false,"attachmentStep":false},{"name":"Login as test_fCfgXjtGbz","time":{"start":1758140003921,"stop":1758140008089,"duration":4168},"status":"passed","steps":[],"attachments":[],"parameters":[{"name":"user","value":"User(id=null, username=test_fCfgXjtGbz, email=test_CofeWjYSjT, password=test_MnqWbcjPRm, roles=Roles(role=[Role(roleId=SYSTEM_ADMIN, scope=g)]))"}],"shouldDisplayMessage":false,"stepsCount":0,"attachmentsCount":0,"hasContent":true,"attachmentStep":false},{"name":"Create project and build type via API","time":{"start":1758140008089,"stop":1758140009261,"duration":1172},"status":"passed","steps":[{"name":"Create NewProjectDescription(id=test_MIIjEVFYMq, name=test_rFkRyLmlbB, parentProject=Project(id=null, name=null, locator=_Root))","time":{"start":1758140008090,"stop":1758140008237,"duration":147},"status":"passed","steps":[],"attachments":[{"uid":"68f92e469cbd3570","name":"Request","source":"68f92e469cbd3570.html","type":"text/html","size":1153},{"uid":"9c30339406be5a34","name":"HTTP/1.1 200 ","source":"9c30339406be5a34.html","type":"text/html","size":2225}],"parameters":[{"name":"model","value":"NewProjectDescription(id=test_MIIjEVFYMq, name=test_rFkRyLmlbB, parentProject=Project(id=null, name=null, locator=_Root))"}],"shouldDisplayMessage":false,"stepsCount":0,"attachmentsCount":2,"hasContent":true,"attachmentStep":false},{"name":"Create BuildType(id=test_dEMRInmKAC, name=test_xwFASygybg, project=Project(id=test_MIIjEVFYMq, name=test_rFkRyLmlbB, locator=null), steps=null)","time":{"start":1758140008249,"stop":1758140009240,"duration":991},"status":"passed","steps":[],"attachments":[{"uid":"2e7960dbc419dd8c","name":"Request","source":"2e7960dbc419dd8c.html","type":"text/html","size":1269},{"uid":"e832248daaf131f3","name":"HTTP/1.1 200 ","source":"e832248daaf131f3.html","type":"text/html","size":2946}],"parameters":[{"name":"model","value":"BuildType(id=test_dEMRInmKAC, name=test_xwFASygybg, project=Project(id=test_MIIjEVFYMq, name=test_rFkRyLmlbB, locator=null), steps=null)"}],"shouldDisplayMessage":false,"stepsCount":0,"attachmentsCount":2,"hasContent":true,"attachmentStep":false}],"attachments":[],"parameters":[],"shouldDisplayMessage":false,"stepsCount":2,"attachmentsCount":4,"hasContent":true,"attachmentStep":false},{"name":"Create command line build step","time":{"start":1758140009261,"stop":1758140020101,"duration":10840},"status":"passed","steps":[{"name":"Open build type step creation page","time":{"start":1758140009261,"stop":1758140012176,"duration":2915},"status":"passed","steps":[],"attachments":[],"parameters":[{"name":"buildTypeId","value":"test_dEMRInmKAC"}],"shouldDisplayMessage":false,"stepsCount":0,"attachmentsCount":0,"hasContent":true,"attachmentStep":false},{"name":"Create command line build step","time":{"start":1758140012176,"stop":1758140020101,"duration":7925},"status":"passed","steps":[],"attachments":[],"parameters":[{"name":"customScript","value":"echo 'Hello World!'"}],"shouldDisplayMessage":false,"stepsCount":0,"attachmentsCount":0,"hasContent":true,"attachmentStep":false}],"attachments":[],"parameters":[],"shouldDisplayMessage":false,"stepsCount":2,"attachmentsCount":0,"hasContent":true,"attachmentStep":false},{"name":"Run build and wait for completion","time":{"start":1758140020102,"stop":1758140029777,"duration":9675},"status":"passed","steps":[{"name":"Open projects page","time":{"start":1758140020102,"stop":1758140022311,"duration":2209},"status":"passed","steps":[],"attachments":[],"parameters":[],"shouldDisplayMessage":false,"stepsCount":0,"attachmentsCount":0,"hasContent":false,"attachmentStep":false},{"name":"Verify project test_rFkRyLmlbB and build type test_xwFASygybg","time":{"start":1758140022312,"stop":1758140024235,"duration":1923},"status":"passed","steps":[],"attachments":[],"parameters":[{"name":"projectName","value":"test_rFkRyLmlbB"},{"name":"buildTypeName","value":"test_xwFASygybg"}],"shouldDisplayMessage":false,"stepsCount":0,"attachmentsCount":0,"hasContent":true,"attachmentStep":false},{"name":"Run build and wait until it is finished","time":{"start":1758140024235,"stop":1758140029757,"duration":5522},"status":"passed","steps":[],"attachments":[],"parameters":[],"shouldDisplayMessage":false,"stepsCount":0,"attachmentsCount":0,"hasContent":false,"attachmentStep":false},{"name":"Get build id","time":{"start":1758140029757,"stop":1758140029777,"duration":20},"status":"passed","steps":[{"name":"buildId=1","time":{"start":1758140029776,"stop":1758140029776,"duration":0},"status":"passed","steps":[],"attachments":[],"parameters":[],"shouldDisplayMessage":false,"stepsCount":0,"attachmentsCount":0,"hasContent":false,"attachmentStep":false}],"attachments":[],"parameters":[],"shouldDisplayMessage":false,"stepsCount":1,"attachmentsCount":0,"hasContent":true,"attachmentStep":false}],"attachments":[],"parameters":[],"shouldDisplayMessage":false,"stepsCount":5,"attachmentsCount":0,"hasContent":true,"attachmentStep":false},{"name":"Verify build state and status via API","time":{"start":1758140029777,"stop":1758140029882,"duration":105},"status":"failed","statusMessage":"No comparison rule found for class Build","statusTrace":"java.lang.AssertionError: No comparison rule found for class Build\n\tat com.teamcity.api.models.comparison.ModelAssertions.match(ModelAssertions.java:32)\n\tat com.teamcity.ui.StartBuildTest.lambda$userCreatesBuildTypeStepAndStartsBuildTest$3(StartBuildTest.java:55)\n\tat io.qameta.allure.Allure.lambda$step$0(Allure.java:113)\n\tat io.qameta.allure.Allure.lambda$step$1(Allure.java:127)\n\tat io.qameta.allure.Allure.step(Allure.java:181)\n\tat io.qameta.allure.Allure.step(Allure.java:125)\n\tat io.qameta.allure.Allure.step(Allure.java:112)\n\tat com.teamcity.ui.StartBuildTest.userCreatesBuildTypeStepAndStartsBuildTest(StartBuildTest.java:43)\n\tat java.base/jdk.internal.reflect.DirectMethodHandleAccessor.invoke(DirectMethodHandleAccessor.java:103)\n\tat java.base/java.lang.reflect.Method.invoke(Method.java:580)\n\tat org.testng.internal.invokers.MethodInvocationHelper.invokeMethod(MethodInvocationHelper.java:141)\n\tat org.testng.internal.invokers.MethodInvocationHelper$1.runTestMethod(MethodInvocationHelper.java:260)\n\tat com.teamcity.BaseTest.run(BaseTest.java:52)\n\tat org.testng.internal.invokers.MethodInvocationHelper.invokeHookable(MethodInvocationHelper.java:274)\n\tat org.testng.internal.invokers.TestInvoker.invokeMethod(TestInvoker.java:678)\n\tat org.testng.internal.invokers.TestInvoker.invokeTestMethod(TestInvoker.java:230)\n\tat org.testng.internal.invokers.MethodRunner.runInSequence(MethodRunner.java:63)\n\tat org.testng.internal.invokers.TestInvoker$MethodInvocationAgent.invoke(TestInvoker.java:992)\n\tat org.testng.internal.invokers.TestInvoker.invokeTestMethods(TestInvoker.java:203)\n\tat org.testng.internal.invokers.TestMethodWorker.invokeTestMethods(TestMethodWorker.java:154)\n\tat org.testng.internal.invokers.TestMethodWorker.run(TestMethodWorker.java:134)\n\tat java.base/java.util.concurrent.Executors$RunnableAdapter.call(Executors.java:572)\n\tat java.base/java.util.concurrent.FutureTask.run(FutureTask.java:317)\n\tat org.testng.internal.thread.graph.TestNGFutureTask.run(TestNGFutureTask.java:22)\n\tat java.base/java.util.concurrent.ThreadPoolExecutor.runWorker(ThreadPoolExecutor.java:1144)\n\tat java.base/java.util.concurrent.ThreadPoolExecutor$Worker.run(ThreadPoolExecutor.java:642)\n\tat java.base/java.lang.Thread.run(Thread.java:1583)\n","steps":[{"name":"Read 1","time":{"start":1758140029778,"stop":1758140029869,"duration":91},"status":"passed","steps":[],"attachments":[{"uid":"797b2630d5de6661","name":"Request","source":"797b2630d5de6661.html","type":"text/html","size":582},{"uid":"c2bdd623170c1271","name":"HTTP/1.1 200 ","source":"c2bdd623170c1271.html","type":"text/html","size":3051}],"parameters":[{"name":"id","value":"1"}],"shouldDisplayMessage":false,"stepsCount":0,"attachmentsCount":2,"hasContent":true,"attachmentStep":false}],"attachments":[],"parameters":[],"shouldDisplayMessage":true,"stepsCount":1,"attachmentsCount":2,"hasContent":true,"attachmentStep":false}],"attachments":[],"parameters":[],"shouldDisplayMessage":false,"stepsCount":18,"attachmentsCount":8,"hasContent":true,"attachmentStep":false},"afterStages":[{"name":"closeWebDriver","time":{"start":1758140029884,"stop":1758140030911,"duration":1027},"description":"","status":"passed","steps":[],"attachments":[],"parameters":[],"shouldDisplayMessage":false,"stepsCount":0,"attachmentsCount":0,"hasContent":false,"attachmentStep":false},{"name":"deleteCreatedEntities","time":{"start":1758140030912,"stop":1758140031067,"duration":155},"description":"","status":"passed","steps":[{"name":"Delete test_dEMRInmKAC","time":{"start":1758140030912,"stop":1758140030963,"duration":51},"status":"passed","steps":[],"attachments":[{"uid":"d9f0197d903e7583","name":"Request","source":"d9f0197d903e7583.html","type":"text/html","size":602},{"uid":"deeead1a83a45640","name":"HTTP/1.1 204 ","source":"deeead1a83a45640.html","type":"text/html","size":478}],"parameters":[{"name":"id","value":"test_dEMRInmKAC"}],"shouldDisplayMessage":false,"stepsCount":0,"attachmentsCount":2,"hasContent":true,"attachmentStep":false},{"name":"Delete 7","time":{"start":1758140030963,"stop":1758140030998,"duration":35},"status":"passed","steps":[],"attachments":[{"uid":"3a50aac10af4fdb","name":"Request","source":"3a50aac10af4fdb.html","type":"text/html","size":564},{"uid":"c0fb8845c60cf2fc","name":"HTTP/1.1 204 ","source":"c0fb8845c60cf2fc.html","type":"text/html","size":478}],"parameters":[{"name":"id","value":"7"}],"shouldDisplayMessage":false,"stepsCount":0,"attachmentsCount":2,"hasContent":true,"attachmentStep":false},{"name":"Delete test_MIIjEVFYMq","time":{"start":1758140030998,"stop":1758140031067,"duration":69},"status":"passed","steps":[],"attachments":[{"uid":"52857dcbb4f96ceb","name":"Request","source":"52857dcbb4f96ceb.html","type":"text/html","size":598},{"uid":"e6c796c6d33c1e62","name":"HTTP/1.1 204 ","source":"e6c796c6d33c1e62.html","type":"text/html","size":478}],"parameters":[{"name":"id","value":"test_MIIjEVFYMq"}],"shouldDisplayMessage":false,"stepsCount":0,"attachmentsCount":2,"hasContent":true,"attachmentStep":false}],"attachments":[],"parameters":[],"shouldDisplayMessage":false,"stepsCount":3,"attachmentsCount":6,"hasContent":true,"attachmentStep":false}],"labels":[{"name":"package","value":"com.teamcity.ui.StartBuildTest"},{"name":"testClass","value":"com.teamcity.ui.StartBuildTest"},{"name":"testMethod","value":"userCreatesBuildTypeStepAndStartsBuildTest"},{"name":"parentSuite","value":"UI tests"},{"name":"suite","value":"UI tests"},{"name":"subSuite","value":"com.teamcity.ui.StartBuildTest"},{"name":"host","value":"runnervmf4ws1"},{"name":"thread","value":"5451@runnervmf4ws1.TestNG-test-UI tests-2(30)"},{"name":"framework","value":"testng"},{"name":"language","value":"java"},{"name":"feature","value":"Start build"},{"name":"suite","value":"firefox"},{"name":"tag","value":"firefox"},{"name":"resultFormat","value":"allure2"}],"parameters":[{"name":"arg0","value":"firefox"}],"links":[],"hidden":true,"retry":true,"extra":{"categories":[],"tags":["firefox"]},"source":"f942d3ea2ca925fb.json","parameterValues":["firefox"]}