{"uid":"6ded9ab157d90bcc","name":"User should be able to create build type","fullName":"com.teamcity.ui.CreateBuildTypeTest.userCreatesBuildTypeTest","historyId":"ef71ce162b2b97166c8494fe7c251ce","time":{"start":1758140743205,"stop":1758140800930,"duration":57725},"status":"skipped","statusMessage":"Cannot invoke \"com.teamcity.api.models.TestData.getUser()\" because the return value of \"java.lang.ThreadLocal.get()\" is null","statusTrace":"java.lang.NullPointerException: Cannot invoke \"com.teamcity.api.models.TestData.getUser()\" because the return value of \"java.lang.ThreadLocal.get()\" is null\n\tat com.teamcity.ui.CreateBuildTypeTest.lambda$userCreatesBuildTypeTest$3(CreateBuildTypeTest.java:38)\n\tat io.qameta.allure.Allure.lambda$step$0(Allure.java:113)\n\tat io.qameta.allure.Allure.lambda$step$1(Allure.java:127)\n\tat io.qameta.allure.Allure.step(Allure.java:181)\n\tat io.qameta.allure.Allure.step(Allure.java:125)\n\tat io.qameta.allure.Allure.step(Allure.java:112)\n\tat com.teamcity.ui.CreateBuildTypeTest.userCreatesBuildTypeTest(CreateBuildTypeTest.java:37)\n\tat java.base/jdk.internal.reflect.DirectMethodHandleAccessor.invoke(DirectMethodHandleAccessor.java:103)\n\tat java.base/java.lang.reflect.Method.invoke(Method.java:580)\n\tat org.testng.internal.invokers.MethodInvocationHelper.invokeMethod(MethodInvocationHelper.java:141)\n\tat org.testng.internal.invokers.MethodInvocationHelper$1.runTestMethod(MethodInvocationHelper.java:260)\n\tat com.teamcity.BaseTest.run(BaseTest.java:52)\n\tat org.testng.internal.invokers.MethodInvocationHelper.invokeHookable(MethodInvocationHelper.java:274)\n\tat org.testng.internal.invokers.TestInvoker.invokeMethod(TestInvoker.java:678)\n\tat org.testng.internal.invokers.TestInvoker.invokeTestMethod(TestInvoker.java:230)\n\tat org.testng.internal.invokers.MethodRunner.runInSequence(MethodRunner.java:63)\n\tat org.testng.internal.invokers.TestInvoker$MethodInvocationAgent.invoke(TestInvoker.java:992)\n\tat org.testng.internal.invokers.TestInvoker.invokeTestMethods(TestInvoker.java:203)\n\tat org.testng.internal.invokers.TestMethodWorker.invokeTestMethods(TestMethodWorker.java:154)\n\tat org.testng.internal.invokers.TestMethodWorker.run(TestMethodWorker.java:134)\n\tat java.base/java.util.concurrent.Executors$RunnableAdapter.call(Executors.java:572)\n\tat java.base/java.util.concurrent.FutureTask.run(FutureTask.java:317)\n\tat org.testng.internal.thread.graph.TestNGFutureTask.run(TestNGFutureTask.java:22)\n\tat java.base/java.util.concurrent.ThreadPoolExecutor.runWorker(ThreadPoolExecutor.java:1144)\n\tat java.base/java.util.concurrent.ThreadPoolExecutor$Worker.run(ThreadPoolExecutor.java:642)\n\tat java.base/java.lang.Thread.run(Thread.java:1583)\n","flaky":false,"newFailed":false,"newBroken":false,"newPassed":false,"retriesCount":0,"retriesStatusChange":false,"beforeStages":[{"name":"generateBaseTestData","time":{"start":1758140742935,"stop":1758140742974,"duration":39},"description":"","status":"passed","steps":[],"attachments":[],"parameters":[],"shouldDisplayMessage":false,"stepsCount":0,"attachmentsCount":0,"hasContent":false,"attachmentStep":false}],"testStage":{"status":"skipped","statusMessage":"Cannot invoke \"com.teamcity.api.models.TestData.getUser()\" because the return value of \"java.lang.ThreadLocal.get()\" is null","statusTrace":"java.lang.NullPointerException: Cannot invoke \"com.teamcity.api.models.TestData.getUser()\" because the return value of \"java.lang.ThreadLocal.get()\" is null\n\tat com.teamcity.ui.CreateBuildTypeTest.lambda$userCreatesBuildTypeTest$3(CreateBuildTypeTest.java:38)\n\tat io.qameta.allure.Allure.lambda$step$0(Allure.java:113)\n\tat io.qameta.allure.Allure.lambda$step$1(Allure.java:127)\n\tat io.qameta.allure.Allure.step(Allure.java:181)\n\tat io.qameta.allure.Allure.step(Allure.java:125)\n\tat io.qameta.allure.Allure.step(Allure.java:112)\n\tat com.teamcity.ui.CreateBuildTypeTest.userCreatesBuildTypeTest(CreateBuildTypeTest.java:37)\n\tat java.base/jdk.internal.reflect.DirectMethodHandleAccessor.invoke(DirectMethodHandleAccessor.java:103)\n\tat java.base/java.lang.reflect.Method.invoke(Method.java:580)\n\tat org.testng.internal.invokers.MethodInvocationHelper.invokeMethod(MethodInvocationHelper.java:141)\n\tat org.testng.internal.invokers.MethodInvocationHelper$1.runTestMethod(MethodInvocationHelper.java:260)\n\tat com.teamcity.BaseTest.run(BaseTest.java:52)\n\tat org.testng.internal.invokers.MethodInvocationHelper.invokeHookable(MethodInvocationHelper.java:274)\n\tat org.testng.internal.invokers.TestInvoker.invokeMethod(TestInvoker.java:678)\n\tat org.testng.internal.invokers.TestInvoker.invokeTestMethod(TestInvoker.java:230)\n\tat org.testng.internal.invokers.MethodRunner.runInSequence(MethodRunner.java:63)\n\tat org.testng.internal.invokers.TestInvoker$MethodInvocationAgent.invoke(TestInvoker.java:992)\n\tat org.testng.internal.invokers.TestInvoker.invokeTestMethods(TestInvoker.java:203)\n\tat org.testng.internal.invokers.TestMethodWorker.invokeTestMethods(TestMethodWorker.java:154)\n\tat org.testng.internal.invokers.TestMethodWorker.run(TestMethodWorker.java:134)\n\tat java.base/java.util.concurrent.Executors$RunnableAdapter.call(Executors.java:572)\n\tat java.base/java.util.concurrent.FutureTask.run(FutureTask.java:317)\n\tat org.testng.internal.thread.graph.TestNGFutureTask.run(TestNGFutureTask.java:22)\n\tat java.base/java.util.concurrent.ThreadPoolExecutor.runWorker(ThreadPoolExecutor.java:1144)\n\tat java.base/java.util.concurrent.ThreadPoolExecutor$Worker.run(ThreadPoolExecutor.java:642)\n\tat java.base/java.lang.Thread.run(Thread.java:1583)\n","steps":[{"name":"Creating new user: test_LUfJPwaVzG","time":{"start":1758140743259,"stop":1758140747259,"duration":4000},"status":"passed","steps":[{"name":"Create User(id=null, username=test_LUfJPwaVzG, email=test_oVMxtBMIzw, password=test_uYYBbAZnTI, roles=Roles(role=[Role(roleId=SYSTEM_ADMIN, scope=g)]))","time":{"start":1758140743259,"stop":1758140747060,"duration":3801},"status":"passed","steps":[],"attachments":[{"uid":"7e80979adc3c40ae","name":"Request","source":"7e80979adc3c40ae.html","type":"text/html","size":1443},{"uid":"4824259bdb9b186f","name":"HTTP/1.1 200 ","source":"4824259bdb9b186f.html","type":"text/html","size":2140}],"parameters":[{"name":"model","value":"User(id=null, username=test_LUfJPwaVzG, email=test_oVMxtBMIzw, password=test_uYYBbAZnTI, roles=Roles(role=[Role(roleId=SYSTEM_ADMIN, scope=g)]))"}],"shouldDisplayMessage":false,"stepsCount":0,"attachmentsCount":2,"hasContent":true,"attachmentStep":false}],"attachments":[],"parameters":[{"name":"user","value":"User(id=null, username=test_LUfJPwaVzG, email=test_oVMxtBMIzw, password=test_uYYBbAZnTI, roles=Roles(role=[Role(roleId=SYSTEM_ADMIN, scope=g)]))"}],"shouldDisplayMessage":false,"stepsCount":1,"attachmentsCount":2,"hasContent":true,"attachmentStep":false},{"name":"Open login page","time":{"start":1758140747260,"stop":1758140753328,"duration":6068},"status":"passed","steps":[],"attachments":[],"parameters":[],"shouldDisplayMessage":false,"stepsCount":0,"attachmentsCount":0,"hasContent":false,"attachmentStep":false},{"name":"Login as test_LUfJPwaVzG","time":{"start":1758140753328,"stop":1758140779026,"duration":25698},"status":"passed","steps":[],"attachments":[],"parameters":[{"name":"user","value":"User(id=null, username=test_LUfJPwaVzG, email=test_oVMxtBMIzw, password=test_uYYBbAZnTI, roles=Roles(role=[Role(roleId=SYSTEM_ADMIN, scope=g)]))"}],"shouldDisplayMessage":false,"stepsCount":0,"attachmentsCount":0,"hasContent":true,"attachmentStep":false},{"name":"Create project for build type","time":{"start":1758140779895,"stop":1758140781194,"duration":1299},"status":"passed","steps":[{"name":"Create NewProjectDescription(id=test_kGDWqzSFmV, name=test_DbFdgiikbf, parentProject=Project(id=null, name=null, locator=_Root))","time":{"start":1758140779897,"stop":1758140781186,"duration":1289},"status":"passed","steps":[],"attachments":[{"uid":"58915cd1eb6dfef4","name":"Request","source":"58915cd1eb6dfef4.html","type":"text/html","size":1153},{"uid":"c93faaea0bbd3b9d","name":"HTTP/1.1 200 ","source":"c93faaea0bbd3b9d.html","type":"text/html","size":2225}],"parameters":[{"name":"model","value":"NewProjectDescription(id=test_kGDWqzSFmV, name=test_DbFdgiikbf, parentProject=Project(id=null, name=null, locator=_Root))"}],"shouldDisplayMessage":false,"stepsCount":0,"attachmentsCount":2,"hasContent":true,"attachmentStep":false}],"attachments":[],"parameters":[],"shouldDisplayMessage":false,"stepsCount":1,"attachmentsCount":2,"hasContent":true,"attachmentStep":false},{"name":"Create build type from Git repository","time":{"start":1758140781195,"stop":1758140795842,"duration":14647},"status":"passed","steps":[{"name":"Open build type creation page","time":{"start":1758140781195,"stop":1758140782677,"duration":1482},"status":"passed","steps":[],"attachments":[],"parameters":[{"name":"projectId","value":"test_kGDWqzSFmV"}],"shouldDisplayMessage":false,"stepsCount":0,"attachmentsCount":0,"hasContent":true,"attachmentStep":false},{"name":"Create build type from url","time":{"start":1758140782678,"stop":1758140795330,"duration":12652},"status":"passed","steps":[],"attachments":[],"parameters":[{"name":"url","value":"https://github.com/selenide/selenide.git"}],"shouldDisplayMessage":false,"stepsCount":0,"attachmentsCount":0,"hasContent":true,"attachmentStep":false},{"name":"Setup build type","time":{"start":1758140795330,"stop":1758140795842,"duration":512},"status":"passed","steps":[],"attachments":[],"parameters":[{"name":"buildTypeName","value":"test_TrNfMnVkBy"}],"shouldDisplayMessage":false,"stepsCount":0,"attachmentsCount":0,"hasContent":true,"attachmentStep":false}],"attachments":[],"parameters":[],"shouldDisplayMessage":false,"stepsCount":3,"attachmentsCount":0,"hasContent":true,"attachmentStep":false},{"name":"Get created build type ID","time":{"start":1758140795843,"stop":1758140800929,"duration":5086},"status":"passed","steps":[{"name":"Open build type edit page","time":{"start":1758140795849,"stop":1758140800917,"duration":5068},"status":"passed","steps":[],"attachments":[],"parameters":[],"shouldDisplayMessage":false,"stepsCount":0,"attachmentsCount":0,"hasContent":false,"attachmentStep":false},{"name":"Get build type id","time":{"start":1758140800917,"stop":1758140800929,"duration":12},"status":"passed","steps":[{"name":"buildTypeId=test_kGDWqzSFmV_TestTrNfMnVkBy","time":{"start":1758140800929,"stop":1758140800929,"duration":0},"status":"passed","steps":[],"attachments":[],"parameters":[],"shouldDisplayMessage":false,"stepsCount":0,"attachmentsCount":0,"hasContent":false,"attachmentStep":false}],"attachments":[],"parameters":[],"shouldDisplayMessage":false,"stepsCount":1,"attachmentsCount":0,"hasContent":true,"attachmentStep":false}],"attachments":[],"parameters":[],"shouldDisplayMessage":false,"stepsCount":3,"attachmentsCount":0,"hasContent":true,"attachmentStep":false},{"name":"Verify build type via API","time":{"start":1758140800929,"stop":1758140800930,"duration":1},"status":"broken","statusMessage":"Cannot invoke \"com.teamcity.api.models.TestData.getUser()\" because the return value of \"java.lang.ThreadLocal.get()\" is null","statusTrace":"java.lang.NullPointerException: Cannot invoke \"com.teamcity.api.models.TestData.getUser()\" because the return value of \"java.lang.ThreadLocal.get()\" is null\n\tat com.teamcity.ui.CreateBuildTypeTest.lambda$userCreatesBuildTypeTest$3(CreateBuildTypeTest.java:38)\n\tat io.qameta.allure.Allure.lambda$step$0(Allure.java:113)\n\tat io.qameta.allure.Allure.lambda$step$1(Allure.java:127)\n\tat io.qameta.allure.Allure.step(Allure.java:181)\n\tat io.qameta.allure.Allure.step(Allure.java:125)\n\tat io.qameta.allure.Allure.step(Allure.java:112)\n\tat com.teamcity.ui.CreateBuildTypeTest.userCreatesBuildTypeTest(CreateBuildTypeTest.java:37)\n\tat java.base/jdk.internal.reflect.DirectMethodHandleAccessor.invoke(DirectMethodHandleAccessor.java:103)\n\tat java.base/java.lang.reflect.Method.invoke(Method.java:580)\n\tat org.testng.internal.invokers.MethodInvocationHelper.invokeMethod(MethodInvocationHelper.java:141)\n\tat org.testng.internal.invokers.MethodInvocationHelper$1.runTestMethod(MethodInvocationHelper.java:260)\n\tat com.teamcity.BaseTest.run(BaseTest.java:52)\n\tat org.testng.internal.invokers.MethodInvocationHelper.invokeHookable(MethodInvocationHelper.java:274)\n\tat org.testng.internal.invokers.TestInvoker.invokeMethod(TestInvoker.java:678)\n\tat org.testng.internal.invokers.TestInvoker.invokeTestMethod(TestInvoker.java:230)\n\tat org.testng.internal.invokers.MethodRunner.runInSequence(MethodRunner.java:63)\n\tat org.testng.internal.invokers.TestInvoker$MethodInvocationAgent.invoke(TestInvoker.java:992)\n\tat org.testng.internal.invokers.TestInvoker.invokeTestMethods(TestInvoker.java:203)\n\tat org.testng.internal.invokers.TestMethodWorker.invokeTestMethods(TestMethodWorker.java:154)\n\tat org.testng.internal.invokers.TestMethodWorker.run(TestMethodWorker.java:134)\n\tat java.base/java.util.concurrent.Executors$RunnableAdapter.call(Executors.java:572)\n\tat java.base/java.util.concurrent.FutureTask.run(FutureTask.java:317)\n\tat org.testng.internal.thread.graph.TestNGFutureTask.run(TestNGFutureTask.java:22)\n\tat java.base/java.util.concurrent.ThreadPoolExecutor.runWorker(ThreadPoolExecutor.java:1144)\n\tat java.base/java.util.concurrent.ThreadPoolExecutor$Worker.run(ThreadPoolExecutor.java:642)\n\tat java.base/java.lang.Thread.run(Thread.java:1583)\n","steps":[],"attachments":[],"parameters":[],"shouldDisplayMessage":true,"stepsCount":0,"attachmentsCount":0,"hasContent":true,"attachmentStep":false}],"attachments":[],"parameters":[],"shouldDisplayMessage":false,"stepsCount":15,"attachmentsCount":4,"hasContent":true,"attachmentStep":false},"afterStages":[{"name":"closeWebDriver","time":{"start":1758140800941,"stop":1758140801022,"duration":81},"description":"","status":"passed","steps":[],"attachments":[],"parameters":[],"shouldDisplayMessage":false,"stepsCount":0,"attachmentsCount":0,"hasContent":false,"attachmentStep":false},{"name":"deleteCreatedEntities","time":{"start":1758140801028,"stop":1758140801574,"duration":546},"description":"","status":"passed","steps":[{"name":"Delete test_kGDWqzSFmV_TestTrNfMnVkBy","time":{"start":1758140801028,"stop":1758140801283,"duration":255},"status":"passed","steps":[],"attachments":[{"uid":"4c9fa2f9c659d82a","name":"Request","source":"4c9fa2f9c659d82a.html","type":"text/html","size":632},{"uid":"92e69709432f37c2","name":"HTTP/1.1 204 ","source":"92e69709432f37c2.html","type":"text/html","size":478}],"parameters":[{"name":"id","value":"test_kGDWqzSFmV_TestTrNfMnVkBy"}],"shouldDisplayMessage":false,"stepsCount":0,"attachmentsCount":2,"hasContent":true,"attachmentStep":false},{"name":"Delete 2","time":{"start":1758140801284,"stop":1758140801403,"duration":119},"status":"passed","steps":[],"attachments":[{"uid":"4a35dc2059616183","name":"Request","source":"4a35dc2059616183.html","type":"text/html","size":564},{"uid":"db8c1dab1616b5c7","name":"HTTP/1.1 204 ","source":"db8c1dab1616b5c7.html","type":"text/html","size":478}],"parameters":[{"name":"id","value":"2"}],"shouldDisplayMessage":false,"stepsCount":0,"attachmentsCount":2,"hasContent":true,"attachmentStep":false},{"name":"Delete test_kGDWqzSFmV","time":{"start":1758140801403,"stop":1758140801574,"duration":171},"status":"passed","steps":[],"attachments":[{"uid":"e2eb96c8915e6228","name":"Request","source":"e2eb96c8915e6228.html","type":"text/html","size":598},{"uid":"dd117d322c842199","name":"HTTP/1.1 204 ","source":"dd117d322c842199.html","type":"text/html","size":478}],"parameters":[{"name":"id","value":"test_kGDWqzSFmV"}],"shouldDisplayMessage":false,"stepsCount":0,"attachmentsCount":2,"hasContent":true,"attachmentStep":false}],"attachments":[],"parameters":[],"shouldDisplayMessage":false,"stepsCount":3,"attachmentsCount":6,"hasContent":true,"attachmentStep":false}],"labels":[{"name":"package","value":"com.teamcity.ui.CreateBuildTypeTest"},{"name":"testClass","value":"com.teamcity.ui.CreateBuildTypeTest"},{"name":"testMethod","value":"userCreatesBuildTypeTest"},{"name":"parentSuite","value":"UI tests"},{"name":"suite","value":"UI tests"},{"name":"subSuite","value":"com.teamcity.ui.CreateBuildTypeTest"},{"name":"host","value":"runnervmf4ws1"},{"name":"thread","value":"5432@runnervmf4ws1.TestNG-test-UI tests-3(31)"},{"name":"framework","value":"testng"},{"name":"language","value":"java"},{"name":"feature","value":"Build type"},{"name":"suite","value":"chrome"},{"name":"tag","value":"chrome"},{"name":"resultFormat","value":"allure2"}],"parameters":[{"name":"arg0","value":"chrome"}],"links":[],"hidden":true,"retry":true,"extra":{"categories":[],"tags":["chrome"]},"source":"6ded9ab157d90bcc.json","parameterValues":["chrome"]}