{"uid":"7597f737049cd39","name":"User should be able to create build type step and start build","fullName":"com.teamcity.ui.StartBuildTest.userCreatesBuildTypeStepAndStartsBuildTest","historyId":"60c03d25eafa38c80385ee947ad3804c","time":{"start":1758140811688,"stop":1758140841173,"duration":29485},"status":"skipped","statusMessage":"No comparison rule found for class Build","statusTrace":"java.lang.AssertionError: No comparison rule found for class Build\n\tat com.teamcity.api.models.comparison.ModelAssertions.match(ModelAssertions.java:32)\n\tat com.teamcity.ui.StartBuildTest.lambda$userCreatesBuildTypeStepAndStartsBuildTest$3(StartBuildTest.java:55)\n\tat io.qameta.allure.Allure.lambda$step$0(Allure.java:113)\n\tat io.qameta.allure.Allure.lambda$step$1(Allure.java:127)\n\tat io.qameta.allure.Allure.step(Allure.java:181)\n\tat io.qameta.allure.Allure.step(Allure.java:125)\n\tat io.qameta.allure.Allure.step(Allure.java:112)\n\tat com.teamcity.ui.StartBuildTest.userCreatesBuildTypeStepAndStartsBuildTest(StartBuildTest.java:43)\n\tat java.base/jdk.internal.reflect.DirectMethodHandleAccessor.invoke(DirectMethodHandleAccessor.java:103)\n\tat java.base/java.lang.reflect.Method.invoke(Method.java:580)\n\tat org.testng.internal.invokers.MethodInvocationHelper.invokeMethod(MethodInvocationHelper.java:141)\n\tat org.testng.internal.invokers.MethodInvocationHelper$1.runTestMethod(MethodInvocationHelper.java:260)\n\tat com.teamcity.BaseTest.run(BaseTest.java:52)\n\tat org.testng.internal.invokers.MethodInvocationHelper.invokeHookable(MethodInvocationHelper.java:274)\n\tat org.testng.internal.invokers.TestInvoker.invokeMethod(TestInvoker.java:678)\n\tat org.testng.internal.invokers.TestInvoker.invokeTestMethod(TestInvoker.java:230)\n\tat org.testng.internal.invokers.MethodRunner.runInSequence(MethodRunner.java:63)\n\tat org.testng.internal.invokers.TestInvoker$MethodInvocationAgent.invoke(TestInvoker.java:992)\n\tat org.testng.internal.invokers.TestInvoker.invokeTestMethods(TestInvoker.java:203)\n\tat org.testng.internal.invokers.TestMethodWorker.invokeTestMethods(TestMethodWorker.java:154)\n\tat org.testng.internal.invokers.TestMethodWorker.run(TestMethodWorker.java:134)\n\tat java.base/java.util.concurrent.Executors$RunnableAdapter.call(Executors.java:572)\n\tat java.base/java.util.concurrent.FutureTask.run(FutureTask.java:317)\n\tat org.testng.internal.thread.graph.TestNGFutureTask.run(TestNGFutureTask.java:22)\n\tat java.base/java.util.concurrent.ThreadPoolExecutor.runWorker(ThreadPoolExecutor.java:1144)\n\tat java.base/java.util.concurrent.ThreadPoolExecutor$Worker.run(ThreadPoolExecutor.java:642)\n\tat java.base/java.lang.Thread.run(Thread.java:1583)\n","flaky":false,"newFailed":false,"newBroken":false,"newPassed":false,"retriesCount":0,"retriesStatusChange":false,"beforeStages":[{"name":"generateBaseTestData","time":{"start":1758140811668,"stop":1758140811677,"duration":9},"description":"","status":"passed","steps":[],"attachments":[],"parameters":[],"shouldDisplayMessage":false,"stepsCount":0,"attachmentsCount":0,"hasContent":false,"attachmentStep":false}],"testStage":{"status":"skipped","statusMessage":"No comparison rule found for class Build","statusTrace":"java.lang.AssertionError: No comparison rule found for class Build\n\tat com.teamcity.api.models.comparison.ModelAssertions.match(ModelAssertions.java:32)\n\tat com.teamcity.ui.StartBuildTest.lambda$userCreatesBuildTypeStepAndStartsBuildTest$3(StartBuildTest.java:55)\n\tat io.qameta.allure.Allure.lambda$step$0(Allure.java:113)\n\tat io.qameta.allure.Allure.lambda$step$1(Allure.java:127)\n\tat io.qameta.allure.Allure.step(Allure.java:181)\n\tat io.qameta.allure.Allure.step(Allure.java:125)\n\tat io.qameta.allure.Allure.step(Allure.java:112)\n\tat com.teamcity.ui.StartBuildTest.userCreatesBuildTypeStepAndStartsBuildTest(StartBuildTest.java:43)\n\tat java.base/jdk.internal.reflect.DirectMethodHandleAccessor.invoke(DirectMethodHandleAccessor.java:103)\n\tat java.base/java.lang.reflect.Method.invoke(Method.java:580)\n\tat org.testng.internal.invokers.MethodInvocationHelper.invokeMethod(MethodInvocationHelper.java:141)\n\tat org.testng.internal.invokers.MethodInvocationHelper$1.runTestMethod(MethodInvocationHelper.java:260)\n\tat com.teamcity.BaseTest.run(BaseTest.java:52)\n\tat org.testng.internal.invokers.MethodInvocationHelper.invokeHookable(MethodInvocationHelper.java:274)\n\tat org.testng.internal.invokers.TestInvoker.invokeMethod(TestInvoker.java:678)\n\tat org.testng.internal.invokers.TestInvoker.invokeTestMethod(TestInvoker.java:230)\n\tat org.testng.internal.invokers.MethodRunner.runInSequence(MethodRunner.java:63)\n\tat org.testng.internal.invokers.TestInvoker$MethodInvocationAgent.invoke(TestInvoker.java:992)\n\tat org.testng.internal.invokers.TestInvoker.invokeTestMethods(TestInvoker.java:203)\n\tat org.testng.internal.invokers.TestMethodWorker.invokeTestMethods(TestMethodWorker.java:154)\n\tat org.testng.internal.invokers.TestMethodWorker.run(TestMethodWorker.java:134)\n\tat java.base/java.util.concurrent.Executors$RunnableAdapter.call(Executors.java:572)\n\tat java.base/java.util.concurrent.FutureTask.run(FutureTask.java:317)\n\tat org.testng.internal.thread.graph.TestNGFutureTask.run(TestNGFutureTask.java:22)\n\tat java.base/java.util.concurrent.ThreadPoolExecutor.runWorker(ThreadPoolExecutor.java:1144)\n\tat java.base/java.util.concurrent.ThreadPoolExecutor$Worker.run(ThreadPoolExecutor.java:642)\n\tat java.base/java.lang.Thread.run(Thread.java:1583)\n","steps":[{"name":"Creating new user: test_olluzBseXl","time":{"start":1758140811690,"stop":1758140811935,"duration":245},"status":"passed","steps":[{"name":"Create User(id=null, username=test_olluzBseXl, email=test_nkQoHYzfFP, password=test_dwOqHJJYxF, roles=Roles(role=[Role(roleId=SYSTEM_ADMIN, scope=g)]))","time":{"start":1758140811691,"stop":1758140811918,"duration":227},"status":"passed","steps":[],"attachments":[{"uid":"d4cb98f991293c97","name":"Request","source":"d4cb98f991293c97.html","type":"text/html","size":1443},{"uid":"d54b6a051dd42722","name":"HTTP/1.1 200 ","source":"d54b6a051dd42722.html","type":"text/html","size":2140}],"parameters":[{"name":"model","value":"User(id=null, username=test_olluzBseXl, email=test_nkQoHYzfFP, password=test_dwOqHJJYxF, roles=Roles(role=[Role(roleId=SYSTEM_ADMIN, scope=g)]))"}],"shouldDisplayMessage":false,"stepsCount":0,"attachmentsCount":2,"hasContent":true,"attachmentStep":false}],"attachments":[],"parameters":[{"name":"user","value":"User(id=null, username=test_olluzBseXl, email=test_nkQoHYzfFP, password=test_dwOqHJJYxF, roles=Roles(role=[Role(roleId=SYSTEM_ADMIN, scope=g)]))"}],"shouldDisplayMessage":false,"stepsCount":1,"attachmentsCount":2,"hasContent":true,"attachmentStep":false},{"name":"Open login page","time":{"start":1758140811939,"stop":1758140818966,"duration":7027},"status":"passed","steps":[],"attachments":[],"parameters":[],"shouldDisplayMessage":false,"stepsCount":0,"attachmentsCount":0,"hasContent":false,"attachmentStep":false},{"name":"Login as test_olluzBseXl","time":{"start":1758140818966,"stop":1758140821921,"duration":2955},"status":"passed","steps":[],"attachments":[],"parameters":[{"name":"user","value":"User(id=null, username=test_olluzBseXl, email=test_nkQoHYzfFP, password=test_dwOqHJJYxF, roles=Roles(role=[Role(roleId=SYSTEM_ADMIN, scope=g)]))"}],"shouldDisplayMessage":false,"stepsCount":0,"attachmentsCount":0,"hasContent":true,"attachmentStep":false},{"name":"Create project and build type via API","time":{"start":1758140821922,"stop":1758140823191,"duration":1269},"status":"passed","steps":[{"name":"Create NewProjectDescription(id=test_nXnVbadPgM, name=test_wpQRmGLKLx, parentProject=Project(id=null, name=null, locator=_Root))","time":{"start":1758140821922,"stop":1758140822043,"duration":121},"status":"passed","steps":[],"attachments":[{"uid":"7907fbe3d4464799","name":"Request","source":"7907fbe3d4464799.html","type":"text/html","size":1153},{"uid":"4fa2d7444b2c6922","name":"HTTP/1.1 200 ","source":"4fa2d7444b2c6922.html","type":"text/html","size":2225}],"parameters":[{"name":"model","value":"NewProjectDescription(id=test_nXnVbadPgM, name=test_wpQRmGLKLx, parentProject=Project(id=null, name=null, locator=_Root))"}],"shouldDisplayMessage":false,"stepsCount":0,"attachmentsCount":2,"hasContent":true,"attachmentStep":false},{"name":"Create BuildType(id=test_KAogHBzdtR, name=test_ouOtPYhSNe, project=Project(id=test_nXnVbadPgM, name=test_wpQRmGLKLx, locator=null), steps=null)","time":{"start":1758140822052,"stop":1758140823174,"duration":1122},"status":"passed","steps":[],"attachments":[{"uid":"8d99bbf2c252b858","name":"Request","source":"8d99bbf2c252b858.html","type":"text/html","size":1269},{"uid":"2457135d2853b9f9","name":"HTTP/1.1 200 ","source":"2457135d2853b9f9.html","type":"text/html","size":2946}],"parameters":[{"name":"model","value":"BuildType(id=test_KAogHBzdtR, name=test_ouOtPYhSNe, project=Project(id=test_nXnVbadPgM, name=test_wpQRmGLKLx, locator=null), steps=null)"}],"shouldDisplayMessage":false,"stepsCount":0,"attachmentsCount":2,"hasContent":true,"attachmentStep":false}],"attachments":[],"parameters":[],"shouldDisplayMessage":false,"stepsCount":2,"attachmentsCount":4,"hasContent":true,"attachmentStep":false},{"name":"Create command line build step","time":{"start":1758140823193,"stop":1758140833669,"duration":10476},"status":"passed","steps":[{"name":"Open build type step creation page","time":{"start":1758140823193,"stop":1758140827568,"duration":4375},"status":"passed","steps":[],"attachments":[],"parameters":[{"name":"buildTypeId","value":"test_KAogHBzdtR"}],"shouldDisplayMessage":false,"stepsCount":0,"attachmentsCount":0,"hasContent":true,"attachmentStep":false},{"name":"Create command line build step","time":{"start":1758140827568,"stop":1758140833669,"duration":6101},"status":"passed","steps":[],"attachments":[],"parameters":[{"name":"customScript","value":"echo 'Hello World!'"}],"shouldDisplayMessage":false,"stepsCount":0,"attachmentsCount":0,"hasContent":true,"attachmentStep":false}],"attachments":[],"parameters":[],"shouldDisplayMessage":false,"stepsCount":2,"attachmentsCount":0,"hasContent":true,"attachmentStep":false},{"name":"Run build and wait for completion","time":{"start":1758140833669,"stop":1758140841093,"duration":7424},"status":"passed","steps":[{"name":"Open projects page","time":{"start":1758140833670,"stop":1758140834974,"duration":1304},"status":"passed","steps":[],"attachments":[],"parameters":[],"shouldDisplayMessage":false,"stepsCount":0,"attachmentsCount":0,"hasContent":false,"attachmentStep":false},{"name":"Verify project test_wpQRmGLKLx and build type test_ouOtPYhSNe","time":{"start":1758140834974,"stop":1758140836333,"duration":1359},"status":"passed","steps":[],"attachments":[],"parameters":[{"name":"projectName","value":"test_wpQRmGLKLx"},{"name":"buildTypeName","value":"test_ouOtPYhSNe"}],"shouldDisplayMessage":false,"stepsCount":0,"attachmentsCount":0,"hasContent":true,"attachmentStep":false},{"name":"Run build and wait until it is finished","time":{"start":1758140836333,"stop":1758140841045,"duration":4712},"status":"passed","steps":[],"attachments":[],"parameters":[],"shouldDisplayMessage":false,"stepsCount":0,"attachmentsCount":0,"hasContent":false,"attachmentStep":false},{"name":"Get build id","time":{"start":1758140841045,"stop":1758140841093,"duration":48},"status":"passed","steps":[{"name":"buildId=1","time":{"start":1758140841093,"stop":1758140841093,"duration":0},"status":"passed","steps":[],"attachments":[],"parameters":[],"shouldDisplayMessage":false,"stepsCount":0,"attachmentsCount":0,"hasContent":false,"attachmentStep":false}],"attachments":[],"parameters":[],"shouldDisplayMessage":false,"stepsCount":1,"attachmentsCount":0,"hasContent":true,"attachmentStep":false}],"attachments":[],"parameters":[],"shouldDisplayMessage":false,"stepsCount":5,"attachmentsCount":0,"hasContent":true,"attachmentStep":false},{"name":"Verify build state and status via API","time":{"start":1758140841094,"stop":1758140841172,"duration":78},"status":"failed","statusMessage":"No comparison rule found for class Build","statusTrace":"java.lang.AssertionError: No comparison rule found for class Build\n\tat com.teamcity.api.models.comparison.ModelAssertions.match(ModelAssertions.java:32)\n\tat com.teamcity.ui.StartBuildTest.lambda$userCreatesBuildTypeStepAndStartsBuildTest$3(StartBuildTest.java:55)\n\tat io.qameta.allure.Allure.lambda$step$0(Allure.java:113)\n\tat io.qameta.allure.Allure.lambda$step$1(Allure.java:127)\n\tat io.qameta.allure.Allure.step(Allure.java:181)\n\tat io.qameta.allure.Allure.step(Allure.java:125)\n\tat io.qameta.allure.Allure.step(Allure.java:112)\n\tat com.teamcity.ui.StartBuildTest.userCreatesBuildTypeStepAndStartsBuildTest(StartBuildTest.java:43)\n\tat java.base/jdk.internal.reflect.DirectMethodHandleAccessor.invoke(DirectMethodHandleAccessor.java:103)\n\tat java.base/java.lang.reflect.Method.invoke(Method.java:580)\n\tat org.testng.internal.invokers.MethodInvocationHelper.invokeMethod(MethodInvocationHelper.java:141)\n\tat org.testng.internal.invokers.MethodInvocationHelper$1.runTestMethod(MethodInvocationHelper.java:260)\n\tat com.teamcity.BaseTest.run(BaseTest.java:52)\n\tat org.testng.internal.invokers.MethodInvocationHelper.invokeHookable(MethodInvocationHelper.java:274)\n\tat org.testng.internal.invokers.TestInvoker.invokeMethod(TestInvoker.java:678)\n\tat org.testng.internal.invokers.TestInvoker.invokeTestMethod(TestInvoker.java:230)\n\tat org.testng.internal.invokers.MethodRunner.runInSequence(MethodRunner.java:63)\n\tat org.testng.internal.invokers.TestInvoker$MethodInvocationAgent.invoke(TestInvoker.java:992)\n\tat org.testng.internal.invokers.TestInvoker.invokeTestMethods(TestInvoker.java:203)\n\tat org.testng.internal.invokers.TestMethodWorker.invokeTestMethods(TestMethodWorker.java:154)\n\tat org.testng.internal.invokers.TestMethodWorker.run(TestMethodWorker.java:134)\n\tat java.base/java.util.concurrent.Executors$RunnableAdapter.call(Executors.java:572)\n\tat java.base/java.util.concurrent.FutureTask.run(FutureTask.java:317)\n\tat org.testng.internal.thread.graph.TestNGFutureTask.run(TestNGFutureTask.java:22)\n\tat java.base/java.util.concurrent.ThreadPoolExecutor.runWorker(ThreadPoolExecutor.java:1144)\n\tat java.base/java.util.concurrent.ThreadPoolExecutor$Worker.run(ThreadPoolExecutor.java:642)\n\tat java.base/java.lang.Thread.run(Thread.java:1583)\n","steps":[{"name":"Read 1","time":{"start":1758140841095,"stop":1758140841165,"duration":70},"status":"passed","steps":[],"attachments":[{"uid":"9f8c4205037d928c","name":"Request","source":"9f8c4205037d928c.html","type":"text/html","size":582},{"uid":"3048916314e60ea3","name":"HTTP/1.1 200 ","source":"3048916314e60ea3.html","type":"text/html","size":3051}],"parameters":[{"name":"id","value":"1"}],"shouldDisplayMessage":false,"stepsCount":0,"attachmentsCount":2,"hasContent":true,"attachmentStep":false}],"attachments":[],"parameters":[],"shouldDisplayMessage":true,"stepsCount":1,"attachmentsCount":2,"hasContent":true,"attachmentStep":false}],"attachments":[],"parameters":[],"shouldDisplayMessage":false,"stepsCount":18,"attachmentsCount":8,"hasContent":true,"attachmentStep":false},"afterStages":[{"name":"closeWebDriver","time":{"start":1758140841174,"stop":1758140841847,"duration":673},"description":"","status":"passed","steps":[],"attachments":[],"parameters":[],"shouldDisplayMessage":false,"stepsCount":0,"attachmentsCount":0,"hasContent":false,"attachmentStep":false},{"name":"deleteCreatedEntities","time":{"start":1758140841848,"stop":1758140842014,"duration":166},"description":"","status":"passed","steps":[{"name":"Delete test_KAogHBzdtR","time":{"start":1758140841848,"stop":1758140841897,"duration":49},"status":"passed","steps":[],"attachments":[{"uid":"2fb74b8e24a72857","name":"Request","source":"2fb74b8e24a72857.html","type":"text/html","size":602},{"uid":"3fa806415fdf2021","name":"HTTP/1.1 204 ","source":"3fa806415fdf2021.html","type":"text/html","size":478}],"parameters":[{"name":"id","value":"test_KAogHBzdtR"}],"shouldDisplayMessage":false,"stepsCount":0,"attachmentsCount":2,"hasContent":true,"attachmentStep":false},{"name":"Delete 8","time":{"start":1758140841897,"stop":1758140841944,"duration":47},"status":"passed","steps":[],"attachments":[{"uid":"f26d65e7e73e3165","name":"Request","source":"f26d65e7e73e3165.html","type":"text/html","size":564},{"uid":"cd185b6b24fd477c","name":"HTTP/1.1 204 ","source":"cd185b6b24fd477c.html","type":"text/html","size":478}],"parameters":[{"name":"id","value":"8"}],"shouldDisplayMessage":false,"stepsCount":0,"attachmentsCount":2,"hasContent":true,"attachmentStep":false},{"name":"Delete test_nXnVbadPgM","time":{"start":1758140841945,"stop":1758140842014,"duration":69},"status":"passed","steps":[],"attachments":[{"uid":"fa8454098dd7676c","name":"Request","source":"fa8454098dd7676c.html","type":"text/html","size":598},{"uid":"b03806d618b58a2e","name":"HTTP/1.1 204 ","source":"b03806d618b58a2e.html","type":"text/html","size":478}],"parameters":[{"name":"id","value":"test_nXnVbadPgM"}],"shouldDisplayMessage":false,"stepsCount":0,"attachmentsCount":2,"hasContent":true,"attachmentStep":false}],"attachments":[],"parameters":[],"shouldDisplayMessage":false,"stepsCount":3,"attachmentsCount":6,"hasContent":true,"attachmentStep":false}],"labels":[{"name":"package","value":"com.teamcity.ui.StartBuildTest"},{"name":"testClass","value":"com.teamcity.ui.StartBuildTest"},{"name":"testMethod","value":"userCreatesBuildTypeStepAndStartsBuildTest"},{"name":"parentSuite","value":"UI tests"},{"name":"suite","value":"UI tests"},{"name":"subSuite","value":"com.teamcity.ui.StartBuildTest"},{"name":"host","value":"runnervmf4ws1"},{"name":"thread","value":"5373@runnervmf4ws1.TestNG-test-UI tests-3(31)"},{"name":"framework","value":"testng"},{"name":"language","value":"java"},{"name":"feature","value":"Start build"},{"name":"suite","value":"firefox"},{"name":"tag","value":"firefox"},{"name":"resultFormat","value":"allure2"}],"parameters":[{"name":"arg0","value":"firefox"}],"links":[],"hidden":true,"retry":true,"extra":{"categories":[],"tags":["firefox"]},"source":"7597f737049cd39.json","parameterValues":["firefox"]}