{"uid":"8f283c92844c3ef7","name":"User should be able to create build type step and start build","fullName":"com.teamcity.ui.StartBuildTest.userCreatesBuildTypeStepAndStartsBuildTest","historyId":"2e913170ae6ceca412996b50dc581589","time":{"start":1758140807632,"stop":1758140828755,"duration":21123},"status":"skipped","statusMessage":"No comparison rule found for class Build","statusTrace":"java.lang.AssertionError: No comparison rule found for class Build\n\tat com.teamcity.api.models.comparison.ModelAssertions.match(ModelAssertions.java:32)\n\tat com.teamcity.ui.StartBuildTest.lambda$userCreatesBuildTypeStepAndStartsBuildTest$3(StartBuildTest.java:55)\n\tat io.qameta.allure.Allure.lambda$step$0(Allure.java:113)\n\tat io.qameta.allure.Allure.lambda$step$1(Allure.java:127)\n\tat io.qameta.allure.Allure.step(Allure.java:181)\n\tat io.qameta.allure.Allure.step(Allure.java:125)\n\tat io.qameta.allure.Allure.step(Allure.java:112)\n\tat com.teamcity.ui.StartBuildTest.userCreatesBuildTypeStepAndStartsBuildTest(StartBuildTest.java:43)\n\tat java.base/jdk.internal.reflect.DirectMethodHandleAccessor.invoke(DirectMethodHandleAccessor.java:103)\n\tat java.base/java.lang.reflect.Method.invoke(Method.java:580)\n\tat org.testng.internal.invokers.MethodInvocationHelper.invokeMethod(MethodInvocationHelper.java:141)\n\tat org.testng.internal.invokers.MethodInvocationHelper$1.runTestMethod(MethodInvocationHelper.java:260)\n\tat com.teamcity.BaseTest.run(BaseTest.java:52)\n\tat org.testng.internal.invokers.MethodInvocationHelper.invokeHookable(MethodInvocationHelper.java:274)\n\tat org.testng.internal.invokers.TestInvoker.invokeMethod(TestInvoker.java:678)\n\tat org.testng.internal.invokers.TestInvoker.invokeTestMethod(TestInvoker.java:230)\n\tat org.testng.internal.invokers.MethodRunner.runInSequence(MethodRunner.java:63)\n\tat org.testng.internal.invokers.TestInvoker$MethodInvocationAgent.invoke(TestInvoker.java:992)\n\tat org.testng.internal.invokers.TestInvoker.invokeTestMethods(TestInvoker.java:203)\n\tat org.testng.internal.invokers.TestMethodWorker.invokeTestMethods(TestMethodWorker.java:154)\n\tat org.testng.internal.invokers.TestMethodWorker.run(TestMethodWorker.java:134)\n\tat java.base/java.util.concurrent.Executors$RunnableAdapter.call(Executors.java:572)\n\tat java.base/java.util.concurrent.FutureTask.run(FutureTask.java:317)\n\tat org.testng.internal.thread.graph.TestNGFutureTask.run(TestNGFutureTask.java:22)\n\tat java.base/java.util.concurrent.ThreadPoolExecutor.runWorker(ThreadPoolExecutor.java:1144)\n\tat java.base/java.util.concurrent.ThreadPoolExecutor$Worker.run(ThreadPoolExecutor.java:642)\n\tat java.base/java.lang.Thread.run(Thread.java:1583)\n","flaky":false,"newFailed":false,"newBroken":false,"newPassed":false,"retriesCount":0,"retriesStatusChange":false,"beforeStages":[{"name":"generateBaseTestData","time":{"start":1758140807620,"stop":1758140807623,"duration":3},"description":"","status":"passed","steps":[],"attachments":[],"parameters":[],"shouldDisplayMessage":false,"stepsCount":0,"attachmentsCount":0,"hasContent":false,"attachmentStep":false}],"testStage":{"status":"skipped","statusMessage":"No comparison rule found for class Build","statusTrace":"java.lang.AssertionError: No comparison rule found for class Build\n\tat com.teamcity.api.models.comparison.ModelAssertions.match(ModelAssertions.java:32)\n\tat com.teamcity.ui.StartBuildTest.lambda$userCreatesBuildTypeStepAndStartsBuildTest$3(StartBuildTest.java:55)\n\tat io.qameta.allure.Allure.lambda$step$0(Allure.java:113)\n\tat io.qameta.allure.Allure.lambda$step$1(Allure.java:127)\n\tat io.qameta.allure.Allure.step(Allure.java:181)\n\tat io.qameta.allure.Allure.step(Allure.java:125)\n\tat io.qameta.allure.Allure.step(Allure.java:112)\n\tat com.teamcity.ui.StartBuildTest.userCreatesBuildTypeStepAndStartsBuildTest(StartBuildTest.java:43)\n\tat java.base/jdk.internal.reflect.DirectMethodHandleAccessor.invoke(DirectMethodHandleAccessor.java:103)\n\tat java.base/java.lang.reflect.Method.invoke(Method.java:580)\n\tat org.testng.internal.invokers.MethodInvocationHelper.invokeMethod(MethodInvocationHelper.java:141)\n\tat org.testng.internal.invokers.MethodInvocationHelper$1.runTestMethod(MethodInvocationHelper.java:260)\n\tat com.teamcity.BaseTest.run(BaseTest.java:52)\n\tat org.testng.internal.invokers.MethodInvocationHelper.invokeHookable(MethodInvocationHelper.java:274)\n\tat org.testng.internal.invokers.TestInvoker.invokeMethod(TestInvoker.java:678)\n\tat org.testng.internal.invokers.TestInvoker.invokeTestMethod(TestInvoker.java:230)\n\tat org.testng.internal.invokers.MethodRunner.runInSequence(MethodRunner.java:63)\n\tat org.testng.internal.invokers.TestInvoker$MethodInvocationAgent.invoke(TestInvoker.java:992)\n\tat org.testng.internal.invokers.TestInvoker.invokeTestMethods(TestInvoker.java:203)\n\tat org.testng.internal.invokers.TestMethodWorker.invokeTestMethods(TestMethodWorker.java:154)\n\tat org.testng.internal.invokers.TestMethodWorker.run(TestMethodWorker.java:134)\n\tat java.base/java.util.concurrent.Executors$RunnableAdapter.call(Executors.java:572)\n\tat java.base/java.util.concurrent.FutureTask.run(FutureTask.java:317)\n\tat org.testng.internal.thread.graph.TestNGFutureTask.run(TestNGFutureTask.java:22)\n\tat java.base/java.util.concurrent.ThreadPoolExecutor.runWorker(ThreadPoolExecutor.java:1144)\n\tat java.base/java.util.concurrent.ThreadPoolExecutor$Worker.run(ThreadPoolExecutor.java:642)\n\tat java.base/java.lang.Thread.run(Thread.java:1583)\n","steps":[{"name":"Creating new user: test_pXaEOtydhL","time":{"start":1758140807633,"stop":1758140807846,"duration":213},"status":"passed","steps":[{"name":"Create User(id=null, username=test_pXaEOtydhL, email=test_bGghfLJFwN, password=test_lrrgQrDqnT, roles=Roles(role=[Role(roleId=SYSTEM_ADMIN, scope=g)]))","time":{"start":1758140807633,"stop":1758140807839,"duration":206},"status":"passed","steps":[],"attachments":[{"uid":"622b548ebead6334","name":"Request","source":"622b548ebead6334.html","type":"text/html","size":1443},{"uid":"edcc963c26fa8a74","name":"HTTP/1.1 200 ","source":"edcc963c26fa8a74.html","type":"text/html","size":2140}],"parameters":[{"name":"model","value":"User(id=null, username=test_pXaEOtydhL, email=test_bGghfLJFwN, password=test_lrrgQrDqnT, roles=Roles(role=[Role(roleId=SYSTEM_ADMIN, scope=g)]))"}],"shouldDisplayMessage":false,"stepsCount":0,"attachmentsCount":2,"hasContent":true,"attachmentStep":false}],"attachments":[],"parameters":[{"name":"user","value":"User(id=null, username=test_pXaEOtydhL, email=test_bGghfLJFwN, password=test_lrrgQrDqnT, roles=Roles(role=[Role(roleId=SYSTEM_ADMIN, scope=g)]))"}],"shouldDisplayMessage":false,"stepsCount":1,"attachmentsCount":2,"hasContent":true,"attachmentStep":false},{"name":"Open login page","time":{"start":1758140807847,"stop":1758140812129,"duration":4282},"status":"passed","steps":[],"attachments":[],"parameters":[],"shouldDisplayMessage":false,"stepsCount":0,"attachmentsCount":0,"hasContent":false,"attachmentStep":false},{"name":"Login as test_pXaEOtydhL","time":{"start":1758140812130,"stop":1758140815938,"duration":3808},"status":"passed","steps":[],"attachments":[],"parameters":[{"name":"user","value":"User(id=null, username=test_pXaEOtydhL, email=test_bGghfLJFwN, password=test_lrrgQrDqnT, roles=Roles(role=[Role(roleId=SYSTEM_ADMIN, scope=g)]))"}],"shouldDisplayMessage":false,"stepsCount":0,"attachmentsCount":0,"hasContent":true,"attachmentStep":false},{"name":"Create project and build type via API","time":{"start":1758140815939,"stop":1758140816195,"duration":256},"status":"passed","steps":[{"name":"Create NewProjectDescription(id=test_fvnTfZpYva, name=test_PlTLgiSZnN, parentProject=Project(id=null, name=null, locator=_Root))","time":{"start":1758140815939,"stop":1758140816032,"duration":93},"status":"passed","steps":[],"attachments":[{"uid":"14620192c4c2b2ba","name":"Request","source":"14620192c4c2b2ba.html","type":"text/html","size":1153},{"uid":"dd6e1fb5988a492d","name":"HTTP/1.1 200 ","source":"dd6e1fb5988a492d.html","type":"text/html","size":2225}],"parameters":[{"name":"model","value":"NewProjectDescription(id=test_fvnTfZpYva, name=test_PlTLgiSZnN, parentProject=Project(id=null, name=null, locator=_Root))"}],"shouldDisplayMessage":false,"stepsCount":0,"attachmentsCount":2,"hasContent":true,"attachmentStep":false},{"name":"Create BuildType(id=test_CAysYTHMQA, name=test_zgmwgtwoAD, project=Project(id=test_fvnTfZpYva, name=test_PlTLgiSZnN, locator=null), steps=null)","time":{"start":1758140816036,"stop":1758140816183,"duration":147},"status":"passed","steps":[],"attachments":[{"uid":"b8acd558a2becf92","name":"Request","source":"b8acd558a2becf92.html","type":"text/html","size":1269},{"uid":"9874fe15772ce841","name":"HTTP/1.1 200 ","source":"9874fe15772ce841.html","type":"text/html","size":2946}],"parameters":[{"name":"model","value":"BuildType(id=test_CAysYTHMQA, name=test_zgmwgtwoAD, project=Project(id=test_fvnTfZpYva, name=test_PlTLgiSZnN, locator=null), steps=null)"}],"shouldDisplayMessage":false,"stepsCount":0,"attachmentsCount":2,"hasContent":true,"attachmentStep":false}],"attachments":[],"parameters":[],"shouldDisplayMessage":false,"stepsCount":2,"attachmentsCount":4,"hasContent":true,"attachmentStep":false},{"name":"Create command line build step","time":{"start":1758140816195,"stop":1758140822562,"duration":6367},"status":"passed","steps":[{"name":"Open build type step creation page","time":{"start":1758140816196,"stop":1758140817789,"duration":1593},"status":"passed","steps":[],"attachments":[],"parameters":[{"name":"buildTypeId","value":"test_CAysYTHMQA"}],"shouldDisplayMessage":false,"stepsCount":0,"attachmentsCount":0,"hasContent":true,"attachmentStep":false},{"name":"Create command line build step","time":{"start":1758140817789,"stop":1758140822562,"duration":4773},"status":"passed","steps":[],"attachments":[],"parameters":[{"name":"customScript","value":"echo 'Hello World!'"}],"shouldDisplayMessage":false,"stepsCount":0,"attachmentsCount":0,"hasContent":true,"attachmentStep":false}],"attachments":[],"parameters":[],"shouldDisplayMessage":false,"stepsCount":2,"attachmentsCount":0,"hasContent":true,"attachmentStep":false},{"name":"Run build and wait for completion","time":{"start":1758140822562,"stop":1758140828636,"duration":6074},"status":"passed","steps":[{"name":"Open projects page","time":{"start":1758140822562,"stop":1758140823455,"duration":893},"status":"passed","steps":[],"attachments":[],"parameters":[],"shouldDisplayMessage":false,"stepsCount":0,"attachmentsCount":0,"hasContent":false,"attachmentStep":false},{"name":"Verify project test_PlTLgiSZnN and build type test_zgmwgtwoAD","time":{"start":1758140823455,"stop":1758140824478,"duration":1023},"status":"passed","steps":[],"attachments":[],"parameters":[{"name":"projectName","value":"test_PlTLgiSZnN"},{"name":"buildTypeName","value":"test_zgmwgtwoAD"}],"shouldDisplayMessage":false,"stepsCount":0,"attachmentsCount":0,"hasContent":true,"attachmentStep":false},{"name":"Run build and wait until it is finished","time":{"start":1758140824478,"stop":1758140828616,"duration":4138},"status":"passed","steps":[],"attachments":[],"parameters":[],"shouldDisplayMessage":false,"stepsCount":0,"attachmentsCount":0,"hasContent":false,"attachmentStep":false},{"name":"Get build id","time":{"start":1758140828616,"stop":1758140828636,"duration":20},"status":"passed","steps":[{"name":"buildId=1","time":{"start":1758140828636,"stop":1758140828636,"duration":0},"status":"passed","steps":[],"attachments":[],"parameters":[],"shouldDisplayMessage":false,"stepsCount":0,"attachmentsCount":0,"hasContent":false,"attachmentStep":false}],"attachments":[],"parameters":[],"shouldDisplayMessage":false,"stepsCount":1,"attachmentsCount":0,"hasContent":true,"attachmentStep":false}],"attachments":[],"parameters":[],"shouldDisplayMessage":false,"stepsCount":5,"attachmentsCount":0,"hasContent":true,"attachmentStep":false},{"name":"Verify build state and status via API","time":{"start":1758140828636,"stop":1758140828752,"duration":116},"status":"failed","statusMessage":"No comparison rule found for class Build","statusTrace":"java.lang.AssertionError: No comparison rule found for class Build\n\tat com.teamcity.api.models.comparison.ModelAssertions.match(ModelAssertions.java:32)\n\tat com.teamcity.ui.StartBuildTest.lambda$userCreatesBuildTypeStepAndStartsBuildTest$3(StartBuildTest.java:55)\n\tat io.qameta.allure.Allure.lambda$step$0(Allure.java:113)\n\tat io.qameta.allure.Allure.lambda$step$1(Allure.java:127)\n\tat io.qameta.allure.Allure.step(Allure.java:181)\n\tat io.qameta.allure.Allure.step(Allure.java:125)\n\tat io.qameta.allure.Allure.step(Allure.java:112)\n\tat com.teamcity.ui.StartBuildTest.userCreatesBuildTypeStepAndStartsBuildTest(StartBuildTest.java:43)\n\tat java.base/jdk.internal.reflect.DirectMethodHandleAccessor.invoke(DirectMethodHandleAccessor.java:103)\n\tat java.base/java.lang.reflect.Method.invoke(Method.java:580)\n\tat org.testng.internal.invokers.MethodInvocationHelper.invokeMethod(MethodInvocationHelper.java:141)\n\tat org.testng.internal.invokers.MethodInvocationHelper$1.runTestMethod(MethodInvocationHelper.java:260)\n\tat com.teamcity.BaseTest.run(BaseTest.java:52)\n\tat org.testng.internal.invokers.MethodInvocationHelper.invokeHookable(MethodInvocationHelper.java:274)\n\tat org.testng.internal.invokers.TestInvoker.invokeMethod(TestInvoker.java:678)\n\tat org.testng.internal.invokers.TestInvoker.invokeTestMethod(TestInvoker.java:230)\n\tat org.testng.internal.invokers.MethodRunner.runInSequence(MethodRunner.java:63)\n\tat org.testng.internal.invokers.TestInvoker$MethodInvocationAgent.invoke(TestInvoker.java:992)\n\tat org.testng.internal.invokers.TestInvoker.invokeTestMethods(TestInvoker.java:203)\n\tat org.testng.internal.invokers.TestMethodWorker.invokeTestMethods(TestMethodWorker.java:154)\n\tat org.testng.internal.invokers.TestMethodWorker.run(TestMethodWorker.java:134)\n\tat java.base/java.util.concurrent.Executors$RunnableAdapter.call(Executors.java:572)\n\tat java.base/java.util.concurrent.FutureTask.run(FutureTask.java:317)\n\tat org.testng.internal.thread.graph.TestNGFutureTask.run(TestNGFutureTask.java:22)\n\tat java.base/java.util.concurrent.ThreadPoolExecutor.runWorker(ThreadPoolExecutor.java:1144)\n\tat java.base/java.util.concurrent.ThreadPoolExecutor$Worker.run(ThreadPoolExecutor.java:642)\n\tat java.base/java.lang.Thread.run(Thread.java:1583)\n","steps":[{"name":"Read 1","time":{"start":1758140828637,"stop":1758140828742,"duration":105},"status":"passed","steps":[],"attachments":[{"uid":"3d8375f129fc2b72","name":"Request","source":"3d8375f129fc2b72.html","type":"text/html","size":582},{"uid":"b801dd9ff87ccd8b","name":"HTTP/1.1 200 ","source":"b801dd9ff87ccd8b.html","type":"text/html","size":3051}],"parameters":[{"name":"id","value":"1"}],"shouldDisplayMessage":false,"stepsCount":0,"attachmentsCount":2,"hasContent":true,"attachmentStep":false}],"attachments":[],"parameters":[],"shouldDisplayMessage":true,"stepsCount":1,"attachmentsCount":2,"hasContent":true,"attachmentStep":false}],"attachments":[],"parameters":[],"shouldDisplayMessage":false,"stepsCount":18,"attachmentsCount":8,"hasContent":true,"attachmentStep":false},"afterStages":[{"name":"closeWebDriver","time":{"start":1758140828756,"stop":1758140828829,"duration":73},"description":"","status":"passed","steps":[],"attachments":[],"parameters":[],"shouldDisplayMessage":false,"stepsCount":0,"attachmentsCount":0,"hasContent":false,"attachmentStep":false},{"name":"deleteCreatedEntities","time":{"start":1758140828836,"stop":1758140829060,"duration":224},"description":"","status":"passed","steps":[{"name":"Delete test_CAysYTHMQA","time":{"start":1758140828838,"stop":1758140828901,"duration":63},"status":"passed","steps":[],"attachments":[{"uid":"e4eb4f63fc610e07","name":"Request","source":"e4eb4f63fc610e07.html","type":"text/html","size":602},{"uid":"eacc3c2fab20f258","name":"HTTP/1.1 204 ","source":"eacc3c2fab20f258.html","type":"text/html","size":478}],"parameters":[{"name":"id","value":"test_CAysYTHMQA"}],"shouldDisplayMessage":false,"stepsCount":0,"attachmentsCount":2,"hasContent":true,"attachmentStep":false},{"name":"Delete 9","time":{"start":1758140828901,"stop":1758140828970,"duration":69},"status":"passed","steps":[],"attachments":[{"uid":"142dd2ca06681eb4","name":"Request","source":"142dd2ca06681eb4.html","type":"text/html","size":564},{"uid":"1e920dc4c751f856","name":"HTTP/1.1 204 ","source":"1e920dc4c751f856.html","type":"text/html","size":478}],"parameters":[{"name":"id","value":"9"}],"shouldDisplayMessage":false,"stepsCount":0,"attachmentsCount":2,"hasContent":true,"attachmentStep":false},{"name":"Delete test_fvnTfZpYva","time":{"start":1758140828970,"stop":1758140829057,"duration":87},"status":"passed","steps":[],"attachments":[{"uid":"dbfc56498e379428","name":"Request","source":"dbfc56498e379428.html","type":"text/html","size":598},{"uid":"743992bd6bffe60b","name":"HTTP/1.1 204 ","source":"743992bd6bffe60b.html","type":"text/html","size":478}],"parameters":[{"name":"id","value":"test_fvnTfZpYva"}],"shouldDisplayMessage":false,"stepsCount":0,"attachmentsCount":2,"hasContent":true,"attachmentStep":false}],"attachments":[],"parameters":[],"shouldDisplayMessage":false,"stepsCount":3,"attachmentsCount":6,"hasContent":true,"attachmentStep":false}],"labels":[{"name":"package","value":"com.teamcity.ui.StartBuildTest"},{"name":"testClass","value":"com.teamcity.ui.StartBuildTest"},{"name":"testMethod","value":"userCreatesBuildTypeStepAndStartsBuildTest"},{"name":"parentSuite","value":"UI tests"},{"name":"suite","value":"UI tests"},{"name":"subSuite","value":"com.teamcity.ui.StartBuildTest"},{"name":"host","value":"runnervmf4ws1"},{"name":"thread","value":"5432@runnervmf4ws1.TestNG-test-UI tests-1(29)"},{"name":"framework","value":"testng"},{"name":"language","value":"java"},{"name":"feature","value":"Start build"},{"name":"suite","value":"chrome"},{"name":"tag","value":"chrome"},{"name":"resultFormat","value":"allure2"}],"parameters":[{"name":"arg0","value":"chrome"}],"links":[],"hidden":true,"retry":true,"extra":{"categories":[],"tags":["chrome"]},"source":"8f283c92844c3ef7.json","parameterValues":["chrome"]}