{"uid":"e59a9b7fba613d05","name":"User should be able to create build type","fullName":"com.teamcity.ui.CreateBuildTypeTest.userCreatesBuildTypeTest","historyId":"49b2b7b4c663d4ddcb0a4d4aabc02e65","time":{"start":1758140746743,"stop":1758140794372,"duration":47629},"status":"skipped","statusMessage":"Failed to create new instance of class com.teamcity.ui.pages.ProjectsPage","statusTrace":"com.codeborne.selenide.ex.PageObjectException: Failed to create new instance of class com.teamcity.ui.pages.ProjectsPage\n\tat com.codeborne.selenide.impl.SelenidePageFactory.page(SelenidePageFactory.java:53)\n\tat com.codeborne.selenide.SelenideDriver.page(SelenideDriver.java:148)\n\tat com.codeborne.selenide.Selenide.page(Selenide.java:746)\n\tat com.teamcity.ui.pages.LoginPage.login(LoginPage.java:39)\n\tat com.teamcity.ui.listeners.UserSessionListener.performLogin(UserSessionListener.java:73)\n\tat com.teamcity.ui.listeners.UserSessionListener.beforeInvocation(UserSessionListener.java:45)\n\tat org.testng.internal.invokers.InvokedMethodListenerInvoker.invokeListener(InvokedMethodListenerInvoker.java:55)\n\tat org.testng.internal.invokers.BaseInvoker.runInvokedMethodListeners(BaseInvoker.java:82)\n\tat org.testng.internal.invokers.TestInvoker.invokeMethod(TestInvoker.java:651)\n\tat org.testng.internal.invokers.TestInvoker.invokeTestMethod(TestInvoker.java:230)\n\tat org.testng.internal.invokers.MethodRunner.runInSequence(MethodRunner.java:63)\n\tat org.testng.internal.invokers.TestInvoker$MethodInvocationAgent.invoke(TestInvoker.java:992)\n\tat org.testng.internal.invokers.TestInvoker.invokeTestMethods(TestInvoker.java:203)\n\tat org.testng.internal.invokers.TestMethodWorker.invokeTestMethods(TestMethodWorker.java:154)\n\tat org.testng.internal.invokers.TestMethodWorker.run(TestMethodWorker.java:134)\n\tat java.base/java.util.concurrent.Executors$RunnableAdapter.call(Executors.java:572)\n\tat java.base/java.util.concurrent.FutureTask.run(FutureTask.java:317)\n\tat org.testng.internal.thread.graph.TestNGFutureTask.run(TestNGFutureTask.java:22)\n\tat java.base/java.util.concurrent.ThreadPoolExecutor.runWorker(ThreadPoolExecutor.java:1144)\n\tat java.base/java.util.concurrent.ThreadPoolExecutor$Worker.run(ThreadPoolExecutor.java:642)\n\tat java.base/java.lang.Thread.run(Thread.java:1583)\nCaused by: java.lang.reflect.InvocationTargetException\n\tat java.base/jdk.internal.reflect.DirectConstructorHandleAccessor.newInstance(DirectConstructorHandleAccessor.java:74)\n\tat java.base/java.lang.reflect.Constructor.newInstanceWithCaller(Constructor.java:502)\n\tat java.base/java.lang.reflect.Constructor.newInstance(Constructor.java:486)\n\tat com.codeborne.selenide.impl.SelenidePageFactory.page(SelenidePageFactory.java:50)\n\t... 20 more\nCaused by: Element not found {.MainPanel__router--gF > div}\nExpected: visible\nScreenshot: file:/home/runner/work/w1/w1/target/reports/tests/1758140793620.1.png\nPage source: file:/home/runner/work/w1/w1/target/reports/tests/1758140793620.1.html\nTimeout: 30 s.\nCaused by: NoSuchElementException: Unable to locate element: .MainPanel__router--gF > div\n\tat com.codeborne.selenide.impl.WebElementSource.createElementNotFoundError(WebElementSource.java:90)\n\tat com.codeborne.selenide.impl.ElementFinder.createElementNotFoundError(ElementFinder.java:142)\n\tat com.codeborne.selenide.impl.WebElementSource.handleError(WebElementSource.java:142)\n\tat com.codeborne.selenide.impl.WebElementSource.checkConditionAndReturnElement(WebElementSource.java:126)\n\tat com.codeborne.selenide.impl.WebElementSource.checkCondition(WebElementSource.java:103)\n\tat com.codeborne.selenide.commands.Should.execute(Should.java:30)\n\tat com.codeborne.selenide.commands.Should.execute(Should.java:14)\n\tat com.codeborne.selenide.commands.Commands.execute(Commands.java:162)\n\tat com.codeborne.selenide.impl.SelenideElementProxy.dispatchAndRetry(SelenideElementProxy.java:134)\n\tat com.codeborne.selenide.impl.SelenideElementProxy.invoke(SelenideElementProxy.java:86)\n\tat jdk.proxy2/jdk.proxy2.$Proxy42.shouldBe(Unknown Source)\n\tat com.teamcity.ui.pages.ProjectsPage.<init>(ProjectsPage.java:39)\n\tat java.base/jdk.internal.reflect.DirectConstructorHandleAccessor.newInstance(DirectConstructorHandleAccessor.java:62)\n\t... 23 more\nCaused by: org.openqa.selenium.NoSuchElementException: Unable to locate element: .MainPanel__router--gF > div\nFor documentation on this error, please visit: https://www.selenium.dev/documentation/webdriver/troubleshooting/errors#no-such-element-exception\nBuild info: version: '4.24.0', revision: '748ffc9bc3'\nSystem info: os.name: 'Linux', os.arch: 'amd64', os.version: '6.11.0-1018-azure', java.version: '21.0.8'\nDriver info: org.openqa.selenium.remote.RemoteWebDriver\nCommand: [3f65ca50-4209-4ad3-9759-c0a3df316bfd, findElement {value=.MainPanel__router--gF > div, using=css selector}]\nCapabilities {acceptInsecureCerts: true, browserName: firefox, browserVersion: 125.0.2, moz:accessibilityChecks: false, moz:buildID: 20240419144423, moz:debuggerAddress: 127.0.0.1:9222, moz:geckodriverVersion: 0.34.0, moz:headless: false, moz:platformVersion: 6.11.0-1018-azure, moz:processID: 79, moz:profile: /tmp/rust_mozprofileIODYFi, moz:shutdownTimeout: 60000, moz:webdriverClick: true, moz:windowless: false, pageLoadStrategy: normal, platformName: linux, proxy: Proxy(), se:cdp: ws://localhost:4444/devtool..., se:cdpVersion: 125.0.2, setWindowRect: true, strictFileInteractability: false, timeouts: {implicit: 0, pageLoad: 300000, script: 30000}, unhandledPromptBehavior: accept, userAgent: Mozilla/5.0 (X11; Ubuntu; L...}\nSession ID: 3f65ca50-4209-4ad3-9759-c0a3df316bfd\n\tat java.base/jdk.internal.reflect.DirectConstructorHandleAccessor.newInstance(DirectConstructorHandleAccessor.java:62)\n\tat java.base/java.lang.reflect.Constructor.newInstanceWithCaller(Constructor.java:502)\n\tat java.base/java.lang.reflect.Constructor.newInstance(Constructor.java:486)\n\tat org.openqa.selenium.remote.ErrorCodec.decode(ErrorCodec.java:167)\n\tat org.openqa.selenium.remote.codec.w3c.W3CHttpResponseCodec.decode(W3CHttpResponseCodec.java:138)\n\tat org.openqa.selenium.remote.codec.w3c.W3CHttpResponseCodec.decode(W3CHttpResponseCodec.java:50)\n\tat org.openqa.selenium.remote.HttpCommandExecutor.execute(HttpCommandExecutor.java:190)\n\tat org.openqa.selenium.remote.RemoteWebDriver.execute(RemoteWebDriver.java:545)\n\tat org.openqa.selenium.remote.ElementLocation$ElementFinder$2.findElement(ElementLocation.java:165)\n\tat org.openqa.selenium.remote.ElementLocation.findElement(ElementLocation.java:59)\n\tat org.openqa.selenium.remote.RemoteWebDriver.findElement(RemoteWebDriver.java:368)\n\tat org.openqa.selenium.remote.RemoteWebDriver.findElement(RemoteWebDriver.java:362)\n\tat com.codeborne.selenide.impl.WebElementSelector.findElement(WebElementSelector.java:73)\n\tat com.codeborne.selenide.impl.WebElementSelector.findElement(WebElementSelector.java:46)\n\tat com.codeborne.selenide.impl.WebElementSelector.findElement(WebElementSelector.java:35)\n\tat com.codeborne.selenide.impl.ElementFinder.getWebElement(ElementFinder.java:122)\n\tat com.codeborne.selenide.impl.WebElementSource.checkConditionAndReturnElement(WebElementSource.java:115)\n\t... 32 more\n","flaky":false,"newFailed":false,"newBroken":false,"newPassed":false,"retriesCount":0,"retriesStatusChange":false,"beforeStages":[{"name":"generateBaseTestData","time":{"start":1758140746488,"stop":1758140746526,"duration":38},"description":"","status":"passed","steps":[],"attachments":[],"parameters":[],"shouldDisplayMessage":false,"stepsCount":0,"attachmentsCount":0,"hasContent":false,"attachmentStep":false}],"testStage":{"status":"skipped","statusMessage":"Failed to create new instance of class com.teamcity.ui.pages.ProjectsPage","statusTrace":"com.codeborne.selenide.ex.PageObjectException: Failed to create new instance of class com.teamcity.ui.pages.ProjectsPage\n\tat com.codeborne.selenide.impl.SelenidePageFactory.page(SelenidePageFactory.java:53)\n\tat com.codeborne.selenide.SelenideDriver.page(SelenideDriver.java:148)\n\tat com.codeborne.selenide.Selenide.page(Selenide.java:746)\n\tat com.teamcity.ui.pages.LoginPage.login(LoginPage.java:39)\n\tat com.teamcity.ui.listeners.UserSessionListener.performLogin(UserSessionListener.java:73)\n\tat com.teamcity.ui.listeners.UserSessionListener.beforeInvocation(UserSessionListener.java:45)\n\tat org.testng.internal.invokers.InvokedMethodListenerInvoker.invokeListener(InvokedMethodListenerInvoker.java:55)\n\tat org.testng.internal.invokers.BaseInvoker.runInvokedMethodListeners(BaseInvoker.java:82)\n\tat org.testng.internal.invokers.TestInvoker.invokeMethod(TestInvoker.java:651)\n\tat org.testng.internal.invokers.TestInvoker.invokeTestMethod(TestInvoker.java:230)\n\tat org.testng.internal.invokers.MethodRunner.runInSequence(MethodRunner.java:63)\n\tat org.testng.internal.invokers.TestInvoker$MethodInvocationAgent.invoke(TestInvoker.java:992)\n\tat org.testng.internal.invokers.TestInvoker.invokeTestMethods(TestInvoker.java:203)\n\tat org.testng.internal.invokers.TestMethodWorker.invokeTestMethods(TestMethodWorker.java:154)\n\tat org.testng.internal.invokers.TestMethodWorker.run(TestMethodWorker.java:134)\n\tat java.base/java.util.concurrent.Executors$RunnableAdapter.call(Executors.java:572)\n\tat java.base/java.util.concurrent.FutureTask.run(FutureTask.java:317)\n\tat org.testng.internal.thread.graph.TestNGFutureTask.run(TestNGFutureTask.java:22)\n\tat java.base/java.util.concurrent.ThreadPoolExecutor.runWorker(ThreadPoolExecutor.java:1144)\n\tat java.base/java.util.concurrent.ThreadPoolExecutor$Worker.run(ThreadPoolExecutor.java:642)\n\tat java.base/java.lang.Thread.run(Thread.java:1583)\nCaused by: java.lang.reflect.InvocationTargetException\n\tat java.base/jdk.internal.reflect.DirectConstructorHandleAccessor.newInstance(DirectConstructorHandleAccessor.java:74)\n\tat java.base/java.lang.reflect.Constructor.newInstanceWithCaller(Constructor.java:502)\n\tat java.base/java.lang.reflect.Constructor.newInstance(Constructor.java:486)\n\tat com.codeborne.selenide.impl.SelenidePageFactory.page(SelenidePageFactory.java:50)\n\t... 20 more\nCaused by: Element not found {.MainPanel__router--gF > div}\nExpected: visible\nScreenshot: file:/home/runner/work/w1/w1/target/reports/tests/1758140793620.1.png\nPage source: file:/home/runner/work/w1/w1/target/reports/tests/1758140793620.1.html\nTimeout: 30 s.\nCaused by: NoSuchElementException: Unable to locate element: .MainPanel__router--gF > div\n\tat com.codeborne.selenide.impl.WebElementSource.createElementNotFoundError(WebElementSource.java:90)\n\tat com.codeborne.selenide.impl.ElementFinder.createElementNotFoundError(ElementFinder.java:142)\n\tat com.codeborne.selenide.impl.WebElementSource.handleError(WebElementSource.java:142)\n\tat com.codeborne.selenide.impl.WebElementSource.checkConditionAndReturnElement(WebElementSource.java:126)\n\tat com.codeborne.selenide.impl.WebElementSource.checkCondition(WebElementSource.java:103)\n\tat com.codeborne.selenide.commands.Should.execute(Should.java:30)\n\tat com.codeborne.selenide.commands.Should.execute(Should.java:14)\n\tat com.codeborne.selenide.commands.Commands.execute(Commands.java:162)\n\tat com.codeborne.selenide.impl.SelenideElementProxy.dispatchAndRetry(SelenideElementProxy.java:134)\n\tat com.codeborne.selenide.impl.SelenideElementProxy.invoke(SelenideElementProxy.java:86)\n\tat jdk.proxy2/jdk.proxy2.$Proxy42.shouldBe(Unknown Source)\n\tat com.teamcity.ui.pages.ProjectsPage.<init>(ProjectsPage.java:39)\n\tat java.base/jdk.internal.reflect.DirectConstructorHandleAccessor.newInstance(DirectConstructorHandleAccessor.java:62)\n\t... 23 more\nCaused by: org.openqa.selenium.NoSuchElementException: Unable to locate element: .MainPanel__router--gF > div\nFor documentation on this error, please visit: https://www.selenium.dev/documentation/webdriver/troubleshooting/errors#no-such-element-exception\nBuild info: version: '4.24.0', revision: '748ffc9bc3'\nSystem info: os.name: 'Linux', os.arch: 'amd64', os.version: '6.11.0-1018-azure', java.version: '21.0.8'\nDriver info: org.openqa.selenium.remote.RemoteWebDriver\nCommand: [3f65ca50-4209-4ad3-9759-c0a3df316bfd, findElement {value=.MainPanel__router--gF > div, using=css selector}]\nCapabilities {acceptInsecureCerts: true, browserName: firefox, browserVersion: 125.0.2, moz:accessibilityChecks: false, moz:buildID: 20240419144423, moz:debuggerAddress: 127.0.0.1:9222, moz:geckodriverVersion: 0.34.0, moz:headless: false, moz:platformVersion: 6.11.0-1018-azure, moz:processID: 79, moz:profile: /tmp/rust_mozprofileIODYFi, moz:shutdownTimeout: 60000, moz:webdriverClick: true, moz:windowless: false, pageLoadStrategy: normal, platformName: linux, proxy: Proxy(), se:cdp: ws://localhost:4444/devtool..., se:cdpVersion: 125.0.2, setWindowRect: true, strictFileInteractability: false, timeouts: {implicit: 0, pageLoad: 300000, script: 30000}, unhandledPromptBehavior: accept, userAgent: Mozilla/5.0 (X11; Ubuntu; L...}\nSession ID: 3f65ca50-4209-4ad3-9759-c0a3df316bfd\n\tat java.base/jdk.internal.reflect.DirectConstructorHandleAccessor.newInstance(DirectConstructorHandleAccessor.java:62)\n\tat java.base/java.lang.reflect.Constructor.newInstanceWithCaller(Constructor.java:502)\n\tat java.base/java.lang.reflect.Constructor.newInstance(Constructor.java:486)\n\tat org.openqa.selenium.remote.ErrorCodec.decode(ErrorCodec.java:167)\n\tat org.openqa.selenium.remote.codec.w3c.W3CHttpResponseCodec.decode(W3CHttpResponseCodec.java:138)\n\tat org.openqa.selenium.remote.codec.w3c.W3CHttpResponseCodec.decode(W3CHttpResponseCodec.java:50)\n\tat org.openqa.selenium.remote.HttpCommandExecutor.execute(HttpCommandExecutor.java:190)\n\tat org.openqa.selenium.remote.RemoteWebDriver.execute(RemoteWebDriver.java:545)\n\tat org.openqa.selenium.remote.ElementLocation$ElementFinder$2.findElement(ElementLocation.java:165)\n\tat org.openqa.selenium.remote.ElementLocation.findElement(ElementLocation.java:59)\n\tat org.openqa.selenium.remote.RemoteWebDriver.findElement(RemoteWebDriver.java:368)\n\tat org.openqa.selenium.remote.RemoteWebDriver.findElement(RemoteWebDriver.java:362)\n\tat com.codeborne.selenide.impl.WebElementSelector.findElement(WebElementSelector.java:73)\n\tat com.codeborne.selenide.impl.WebElementSelector.findElement(WebElementSelector.java:46)\n\tat com.codeborne.selenide.impl.WebElementSelector.findElement(WebElementSelector.java:35)\n\tat com.codeborne.selenide.impl.ElementFinder.getWebElement(ElementFinder.java:122)\n\tat com.codeborne.selenide.impl.WebElementSource.checkConditionAndReturnElement(WebElementSource.java:115)\n\t... 32 more\n","steps":[{"name":"Creating new user: test_aXsdGpnDpF","time":{"start":1758140746785,"stop":1758140750498,"duration":3713},"status":"passed","steps":[{"name":"Create User(id=null, username=test_aXsdGpnDpF, email=test_ZUmlojHvkV, password=test_SCiHcfIiri, roles=Roles(role=[Role(roleId=SYSTEM_ADMIN, scope=g)]))","time":{"start":1758140746789,"stop":1758140750365,"duration":3576},"status":"passed","steps":[],"attachments":[{"uid":"5c441970eae7db59","name":"Request","source":"5c441970eae7db59.html","type":"text/html","size":1443},{"uid":"b60dbeaa3e800232","name":"HTTP/1.1 200 ","source":"b60dbeaa3e800232.html","type":"text/html","size":2140}],"parameters":[{"name":"model","value":"User(id=null, username=test_aXsdGpnDpF, email=test_ZUmlojHvkV, password=test_SCiHcfIiri, roles=Roles(role=[Role(roleId=SYSTEM_ADMIN, scope=g)]))"}],"shouldDisplayMessage":false,"stepsCount":0,"attachmentsCount":2,"hasContent":true,"attachmentStep":false}],"attachments":[],"parameters":[{"name":"user","value":"User(id=null, username=test_aXsdGpnDpF, email=test_ZUmlojHvkV, password=test_SCiHcfIiri, roles=Roles(role=[Role(roleId=SYSTEM_ADMIN, scope=g)]))"}],"shouldDisplayMessage":false,"stepsCount":1,"attachmentsCount":2,"hasContent":true,"attachmentStep":false},{"name":"Open login page","time":{"start":1758140750498,"stop":1758140761170,"duration":10672},"status":"passed","steps":[],"attachments":[],"parameters":[],"shouldDisplayMessage":false,"stepsCount":0,"attachmentsCount":0,"hasContent":false,"attachmentStep":false},{"name":"Login as test_aXsdGpnDpF","time":{"start":1758140761170,"stop":1758140794367,"duration":33197},"status":"broken","statusMessage":"Failed to create new instance of class com.teamcity.ui.pages.ProjectsPage","statusTrace":"com.codeborne.selenide.ex.PageObjectException: Failed to create new instance of class com.teamcity.ui.pages.ProjectsPage\n\tat com.codeborne.selenide.impl.SelenidePageFactory.page(SelenidePageFactory.java:53)\n\tat com.codeborne.selenide.SelenideDriver.page(SelenideDriver.java:148)\n\tat com.codeborne.selenide.Selenide.page(Selenide.java:746)\n\tat com.teamcity.ui.pages.LoginPage.login(LoginPage.java:39)\n\tat com.teamcity.ui.listeners.UserSessionListener.performLogin(UserSessionListener.java:73)\n\tat com.teamcity.ui.listeners.UserSessionListener.beforeInvocation(UserSessionListener.java:45)\n\tat org.testng.internal.invokers.InvokedMethodListenerInvoker.invokeListener(InvokedMethodListenerInvoker.java:55)\n\tat org.testng.internal.invokers.BaseInvoker.runInvokedMethodListeners(BaseInvoker.java:82)\n\tat org.testng.internal.invokers.TestInvoker.invokeMethod(TestInvoker.java:651)\n\tat org.testng.internal.invokers.TestInvoker.invokeTestMethod(TestInvoker.java:230)\n\tat org.testng.internal.invokers.MethodRunner.runInSequence(MethodRunner.java:63)\n\tat org.testng.internal.invokers.TestInvoker$MethodInvocationAgent.invoke(TestInvoker.java:992)\n\tat org.testng.internal.invokers.TestInvoker.invokeTestMethods(TestInvoker.java:203)\n\tat org.testng.internal.invokers.TestMethodWorker.invokeTestMethods(TestMethodWorker.java:154)\n\tat org.testng.internal.invokers.TestMethodWorker.run(TestMethodWorker.java:134)\n\tat java.base/java.util.concurrent.Executors$RunnableAdapter.call(Executors.java:572)\n\tat java.base/java.util.concurrent.FutureTask.run(FutureTask.java:317)\n\tat org.testng.internal.thread.graph.TestNGFutureTask.run(TestNGFutureTask.java:22)\n\tat java.base/java.util.concurrent.ThreadPoolExecutor.runWorker(ThreadPoolExecutor.java:1144)\n\tat java.base/java.util.concurrent.ThreadPoolExecutor$Worker.run(ThreadPoolExecutor.java:642)\n\tat java.base/java.lang.Thread.run(Thread.java:1583)\nCaused by: java.lang.reflect.InvocationTargetException\n\tat java.base/jdk.internal.reflect.DirectConstructorHandleAccessor.newInstance(DirectConstructorHandleAccessor.java:74)\n\tat java.base/java.lang.reflect.Constructor.newInstanceWithCaller(Constructor.java:502)\n\tat java.base/java.lang.reflect.Constructor.newInstance(Constructor.java:486)\n\tat com.codeborne.selenide.impl.SelenidePageFactory.page(SelenidePageFactory.java:50)\n\t... 20 more\nCaused by: Element not found {.MainPanel__router--gF > div}\nExpected: visible\nScreenshot: file:/home/runner/work/w1/w1/target/reports/tests/1758140793620.1.png\nPage source: file:/home/runner/work/w1/w1/target/reports/tests/1758140793620.1.html\nTimeout: 30 s.\nCaused by: NoSuchElementException: Unable to locate element: .MainPanel__router--gF > div\n\tat com.codeborne.selenide.impl.WebElementSource.createElementNotFoundError(WebElementSource.java:90)\n\tat com.codeborne.selenide.impl.ElementFinder.createElementNotFoundError(ElementFinder.java:142)\n\tat com.codeborne.selenide.impl.WebElementSource.handleError(WebElementSource.java:142)\n\tat com.codeborne.selenide.impl.WebElementSource.checkConditionAndReturnElement(WebElementSource.java:126)\n\tat com.codeborne.selenide.impl.WebElementSource.checkCondition(WebElementSource.java:103)\n\tat com.codeborne.selenide.commands.Should.execute(Should.java:30)\n\tat com.codeborne.selenide.commands.Should.execute(Should.java:14)\n\tat com.codeborne.selenide.commands.Commands.execute(Commands.java:162)\n\tat com.codeborne.selenide.impl.SelenideElementProxy.dispatchAndRetry(SelenideElementProxy.java:134)\n\tat com.codeborne.selenide.impl.SelenideElementProxy.invoke(SelenideElementProxy.java:86)\n\tat jdk.proxy2/jdk.proxy2.$Proxy42.shouldBe(Unknown Source)\n\tat com.teamcity.ui.pages.ProjectsPage.<init>(ProjectsPage.java:39)\n\tat java.base/jdk.internal.reflect.DirectConstructorHandleAccessor.newInstance(DirectConstructorHandleAccessor.java:62)\n\t... 23 more\nCaused by: org.openqa.selenium.NoSuchElementException: Unable to locate element: .MainPanel__router--gF > div\nFor documentation on this error, please visit: https://www.selenium.dev/documentation/webdriver/troubleshooting/errors#no-such-element-exception\nBuild info: version: '4.24.0', revision: '748ffc9bc3'\nSystem info: os.name: 'Linux', os.arch: 'amd64', os.version: '6.11.0-1018-azure', java.version: '21.0.8'\nDriver info: org.openqa.selenium.remote.RemoteWebDriver\nCommand: [3f65ca50-4209-4ad3-9759-c0a3df316bfd, findElement {value=.MainPanel__router--gF > div, using=css selector}]\nCapabilities {acceptInsecureCerts: true, browserName: firefox, browserVersion: 125.0.2, moz:accessibilityChecks: false, moz:buildID: 20240419144423, moz:debuggerAddress: 127.0.0.1:9222, moz:geckodriverVersion: 0.34.0, moz:headless: false, moz:platformVersion: 6.11.0-1018-azure, moz:processID: 79, moz:profile: /tmp/rust_mozprofileIODYFi, moz:shutdownTimeout: 60000, moz:webdriverClick: true, moz:windowless: false, pageLoadStrategy: normal, platformName: linux, proxy: Proxy(), se:cdp: ws://localhost:4444/devtool..., se:cdpVersion: 125.0.2, setWindowRect: true, strictFileInteractability: false, timeouts: {implicit: 0, pageLoad: 300000, script: 30000}, unhandledPromptBehavior: accept, userAgent: Mozilla/5.0 (X11; Ubuntu; L...}\nSession ID: 3f65ca50-4209-4ad3-9759-c0a3df316bfd\n\tat java.base/jdk.internal.reflect.DirectConstructorHandleAccessor.newInstance(DirectConstructorHandleAccessor.java:62)\n\tat java.base/java.lang.reflect.Constructor.newInstanceWithCaller(Constructor.java:502)\n\tat java.base/java.lang.reflect.Constructor.newInstance(Constructor.java:486)\n\tat org.openqa.selenium.remote.ErrorCodec.decode(ErrorCodec.java:167)\n\tat org.openqa.selenium.remote.codec.w3c.W3CHttpResponseCodec.decode(W3CHttpResponseCodec.java:138)\n\tat org.openqa.selenium.remote.codec.w3c.W3CHttpResponseCodec.decode(W3CHttpResponseCodec.java:50)\n\tat org.openqa.selenium.remote.HttpCommandExecutor.execute(HttpCommandExecutor.java:190)\n\tat org.openqa.selenium.remote.RemoteWebDriver.execute(RemoteWebDriver.java:545)\n\tat org.openqa.selenium.remote.ElementLocation$ElementFinder$2.findElement(ElementLocation.java:165)\n\tat org.openqa.selenium.remote.ElementLocation.findElement(ElementLocation.java:59)\n\tat org.openqa.selenium.remote.RemoteWebDriver.findElement(RemoteWebDriver.java:368)\n\tat org.openqa.selenium.remote.RemoteWebDriver.findElement(RemoteWebDriver.java:362)\n\tat com.codeborne.selenide.impl.WebElementSelector.findElement(WebElementSelector.java:73)\n\tat com.codeborne.selenide.impl.WebElementSelector.findElement(WebElementSelector.java:46)\n\tat com.codeborne.selenide.impl.WebElementSelector.findElement(WebElementSelector.java:35)\n\tat com.codeborne.selenide.impl.ElementFinder.getWebElement(ElementFinder.java:122)\n\tat com.codeborne.selenide.impl.WebElementSource.checkConditionAndReturnElement(WebElementSource.java:115)\n\t... 32 more\n","steps":[],"attachments":[],"parameters":[{"name":"user","value":"User(id=null, username=test_aXsdGpnDpF, email=test_ZUmlojHvkV, password=test_SCiHcfIiri, roles=Roles(role=[Role(roleId=SYSTEM_ADMIN, scope=g)]))"}],"shouldDisplayMessage":true,"stepsCount":0,"attachmentsCount":0,"hasContent":true,"attachmentStep":false}],"attachments":[],"parameters":[],"shouldDisplayMessage":false,"stepsCount":4,"attachmentsCount":2,"hasContent":true,"attachmentStep":false},"afterStages":[{"name":"closeWebDriver","time":{"start":1758140794385,"stop":1758140796077,"duration":1692},"description":"","status":"passed","steps":[],"attachments":[],"parameters":[],"shouldDisplayMessage":false,"stepsCount":0,"attachmentsCount":0,"hasContent":false,"attachmentStep":false},{"name":"deleteCreatedEntities","time":{"start":1758140796089,"stop":1758140796330,"duration":241},"description":"","status":"passed","steps":[{"name":"Delete 3","time":{"start":1758140796090,"stop":1758140796330,"duration":240},"status":"passed","steps":[],"attachments":[{"uid":"a3ff945ce4849acc","name":"Request","source":"a3ff945ce4849acc.html","type":"text/html","size":564},{"uid":"d0160d24c1566cc","name":"HTTP/1.1 204 ","source":"d0160d24c1566cc.html","type":"text/html","size":478}],"parameters":[{"name":"id","value":"3"}],"shouldDisplayMessage":false,"stepsCount":0,"attachmentsCount":2,"hasContent":true,"attachmentStep":false}],"attachments":[],"parameters":[],"shouldDisplayMessage":false,"stepsCount":1,"attachmentsCount":2,"hasContent":true,"attachmentStep":false}],"labels":[{"name":"package","value":"com.teamcity.ui.CreateBuildTypeTest"},{"name":"testClass","value":"com.teamcity.ui.CreateBuildTypeTest"},{"name":"testMethod","value":"userCreatesBuildTypeTest"},{"name":"parentSuite","value":"UI tests"},{"name":"suite","value":"UI tests"},{"name":"subSuite","value":"com.teamcity.ui.CreateBuildTypeTest"},{"name":"host","value":"runnervmf4ws1"},{"name":"thread","value":"5373@runnervmf4ws1.TestNG-test-UI tests-3(31)"},{"name":"framework","value":"testng"},{"name":"language","value":"java"},{"name":"feature","value":"Build type"},{"name":"resultFormat","value":"allure2"}],"parameters":[{"name":"arg0","value":"firefox"}],"links":[],"hidden":true,"retry":true,"extra":{"categories":[],"tags":[]},"source":"e59a9b7fba613d05.json","parameterValues":["firefox"]}