{"uid":"43bbefd9426a52bb","name":"User should not be able to create project without name","fullName":"com.teamcity.ui.CreateProjectTest.userCreatesProjectWithoutName","historyId":"6b1c513f4ab4e53278e3ea68410e5d62","time":{"start":1758232225311,"stop":1758232266140,"duration":40829},"status":"skipped","statusMessage":"Test can be run on chrome browser(s) only, but configured browser is: firefox. Skipping test: userCreatesProjectWithoutName","statusTrace":"org.testng.SkipException: Test can be run on chrome browser(s) only, but configured browser is: firefox. Skipping test: userCreatesProjectWithoutName\n\tat com.teamcity.ui.listeners.BrowserTestListener.beforeInvocation(BrowserTestListener.java:46)\n\tat org.testng.internal.invokers.InvokedMethodListenerInvoker.invokeListener(InvokedMethodListenerInvoker.java:55)\n\tat org.testng.internal.invokers.BaseInvoker.runInvokedMethodListeners(BaseInvoker.java:82)\n\tat org.testng.internal.invokers.TestInvoker.invokeMethod(TestInvoker.java:651)\n\tat org.testng.internal.invokers.TestInvoker.invokeTestMethod(TestInvoker.java:230)\n\tat org.testng.internal.invokers.MethodRunner.runInSequence(MethodRunner.java:63)\n\tat org.testng.internal.invokers.TestInvoker$MethodInvocationAgent.invoke(TestInvoker.java:992)\n\tat org.testng.internal.invokers.TestInvoker.invokeTestMethods(TestInvoker.java:203)\n\tat org.testng.internal.invokers.TestMethodWorker.invokeTestMethods(TestMethodWorker.java:154)\n\tat org.testng.internal.invokers.TestMethodWorker.run(TestMethodWorker.java:134)\n\tat java.base/java.util.concurrent.Executors$RunnableAdapter.call(Executors.java:572)\n\tat java.base/java.util.concurrent.FutureTask.run(FutureTask.java:317)\n\tat org.testng.internal.thread.graph.TestNGFutureTask.run(TestNGFutureTask.java:22)\n\tat java.base/java.util.concurrent.ThreadPoolExecutor.runWorker(ThreadPoolExecutor.java:1144)\n\tat java.base/java.util.concurrent.ThreadPoolExecutor$Worker.run(ThreadPoolExecutor.java:642)\n\tat java.base/java.lang.Thread.run(Thread.java:1583)\n","flaky":false,"newFailed":false,"newBroken":false,"newPassed":false,"retriesCount":0,"retriesStatusChange":false,"beforeStages":[{"name":"generateBaseTestData","time":{"start":1758232225094,"stop":1758232225139,"duration":45},"description":"","status":"passed","steps":[],"attachments":[],"parameters":[],"shouldDisplayMessage":false,"stepsCount":0,"attachmentsCount":0,"hasContent":false,"attachmentStep":false}],"testStage":{"status":"skipped","statusMessage":"Test can be run on chrome browser(s) only, but configured browser is: firefox. Skipping test: userCreatesProjectWithoutName","statusTrace":"org.testng.SkipException: Test can be run on chrome browser(s) only, but configured browser is: firefox. Skipping test: userCreatesProjectWithoutName\n\tat com.teamcity.ui.listeners.BrowserTestListener.beforeInvocation(BrowserTestListener.java:46)\n\tat org.testng.internal.invokers.InvokedMethodListenerInvoker.invokeListener(InvokedMethodListenerInvoker.java:55)\n\tat org.testng.internal.invokers.BaseInvoker.runInvokedMethodListeners(BaseInvoker.java:82)\n\tat org.testng.internal.invokers.TestInvoker.invokeMethod(TestInvoker.java:651)\n\tat org.testng.internal.invokers.TestInvoker.invokeTestMethod(TestInvoker.java:230)\n\tat org.testng.internal.invokers.MethodRunner.runInSequence(MethodRunner.java:63)\n\tat org.testng.internal.invokers.TestInvoker$MethodInvocationAgent.invoke(TestInvoker.java:992)\n\tat org.testng.internal.invokers.TestInvoker.invokeTestMethods(TestInvoker.java:203)\n\tat org.testng.internal.invokers.TestMethodWorker.invokeTestMethods(TestMethodWorker.java:154)\n\tat org.testng.internal.invokers.TestMethodWorker.run(TestMethodWorker.java:134)\n\tat java.base/java.util.concurrent.Executors$RunnableAdapter.call(Executors.java:572)\n\tat java.base/java.util.concurrent.FutureTask.run(FutureTask.java:317)\n\tat org.testng.internal.thread.graph.TestNGFutureTask.run(TestNGFutureTask.java:22)\n\tat java.base/java.util.concurrent.ThreadPoolExecutor.runWorker(ThreadPoolExecutor.java:1144)\n\tat java.base/java.util.concurrent.ThreadPoolExecutor$Worker.run(ThreadPoolExecutor.java:642)\n\tat java.base/java.lang.Thread.run(Thread.java:1583)\n","steps":[{"name":"Creating new user: test_IRQLxlAdQp","time":{"start":1758232225349,"stop":1758232229126,"duration":3777},"status":"passed","steps":[{"name":"Create User(id=null, username=test_IRQLxlAdQp, email=test_kxlUXwwcni, password=test_ptBVinKVAj, roles=Roles(role=[Role(roleId=SYSTEM_ADMIN, scope=g)]))","time":{"start":1758232225352,"stop":1758232229023,"duration":3671},"status":"passed","steps":[],"attachments":[{"uid":"64d70da6f8e4ba88","name":"Request","source":"64d70da6f8e4ba88.html","type":"text/html","size":1443},{"uid":"3eac964de4390f2b","name":"HTTP/1.1 200 ","source":"3eac964de4390f2b.html","type":"text/html","size":2140}],"parameters":[{"name":"model","value":"User(id=null, username=test_IRQLxlAdQp, email=test_kxlUXwwcni, password=test_ptBVinKVAj, roles=Roles(role=[Role(roleId=SYSTEM_ADMIN, scope=g)]))"}],"shouldDisplayMessage":false,"stepsCount":0,"attachmentsCount":2,"hasContent":true,"attachmentStep":false}],"attachments":[],"parameters":[{"name":"user","value":"User(id=null, username=test_IRQLxlAdQp, email=test_kxlUXwwcni, password=test_ptBVinKVAj, roles=Roles(role=[Role(roleId=SYSTEM_ADMIN, scope=g)]))"}],"shouldDisplayMessage":false,"stepsCount":1,"attachmentsCount":2,"hasContent":true,"attachmentStep":false},{"name":"Open login page","time":{"start":1758232229126,"stop":1758232237876,"duration":8750},"status":"passed","steps":[],"attachments":[],"parameters":[],"shouldDisplayMessage":false,"stepsCount":0,"attachmentsCount":0,"hasContent":false,"attachmentStep":false},{"name":"Login as test_IRQLxlAdQp","time":{"start":1758232237876,"stop":1758232265576,"duration":27700},"status":"passed","steps":[],"attachments":[],"parameters":[{"name":"user","value":"User(id=null, username=test_IRQLxlAdQp, email=test_kxlUXwwcni, password=test_ptBVinKVAj, roles=Roles(role=[Role(roleId=SYSTEM_ADMIN, scope=g)]))"}],"shouldDisplayMessage":false,"stepsCount":0,"attachmentsCount":0,"hasContent":true,"attachmentStep":false}],"attachments":[],"parameters":[],"shouldDisplayMessage":true,"stepsCount":4,"attachmentsCount":2,"hasContent":true,"attachmentStep":false},"afterStages":[{"name":"closeWebDriver","time":{"start":1758232266199,"stop":1758232267365,"duration":1166},"description":"","status":"passed","steps":[],"attachments":[],"parameters":[],"shouldDisplayMessage":false,"stepsCount":0,"attachmentsCount":0,"hasContent":false,"attachmentStep":false},{"name":"deleteCreatedEntities","time":{"start":1758232267369,"stop":1758232267707,"duration":338},"description":"","status":"passed","steps":[{"name":"Delete 3","time":{"start":1758232267376,"stop":1758232267707,"duration":331},"status":"passed","steps":[],"attachments":[{"uid":"92db95228a321b86","name":"Request","source":"92db95228a321b86.html","type":"text/html","size":564},{"uid":"d402a51bb844677d","name":"HTTP/1.1 204 ","source":"d402a51bb844677d.html","type":"text/html","size":478}],"parameters":[{"name":"id","value":"3"}],"shouldDisplayMessage":false,"stepsCount":0,"attachmentsCount":2,"hasContent":true,"attachmentStep":false}],"attachments":[],"parameters":[],"shouldDisplayMessage":false,"stepsCount":1,"attachmentsCount":2,"hasContent":true,"attachmentStep":false}],"labels":[{"name":"package","value":"com.teamcity.ui.CreateProjectTest"},{"name":"testClass","value":"com.teamcity.ui.CreateProjectTest"},{"name":"testMethod","value":"userCreatesProjectWithoutName"},{"name":"parentSuite","value":"UI tests"},{"name":"suite","value":"UI tests"},{"name":"subSuite","value":"com.teamcity.ui.CreateProjectTest"},{"name":"host","value":"runnervmf4ws1"},{"name":"thread","value":"5732@runnervmf4ws1.TestNG-test-UI tests-2(30)"},{"name":"framework","value":"testng"},{"name":"language","value":"java"},{"name":"feature","value":"Project"},{"name":"resultFormat","value":"allure2"}],"parameters":[{"name":"arg0","value":"firefox"}],"links":[],"hidden":false,"retry":false,"extra":{"severity":"normal","retries":[],"categories":[],"history":{"statistic":{"failed":5,"broken":1,"skipped":15,"passed":20,"unknown":0,"total":41},"items":[{"uid":"4e81283e92829d6e","status":"skipped","statusDetails":"Test can be run on chrome browser(s) only, but configured browser is: firefox. Skipping test: userCreatesProjectWithoutName","time":{"start":1758231194902,"stop":1758231239100,"duration":44198}},{"uid":"6a3d99b0bb8b6715","status":"skipped","statusDetails":"Test can be run on chrome browser(s) only, but configured browser is: firefox. Skipping test: userCreatesProjectWithoutName","time":{"start":1758230314540,"stop":1758230355539,"duration":40999}},{"uid":"eb0c186a01887ab8","status":"skipped","statusDetails":"Test can be run on chrome browser(s) only, but configured browser is: firefox. Skipping test: userCreatesProjectWithoutName","time":{"start":1758229294795,"stop":1758229334395,"duration":39600}},{"uid":"a2f3aeddd190927b","status":"skipped","statusDetails":"Test can be run on chrome browser(s) only, but configured browser is: firefox. Skipping test: userCreatesProjectWithoutName","time":{"start":1758228056694,"stop":1758228102256,"duration":45562}},{"uid":"d75dc21438ebd311","status":"skipped","statusDetails":"Test can be run on chrome browser(s) only, but configured browser is: firefox. Skipping test: userCreatesProjectWithoutName","time":{"start":1758228006307,"stop":1758228045598,"duration":39291}},{"uid":"444034bdf9afb16e","status":"skipped","statusDetails":"Test can be run on chrome browser(s) only, but configured browser is: firefox. Skipping test: userCreatesProjectWithoutName","time":{"start":1758224654326,"stop":1758224695698,"duration":41372}},{"uid":"86532a4caf17dd27","status":"skipped","statusDetails":"Test can be run on chrome browser(s) only, but configured browser is: firefox. Skipping test: userCreatesProjectWithoutName","time":{"start":1758223291178,"stop":1758223330718,"duration":39540}},{"uid":"22cf53198374faf1","status":"skipped","statusDetails":"Test can be run on chrome browser(s) only, but configured browser is: firefox. Skipping test: userCreatesProjectWithoutName","time":{"start":1758223117659,"stop":1758223160717,"duration":43058}},{"uid":"f52982e46dc737b9","status":"skipped","statusDetails":"Test can be run on chrome browser(s) only, but configured browser is: firefox. Skipping test: userCreatesProjectWithoutName","time":{"start":1758222177658,"stop":1758222220459,"duration":42801}},{"uid":"f3c3e7b5c71d4586","status":"skipped","statusDetails":"Test can be run on chrome browser(s) only, but configured browser is: firefox. Skipping test: userCreatesProjectWithoutName","time":{"start":1758220923551,"stop":1758220968462,"duration":44911}},{"uid":"f3416b3c1da94ed6","status":"skipped","statusDetails":"Test can be run on chrome browser(s) only, but configured browser is: firefox. Skipping test: userCreatesProjectWithoutName","time":{"start":1758213996780,"stop":1758213996826,"duration":46}},{"uid":"bfb498ec8b6f0fdd","status":"skipped","statusDetails":"Test can be run on chrome browser(s) only, but configured browser is: firefox. Skipping test: userCreatesProjectWithoutName","time":{"start":1758212631188,"stop":1758212631273,"duration":85}},{"uid":"b1d1e40827ac1a6a","status":"skipped","statusDetails":"Test can be run on chrome browser(s) only, but configured browser is: firefox. Skipping test: userCreatesProjectWithoutName","time":{"start":1758212631188,"stop":1758212631273,"duration":85}},{"uid":"b771d56191ed6488","status":"skipped","statusDetails":"Test can be run on chrome browser only, but configured browser is: firefox","time":{"start":1758206365078,"stop":1758206365142,"duration":64}},{"uid":"f841f2602bc57fe5","status":"passed","time":{"start":1758205767557,"stop":1758205835623,"duration":68066}},{"uid":"a5b6bebe42b17fb8","status":"failed","statusDetails":"Element not found {.saveButtonsBlock > .submitButton}\nExpected: visible\nScreenshot: file:/home/runner/work/w1/w1/target/reports/tests/1758147871746.4.png\nPage source: file:/home/runner/work/w1/w1/target/reports/tests/1758147871746.4.html\nTimeout: 30 s.\nCaused by: NoSuchElementException: Unable to locate element: .saveButtonsBlock > .submitButton","time":{"start":1758147834843,"stop":1758147871950,"duration":37107}},{"uid":"5bfc6e804adb6724","status":"failed","statusDetails":"Element not found {.saveButtonsBlock > .submitButton}\nExpected: visible\nScreenshot: file:/home/runner/work/w1/w1/target/reports/tests/1758144831535.4.png\nPage source: file:/home/runner/work/w1/w1/target/reports/tests/1758144831535.4.html\nTimeout: 30 s.\nCaused by: NoSuchElementException: Unable to locate element: .saveButtonsBlock > .submitButton","time":{"start":1758144794353,"stop":1758144831629,"duration":37276}},{"uid":"553f5694fc35d74d","status":"failed","statusDetails":"Element not found {.saveButtonsBlock > .submitButton}\nExpected: visible\nScreenshot: file:/home/runner/work/w1/w1/target/reports/tests/1758144831535.4.png\nPage source: file:/home/runner/work/w1/w1/target/reports/tests/1758144831535.4.html\nTimeout: 30 s.\nCaused by: NoSuchElementException: Unable to locate element: .saveButtonsBlock > .submitButton","time":{"start":1758144794353,"stop":1758144831629,"duration":37276}},{"uid":"ff51f384281dd9e1","status":"failed","statusDetails":"Element not found {.saveButtonsBlock > .submitButton}\nExpected: visible\nScreenshot: file:/home/runner/work/w1/w1/target/reports/tests/1758144793590.3.png\nPage source: file:/home/runner/work/w1/w1/target/reports/tests/1758144793590.3.html\nTimeout: 30 s.\nCaused by: NoSuchElementException: Unable to locate element: .saveButtonsBlock > .submitButton","time":{"start":1758144756561,"stop":1758144793695,"duration":37134}},{"uid":"5d1fa8e4be95b043","status":"failed","statusDetails":"Element not found {.saveButtonsBlock > .submitButton}\nExpected: visible\nScreenshot: file:/home/runner/work/w1/w1/target/reports/tests/1758144757763.3.png\nPage source: file:/home/runner/work/w1/w1/target/reports/tests/1758144757763.3.html\nTimeout: 30 s.\nCaused by: NoSuchElementException: Unable to locate element: .saveButtonsBlock > .submitButton","time":{"start":1758144720346,"stop":1758144757854,"duration":37508}}]},"tags":[]},"source":"43bbefd9426a52bb.json","parameterValues":["firefox"]}